ARM GAS  C:\Users\Lenovo\AppData\Local\Temp\ccDQBaTw.s 			page 1


   1              		.cpu cortex-m3
   2              		.arch armv7-m
   3              		.fpu softvfp
   4              		.eabi_attribute 20, 1
   5              		.eabi_attribute 21, 1
   6              		.eabi_attribute 23, 3
   7              		.eabi_attribute 24, 1
   8              		.eabi_attribute 25, 1
   9              		.eabi_attribute 26, 1
  10              		.eabi_attribute 30, 1
  11              		.eabi_attribute 34, 1
  12              		.eabi_attribute 18, 4
  13              		.file	"adc.c"
  14              		.text
  15              	.Ltext0:
  16              		.cfi_sections	.debug_frame
  17              		.file 1 "Core/Src/adc.c"
  18              		.section	.text.MX_ADC1_Init,"ax",%progbits
  19              		.align	1
  20              		.global	MX_ADC1_Init
  21              		.syntax unified
  22              		.thumb
  23              		.thumb_func
  25              	MX_ADC1_Init:
  26              	.LFB65:
   1:Core/Src/adc.c **** /* USER CODE BEGIN Header */
   2:Core/Src/adc.c **** /**
   3:Core/Src/adc.c ****   ******************************************************************************
   4:Core/Src/adc.c ****   * @file    adc.c
   5:Core/Src/adc.c ****   * @brief   This file provides code for the configuration
   6:Core/Src/adc.c ****   *          of the ADC instances.
   7:Core/Src/adc.c ****   ******************************************************************************
   8:Core/Src/adc.c ****   * @attention
   9:Core/Src/adc.c ****   *
  10:Core/Src/adc.c ****   * Copyright (c) 2024 STMicroelectronics.
  11:Core/Src/adc.c ****   * All rights reserved.
  12:Core/Src/adc.c ****   *
  13:Core/Src/adc.c ****   * This software is licensed under terms that can be found in the LICENSE file
  14:Core/Src/adc.c ****   * in the root directory of this software component.
  15:Core/Src/adc.c ****   * If no LICENSE file comes with this software, it is provided AS-IS.
  16:Core/Src/adc.c ****   *
  17:Core/Src/adc.c ****   ******************************************************************************
  18:Core/Src/adc.c ****   */
  19:Core/Src/adc.c **** /* USER CODE END Header */
  20:Core/Src/adc.c **** /* Includes ------------------------------------------------------------------*/
  21:Core/Src/adc.c **** #include "adc.h"
  22:Core/Src/adc.c **** 
  23:Core/Src/adc.c **** /* USER CODE BEGIN 0 */
  24:Core/Src/adc.c **** 
  25:Core/Src/adc.c **** /* USER CODE END 0 */
  26:Core/Src/adc.c **** 
  27:Core/Src/adc.c **** ADC_HandleTypeDef hadc1;
  28:Core/Src/adc.c **** ADC_HandleTypeDef hadc2;
  29:Core/Src/adc.c **** 
  30:Core/Src/adc.c **** /* ADC1 init function */
  31:Core/Src/adc.c **** void MX_ADC1_Init(void)
  32:Core/Src/adc.c **** {
ARM GAS  C:\Users\Lenovo\AppData\Local\Temp\ccDQBaTw.s 			page 2


  27              		.loc 1 32 1 view -0
  28              		.cfi_startproc
  29              		@ args = 0, pretend = 0, frame = 16
  30              		@ frame_needed = 0, uses_anonymous_args = 0
  31 0000 00B5     		push	{lr}
  32              	.LCFI0:
  33              		.cfi_def_cfa_offset 4
  34              		.cfi_offset 14, -4
  35 0002 85B0     		sub	sp, sp, #20
  36              	.LCFI1:
  37              		.cfi_def_cfa_offset 24
  33:Core/Src/adc.c **** 
  34:Core/Src/adc.c ****   /* USER CODE BEGIN ADC1_Init 0 */
  35:Core/Src/adc.c **** 
  36:Core/Src/adc.c ****   /* USER CODE END ADC1_Init 0 */
  37:Core/Src/adc.c **** 
  38:Core/Src/adc.c ****   ADC_ChannelConfTypeDef sConfig = {0};
  38              		.loc 1 38 3 view .LVU1
  39              		.loc 1 38 26 is_stmt 0 view .LVU2
  40 0004 0023     		movs	r3, #0
  41 0006 0193     		str	r3, [sp, #4]
  42 0008 0293     		str	r3, [sp, #8]
  43 000a 0393     		str	r3, [sp, #12]
  39:Core/Src/adc.c **** 
  40:Core/Src/adc.c ****   /* USER CODE BEGIN ADC1_Init 1 */
  41:Core/Src/adc.c **** 
  42:Core/Src/adc.c ****   /* USER CODE END ADC1_Init 1 */
  43:Core/Src/adc.c **** 
  44:Core/Src/adc.c ****   /** Common config
  45:Core/Src/adc.c ****   */
  46:Core/Src/adc.c ****   hadc1.Instance = ADC1;
  44              		.loc 1 46 3 is_stmt 1 view .LVU3
  45              		.loc 1 46 18 is_stmt 0 view .LVU4
  46 000c 4048     		ldr	r0, .L21
  47 000e 414A     		ldr	r2, .L21+4
  48 0010 0260     		str	r2, [r0]
  47:Core/Src/adc.c ****   hadc1.Init.ScanConvMode = ADC_SCAN_ENABLE;
  49              		.loc 1 47 3 is_stmt 1 view .LVU5
  50              		.loc 1 47 27 is_stmt 0 view .LVU6
  51 0012 4FF48072 		mov	r2, #256
  52 0016 8260     		str	r2, [r0, #8]
  48:Core/Src/adc.c ****   hadc1.Init.ContinuousConvMode = DISABLE;
  53              		.loc 1 48 3 is_stmt 1 view .LVU7
  54              		.loc 1 48 33 is_stmt 0 view .LVU8
  55 0018 0373     		strb	r3, [r0, #12]
  49:Core/Src/adc.c ****   hadc1.Init.DiscontinuousConvMode = ENABLE;
  56              		.loc 1 49 3 is_stmt 1 view .LVU9
  57              		.loc 1 49 36 is_stmt 0 view .LVU10
  58 001a 0122     		movs	r2, #1
  59 001c 0275     		strb	r2, [r0, #20]
  50:Core/Src/adc.c ****   hadc1.Init.NbrOfDiscConversion = 1;
  60              		.loc 1 50 3 is_stmt 1 view .LVU11
  61              		.loc 1 50 34 is_stmt 0 view .LVU12
  62 001e 8261     		str	r2, [r0, #24]
  51:Core/Src/adc.c ****   hadc1.Init.ExternalTrigConv = ADC_SOFTWARE_START;
  63              		.loc 1 51 3 is_stmt 1 view .LVU13
  64              		.loc 1 51 31 is_stmt 0 view .LVU14
ARM GAS  C:\Users\Lenovo\AppData\Local\Temp\ccDQBaTw.s 			page 3


  65 0020 4FF46022 		mov	r2, #917504
  66 0024 C261     		str	r2, [r0, #28]
  52:Core/Src/adc.c ****   hadc1.Init.DataAlign = ADC_DATAALIGN_RIGHT;
  67              		.loc 1 52 3 is_stmt 1 view .LVU15
  68              		.loc 1 52 24 is_stmt 0 view .LVU16
  69 0026 4360     		str	r3, [r0, #4]
  53:Core/Src/adc.c ****   hadc1.Init.NbrOfConversion = 8;
  70              		.loc 1 53 3 is_stmt 1 view .LVU17
  71              		.loc 1 53 30 is_stmt 0 view .LVU18
  72 0028 0823     		movs	r3, #8
  73 002a 0361     		str	r3, [r0, #16]
  54:Core/Src/adc.c ****   if (HAL_ADC_Init(&hadc1) != HAL_OK)
  74              		.loc 1 54 3 is_stmt 1 view .LVU19
  75              		.loc 1 54 7 is_stmt 0 view .LVU20
  76 002c FFF7FEFF 		bl	HAL_ADC_Init
  77              	.LVL0:
  78              		.loc 1 54 6 view .LVU21
  79 0030 0028     		cmp	r0, #0
  80 0032 51D1     		bne	.L12
  81              	.L2:
  55:Core/Src/adc.c ****   {
  56:Core/Src/adc.c ****     Error_Handler();
  57:Core/Src/adc.c ****   }
  58:Core/Src/adc.c **** 
  59:Core/Src/adc.c ****   /** Configure Regular Channel
  60:Core/Src/adc.c ****   */
  61:Core/Src/adc.c ****   sConfig.Channel = ADC_CHANNEL_8;
  82              		.loc 1 61 3 is_stmt 1 view .LVU22
  83              		.loc 1 61 19 is_stmt 0 view .LVU23
  84 0034 0823     		movs	r3, #8
  85 0036 0193     		str	r3, [sp, #4]
  62:Core/Src/adc.c ****   sConfig.Rank = ADC_REGULAR_RANK_1;
  86              		.loc 1 62 3 is_stmt 1 view .LVU24
  87              		.loc 1 62 16 is_stmt 0 view .LVU25
  88 0038 0123     		movs	r3, #1
  89 003a 0293     		str	r3, [sp, #8]
  63:Core/Src/adc.c ****   sConfig.SamplingTime = ADC_SAMPLETIME_28CYCLES_5;
  90              		.loc 1 63 3 is_stmt 1 view .LVU26
  91              		.loc 1 63 24 is_stmt 0 view .LVU27
  92 003c 0323     		movs	r3, #3
  93 003e 0393     		str	r3, [sp, #12]
  64:Core/Src/adc.c ****   if (HAL_ADC_ConfigChannel(&hadc1, &sConfig) != HAL_OK)
  94              		.loc 1 64 3 is_stmt 1 view .LVU28
  95              		.loc 1 64 7 is_stmt 0 view .LVU29
  96 0040 01A9     		add	r1, sp, #4
  97 0042 3348     		ldr	r0, .L21
  98 0044 FFF7FEFF 		bl	HAL_ADC_ConfigChannel
  99              	.LVL1:
 100              		.loc 1 64 6 view .LVU30
 101 0048 0028     		cmp	r0, #0
 102 004a 48D1     		bne	.L13
 103              	.L3:
  65:Core/Src/adc.c ****   {
  66:Core/Src/adc.c ****     Error_Handler();
  67:Core/Src/adc.c ****   }
  68:Core/Src/adc.c **** 
  69:Core/Src/adc.c ****   /** Configure Regular Channel
ARM GAS  C:\Users\Lenovo\AppData\Local\Temp\ccDQBaTw.s 			page 4


  70:Core/Src/adc.c ****   */
  71:Core/Src/adc.c ****   sConfig.Channel = ADC_CHANNEL_9;
 104              		.loc 1 71 3 is_stmt 1 view .LVU31
 105              		.loc 1 71 19 is_stmt 0 view .LVU32
 106 004c 0923     		movs	r3, #9
 107 004e 0193     		str	r3, [sp, #4]
  72:Core/Src/adc.c ****   sConfig.Rank = ADC_REGULAR_RANK_2;
 108              		.loc 1 72 3 is_stmt 1 view .LVU33
 109              		.loc 1 72 16 is_stmt 0 view .LVU34
 110 0050 0223     		movs	r3, #2
 111 0052 0293     		str	r3, [sp, #8]
  73:Core/Src/adc.c ****   if (HAL_ADC_ConfigChannel(&hadc1, &sConfig) != HAL_OK)
 112              		.loc 1 73 3 is_stmt 1 view .LVU35
 113              		.loc 1 73 7 is_stmt 0 view .LVU36
 114 0054 01A9     		add	r1, sp, #4
 115 0056 2E48     		ldr	r0, .L21
 116 0058 FFF7FEFF 		bl	HAL_ADC_ConfigChannel
 117              	.LVL2:
 118              		.loc 1 73 6 view .LVU37
 119 005c 0028     		cmp	r0, #0
 120 005e 41D1     		bne	.L14
 121              	.L4:
  74:Core/Src/adc.c ****   {
  75:Core/Src/adc.c ****     Error_Handler();
  76:Core/Src/adc.c ****   }
  77:Core/Src/adc.c **** 
  78:Core/Src/adc.c ****   /** Configure Regular Channel
  79:Core/Src/adc.c ****   */
  80:Core/Src/adc.c ****   sConfig.Channel = ADC_CHANNEL_10;
 122              		.loc 1 80 3 is_stmt 1 view .LVU38
 123              		.loc 1 80 19 is_stmt 0 view .LVU39
 124 0060 0A23     		movs	r3, #10
 125 0062 0193     		str	r3, [sp, #4]
  81:Core/Src/adc.c ****   sConfig.Rank = ADC_REGULAR_RANK_3;
 126              		.loc 1 81 3 is_stmt 1 view .LVU40
 127              		.loc 1 81 16 is_stmt 0 view .LVU41
 128 0064 0323     		movs	r3, #3
 129 0066 0293     		str	r3, [sp, #8]
  82:Core/Src/adc.c ****   if (HAL_ADC_ConfigChannel(&hadc1, &sConfig) != HAL_OK)
 130              		.loc 1 82 3 is_stmt 1 view .LVU42
 131              		.loc 1 82 7 is_stmt 0 view .LVU43
 132 0068 01A9     		add	r1, sp, #4
 133 006a 2948     		ldr	r0, .L21
 134 006c FFF7FEFF 		bl	HAL_ADC_ConfigChannel
 135              	.LVL3:
 136              		.loc 1 82 6 view .LVU44
 137 0070 0028     		cmp	r0, #0
 138 0072 3AD1     		bne	.L15
 139              	.L5:
  83:Core/Src/adc.c ****   {
  84:Core/Src/adc.c ****     Error_Handler();
  85:Core/Src/adc.c ****   }
  86:Core/Src/adc.c **** 
  87:Core/Src/adc.c ****   /** Configure Regular Channel
  88:Core/Src/adc.c ****   */
  89:Core/Src/adc.c ****   sConfig.Channel = ADC_CHANNEL_11;
 140              		.loc 1 89 3 is_stmt 1 view .LVU45
ARM GAS  C:\Users\Lenovo\AppData\Local\Temp\ccDQBaTw.s 			page 5


 141              		.loc 1 89 19 is_stmt 0 view .LVU46
 142 0074 0B23     		movs	r3, #11
 143 0076 0193     		str	r3, [sp, #4]
  90:Core/Src/adc.c ****   sConfig.Rank = ADC_REGULAR_RANK_4;
 144              		.loc 1 90 3 is_stmt 1 view .LVU47
 145              		.loc 1 90 16 is_stmt 0 view .LVU48
 146 0078 0423     		movs	r3, #4
 147 007a 0293     		str	r3, [sp, #8]
  91:Core/Src/adc.c ****   if (HAL_ADC_ConfigChannel(&hadc1, &sConfig) != HAL_OK)
 148              		.loc 1 91 3 is_stmt 1 view .LVU49
 149              		.loc 1 91 7 is_stmt 0 view .LVU50
 150 007c 0DEB0301 		add	r1, sp, r3
 151 0080 2348     		ldr	r0, .L21
 152 0082 FFF7FEFF 		bl	HAL_ADC_ConfigChannel
 153              	.LVL4:
 154              		.loc 1 91 6 view .LVU51
 155 0086 0028     		cmp	r0, #0
 156 0088 32D1     		bne	.L16
 157              	.L6:
  92:Core/Src/adc.c ****   {
  93:Core/Src/adc.c ****     Error_Handler();
  94:Core/Src/adc.c ****   }
  95:Core/Src/adc.c **** 
  96:Core/Src/adc.c ****   /** Configure Regular Channel
  97:Core/Src/adc.c ****   */
  98:Core/Src/adc.c ****   sConfig.Channel = ADC_CHANNEL_12;
 158              		.loc 1 98 3 is_stmt 1 view .LVU52
 159              		.loc 1 98 19 is_stmt 0 view .LVU53
 160 008a 0C23     		movs	r3, #12
 161 008c 0193     		str	r3, [sp, #4]
  99:Core/Src/adc.c ****   sConfig.Rank = ADC_REGULAR_RANK_5;
 162              		.loc 1 99 3 is_stmt 1 view .LVU54
 163              		.loc 1 99 16 is_stmt 0 view .LVU55
 164 008e 0523     		movs	r3, #5
 165 0090 0293     		str	r3, [sp, #8]
 100:Core/Src/adc.c ****   if (HAL_ADC_ConfigChannel(&hadc1, &sConfig) != HAL_OK)
 166              		.loc 1 100 3 is_stmt 1 view .LVU56
 167              		.loc 1 100 7 is_stmt 0 view .LVU57
 168 0092 01A9     		add	r1, sp, #4
 169 0094 1E48     		ldr	r0, .L21
 170 0096 FFF7FEFF 		bl	HAL_ADC_ConfigChannel
 171              	.LVL5:
 172              		.loc 1 100 6 view .LVU58
 173 009a 60BB     		cbnz	r0, .L17
 174              	.L7:
 101:Core/Src/adc.c ****   {
 102:Core/Src/adc.c ****     Error_Handler();
 103:Core/Src/adc.c ****   }
 104:Core/Src/adc.c **** 
 105:Core/Src/adc.c ****   /** Configure Regular Channel
 106:Core/Src/adc.c ****   */
 107:Core/Src/adc.c ****   sConfig.Channel = ADC_CHANNEL_13;
 175              		.loc 1 107 3 is_stmt 1 view .LVU59
 176              		.loc 1 107 19 is_stmt 0 view .LVU60
 177 009c 0D23     		movs	r3, #13
 178 009e 0193     		str	r3, [sp, #4]
 108:Core/Src/adc.c ****   sConfig.Rank = ADC_REGULAR_RANK_6;
ARM GAS  C:\Users\Lenovo\AppData\Local\Temp\ccDQBaTw.s 			page 6


 179              		.loc 1 108 3 is_stmt 1 view .LVU61
 180              		.loc 1 108 16 is_stmt 0 view .LVU62
 181 00a0 0623     		movs	r3, #6
 182 00a2 0293     		str	r3, [sp, #8]
 109:Core/Src/adc.c ****   if (HAL_ADC_ConfigChannel(&hadc1, &sConfig) != HAL_OK)
 183              		.loc 1 109 3 is_stmt 1 view .LVU63
 184              		.loc 1 109 7 is_stmt 0 view .LVU64
 185 00a4 01A9     		add	r1, sp, #4
 186 00a6 1A48     		ldr	r0, .L21
 187 00a8 FFF7FEFF 		bl	HAL_ADC_ConfigChannel
 188              	.LVL6:
 189              		.loc 1 109 6 view .LVU65
 190 00ac 30BB     		cbnz	r0, .L18
 191              	.L8:
 110:Core/Src/adc.c ****   {
 111:Core/Src/adc.c ****     Error_Handler();
 112:Core/Src/adc.c ****   }
 113:Core/Src/adc.c **** 
 114:Core/Src/adc.c ****   /** Configure Regular Channel
 115:Core/Src/adc.c ****   */
 116:Core/Src/adc.c ****   sConfig.Channel = ADC_CHANNEL_14;
 192              		.loc 1 116 3 is_stmt 1 view .LVU66
 193              		.loc 1 116 19 is_stmt 0 view .LVU67
 194 00ae 0E23     		movs	r3, #14
 195 00b0 0193     		str	r3, [sp, #4]
 117:Core/Src/adc.c ****   sConfig.Rank = ADC_REGULAR_RANK_7;
 196              		.loc 1 117 3 is_stmt 1 view .LVU68
 197              		.loc 1 117 16 is_stmt 0 view .LVU69
 198 00b2 0723     		movs	r3, #7
 199 00b4 0293     		str	r3, [sp, #8]
 118:Core/Src/adc.c ****   if (HAL_ADC_ConfigChannel(&hadc1, &sConfig) != HAL_OK)
 200              		.loc 1 118 3 is_stmt 1 view .LVU70
 201              		.loc 1 118 7 is_stmt 0 view .LVU71
 202 00b6 01A9     		add	r1, sp, #4
 203 00b8 1548     		ldr	r0, .L21
 204 00ba FFF7FEFF 		bl	HAL_ADC_ConfigChannel
 205              	.LVL7:
 206              		.loc 1 118 6 view .LVU72
 207 00be 00BB     		cbnz	r0, .L19
 208              	.L9:
 119:Core/Src/adc.c ****   {
 120:Core/Src/adc.c ****     Error_Handler();
 121:Core/Src/adc.c ****   }
 122:Core/Src/adc.c **** 
 123:Core/Src/adc.c ****   /** Configure Regular Channel
 124:Core/Src/adc.c ****   */
 125:Core/Src/adc.c ****   sConfig.Channel = ADC_CHANNEL_15;
 209              		.loc 1 125 3 is_stmt 1 view .LVU73
 210              		.loc 1 125 19 is_stmt 0 view .LVU74
 211 00c0 0F23     		movs	r3, #15
 212 00c2 0193     		str	r3, [sp, #4]
 126:Core/Src/adc.c ****   sConfig.Rank = ADC_REGULAR_RANK_8;
 213              		.loc 1 126 3 is_stmt 1 view .LVU75
 214              		.loc 1 126 16 is_stmt 0 view .LVU76
 215 00c4 0823     		movs	r3, #8
 216 00c6 0293     		str	r3, [sp, #8]
 127:Core/Src/adc.c ****   if (HAL_ADC_ConfigChannel(&hadc1, &sConfig) != HAL_OK)
ARM GAS  C:\Users\Lenovo\AppData\Local\Temp\ccDQBaTw.s 			page 7


 217              		.loc 1 127 3 is_stmt 1 view .LVU77
 218              		.loc 1 127 7 is_stmt 0 view .LVU78
 219 00c8 01A9     		add	r1, sp, #4
 220 00ca 1148     		ldr	r0, .L21
 221 00cc FFF7FEFF 		bl	HAL_ADC_ConfigChannel
 222              	.LVL8:
 223              		.loc 1 127 6 view .LVU79
 224 00d0 D0B9     		cbnz	r0, .L20
 225              	.L1:
 128:Core/Src/adc.c ****   {
 129:Core/Src/adc.c ****     Error_Handler();
 130:Core/Src/adc.c ****   }
 131:Core/Src/adc.c ****   /* USER CODE BEGIN ADC1_Init 2 */
 132:Core/Src/adc.c **** 
 133:Core/Src/adc.c ****   /* USER CODE END ADC1_Init 2 */
 134:Core/Src/adc.c **** 
 135:Core/Src/adc.c **** }
 226              		.loc 1 135 1 view .LVU80
 227 00d2 05B0     		add	sp, sp, #20
 228              	.LCFI2:
 229              		.cfi_remember_state
 230              		.cfi_def_cfa_offset 4
 231              		@ sp needed
 232 00d4 5DF804FB 		ldr	pc, [sp], #4
 233              	.L12:
 234              	.LCFI3:
 235              		.cfi_restore_state
  56:Core/Src/adc.c ****   }
 236              		.loc 1 56 5 is_stmt 1 view .LVU81
 237 00d8 FFF7FEFF 		bl	Error_Handler
 238              	.LVL9:
 239 00dc AAE7     		b	.L2
 240              	.L13:
  66:Core/Src/adc.c ****   }
 241              		.loc 1 66 5 view .LVU82
 242 00de FFF7FEFF 		bl	Error_Handler
 243              	.LVL10:
 244 00e2 B3E7     		b	.L3
 245              	.L14:
  75:Core/Src/adc.c ****   }
 246              		.loc 1 75 5 view .LVU83
 247 00e4 FFF7FEFF 		bl	Error_Handler
 248              	.LVL11:
 249 00e8 BAE7     		b	.L4
 250              	.L15:
  84:Core/Src/adc.c ****   }
 251              		.loc 1 84 5 view .LVU84
 252 00ea FFF7FEFF 		bl	Error_Handler
 253              	.LVL12:
 254 00ee C1E7     		b	.L5
 255              	.L16:
  93:Core/Src/adc.c ****   }
 256              		.loc 1 93 5 view .LVU85
 257 00f0 FFF7FEFF 		bl	Error_Handler
 258              	.LVL13:
 259 00f4 C9E7     		b	.L6
 260              	.L17:
ARM GAS  C:\Users\Lenovo\AppData\Local\Temp\ccDQBaTw.s 			page 8


 102:Core/Src/adc.c ****   }
 261              		.loc 1 102 5 view .LVU86
 262 00f6 FFF7FEFF 		bl	Error_Handler
 263              	.LVL14:
 264 00fa CFE7     		b	.L7
 265              	.L18:
 111:Core/Src/adc.c ****   }
 266              		.loc 1 111 5 view .LVU87
 267 00fc FFF7FEFF 		bl	Error_Handler
 268              	.LVL15:
 269 0100 D5E7     		b	.L8
 270              	.L19:
 120:Core/Src/adc.c ****   }
 271              		.loc 1 120 5 view .LVU88
 272 0102 FFF7FEFF 		bl	Error_Handler
 273              	.LVL16:
 274 0106 DBE7     		b	.L9
 275              	.L20:
 129:Core/Src/adc.c ****   }
 276              		.loc 1 129 5 view .LVU89
 277 0108 FFF7FEFF 		bl	Error_Handler
 278              	.LVL17:
 279              		.loc 1 135 1 is_stmt 0 view .LVU90
 280 010c E1E7     		b	.L1
 281              	.L22:
 282 010e 00BF     		.align	2
 283              	.L21:
 284 0110 00000000 		.word	hadc1
 285 0114 00240140 		.word	1073816576
 286              		.cfi_endproc
 287              	.LFE65:
 289              		.section	.text.MX_ADC2_Init,"ax",%progbits
 290              		.align	1
 291              		.global	MX_ADC2_Init
 292              		.syntax unified
 293              		.thumb
 294              		.thumb_func
 296              	MX_ADC2_Init:
 297              	.LFB66:
 136:Core/Src/adc.c **** /* ADC2 init function */
 137:Core/Src/adc.c **** void MX_ADC2_Init(void)
 138:Core/Src/adc.c **** {
 298              		.loc 1 138 1 is_stmt 1 view -0
 299              		.cfi_startproc
 300              		@ args = 0, pretend = 0, frame = 16
 301              		@ frame_needed = 0, uses_anonymous_args = 0
 302 0000 00B5     		push	{lr}
 303              	.LCFI4:
 304              		.cfi_def_cfa_offset 4
 305              		.cfi_offset 14, -4
 306 0002 85B0     		sub	sp, sp, #20
 307              	.LCFI5:
 308              		.cfi_def_cfa_offset 24
 139:Core/Src/adc.c **** 
 140:Core/Src/adc.c ****   /* USER CODE BEGIN ADC2_Init 0 */
 141:Core/Src/adc.c **** 
 142:Core/Src/adc.c ****   /* USER CODE END ADC2_Init 0 */
ARM GAS  C:\Users\Lenovo\AppData\Local\Temp\ccDQBaTw.s 			page 9


 143:Core/Src/adc.c **** 
 144:Core/Src/adc.c ****   ADC_ChannelConfTypeDef sConfig = {0};
 309              		.loc 1 144 3 view .LVU92
 310              		.loc 1 144 26 is_stmt 0 view .LVU93
 311 0004 0023     		movs	r3, #0
 312 0006 0193     		str	r3, [sp, #4]
 313 0008 0293     		str	r3, [sp, #8]
 314 000a 0393     		str	r3, [sp, #12]
 145:Core/Src/adc.c **** 
 146:Core/Src/adc.c ****   /* USER CODE BEGIN ADC2_Init 1 */
 147:Core/Src/adc.c **** 
 148:Core/Src/adc.c ****   /* USER CODE END ADC2_Init 1 */
 149:Core/Src/adc.c **** 
 150:Core/Src/adc.c ****   /** Common config
 151:Core/Src/adc.c ****   */
 152:Core/Src/adc.c ****   hadc2.Instance = ADC2;
 315              		.loc 1 152 3 is_stmt 1 view .LVU94
 316              		.loc 1 152 18 is_stmt 0 view .LVU95
 317 000c 4048     		ldr	r0, .L43
 318 000e 414A     		ldr	r2, .L43+4
 319 0010 0260     		str	r2, [r0]
 153:Core/Src/adc.c ****   hadc2.Init.ScanConvMode = ADC_SCAN_ENABLE;
 320              		.loc 1 153 3 is_stmt 1 view .LVU96
 321              		.loc 1 153 27 is_stmt 0 view .LVU97
 322 0012 4FF48072 		mov	r2, #256
 323 0016 8260     		str	r2, [r0, #8]
 154:Core/Src/adc.c ****   hadc2.Init.ContinuousConvMode = DISABLE;
 324              		.loc 1 154 3 is_stmt 1 view .LVU98
 325              		.loc 1 154 33 is_stmt 0 view .LVU99
 326 0018 0373     		strb	r3, [r0, #12]
 155:Core/Src/adc.c ****   hadc2.Init.DiscontinuousConvMode = ENABLE;
 327              		.loc 1 155 3 is_stmt 1 view .LVU100
 328              		.loc 1 155 36 is_stmt 0 view .LVU101
 329 001a 0122     		movs	r2, #1
 330 001c 0275     		strb	r2, [r0, #20]
 156:Core/Src/adc.c ****   hadc2.Init.NbrOfDiscConversion = 1;
 331              		.loc 1 156 3 is_stmt 1 view .LVU102
 332              		.loc 1 156 34 is_stmt 0 view .LVU103
 333 001e 8261     		str	r2, [r0, #24]
 157:Core/Src/adc.c ****   hadc2.Init.ExternalTrigConv = ADC_SOFTWARE_START;
 334              		.loc 1 157 3 is_stmt 1 view .LVU104
 335              		.loc 1 157 31 is_stmt 0 view .LVU105
 336 0020 4FF46022 		mov	r2, #917504
 337 0024 C261     		str	r2, [r0, #28]
 158:Core/Src/adc.c ****   hadc2.Init.DataAlign = ADC_DATAALIGN_RIGHT;
 338              		.loc 1 158 3 is_stmt 1 view .LVU106
 339              		.loc 1 158 24 is_stmt 0 view .LVU107
 340 0026 4360     		str	r3, [r0, #4]
 159:Core/Src/adc.c ****   hadc2.Init.NbrOfConversion = 8;
 341              		.loc 1 159 3 is_stmt 1 view .LVU108
 342              		.loc 1 159 30 is_stmt 0 view .LVU109
 343 0028 0823     		movs	r3, #8
 344 002a 0361     		str	r3, [r0, #16]
 160:Core/Src/adc.c ****   if (HAL_ADC_Init(&hadc2) != HAL_OK)
 345              		.loc 1 160 3 is_stmt 1 view .LVU110
 346              		.loc 1 160 7 is_stmt 0 view .LVU111
 347 002c FFF7FEFF 		bl	HAL_ADC_Init
ARM GAS  C:\Users\Lenovo\AppData\Local\Temp\ccDQBaTw.s 			page 10


 348              	.LVL18:
 349              		.loc 1 160 6 view .LVU112
 350 0030 0028     		cmp	r0, #0
 351 0032 51D1     		bne	.L34
 352              	.L24:
 161:Core/Src/adc.c ****   {
 162:Core/Src/adc.c ****     Error_Handler();
 163:Core/Src/adc.c ****   }
 164:Core/Src/adc.c **** 
 165:Core/Src/adc.c ****   /** Configure Regular Channel
 166:Core/Src/adc.c ****   */
 167:Core/Src/adc.c ****   sConfig.Channel = ADC_CHANNEL_0;
 353              		.loc 1 167 3 is_stmt 1 view .LVU113
 354              		.loc 1 167 19 is_stmt 0 view .LVU114
 355 0034 0023     		movs	r3, #0
 356 0036 0193     		str	r3, [sp, #4]
 168:Core/Src/adc.c ****   sConfig.Rank = ADC_REGULAR_RANK_1;
 357              		.loc 1 168 3 is_stmt 1 view .LVU115
 358              		.loc 1 168 16 is_stmt 0 view .LVU116
 359 0038 0123     		movs	r3, #1
 360 003a 0293     		str	r3, [sp, #8]
 169:Core/Src/adc.c ****   sConfig.SamplingTime = ADC_SAMPLETIME_28CYCLES_5;
 361              		.loc 1 169 3 is_stmt 1 view .LVU117
 362              		.loc 1 169 24 is_stmt 0 view .LVU118
 363 003c 0323     		movs	r3, #3
 364 003e 0393     		str	r3, [sp, #12]
 170:Core/Src/adc.c ****   if (HAL_ADC_ConfigChannel(&hadc2, &sConfig) != HAL_OK)
 365              		.loc 1 170 3 is_stmt 1 view .LVU119
 366              		.loc 1 170 7 is_stmt 0 view .LVU120
 367 0040 01A9     		add	r1, sp, #4
 368 0042 3348     		ldr	r0, .L43
 369 0044 FFF7FEFF 		bl	HAL_ADC_ConfigChannel
 370              	.LVL19:
 371              		.loc 1 170 6 view .LVU121
 372 0048 0028     		cmp	r0, #0
 373 004a 48D1     		bne	.L35
 374              	.L25:
 171:Core/Src/adc.c ****   {
 172:Core/Src/adc.c ****     Error_Handler();
 173:Core/Src/adc.c ****   }
 174:Core/Src/adc.c **** 
 175:Core/Src/adc.c ****   /** Configure Regular Channel
 176:Core/Src/adc.c ****   */
 177:Core/Src/adc.c ****   sConfig.Channel = ADC_CHANNEL_1;
 375              		.loc 1 177 3 is_stmt 1 view .LVU122
 376              		.loc 1 177 19 is_stmt 0 view .LVU123
 377 004c 0123     		movs	r3, #1
 378 004e 0193     		str	r3, [sp, #4]
 178:Core/Src/adc.c ****   sConfig.Rank = ADC_REGULAR_RANK_2;
 379              		.loc 1 178 3 is_stmt 1 view .LVU124
 380              		.loc 1 178 16 is_stmt 0 view .LVU125
 381 0050 0223     		movs	r3, #2
 382 0052 0293     		str	r3, [sp, #8]
 179:Core/Src/adc.c ****   if (HAL_ADC_ConfigChannel(&hadc2, &sConfig) != HAL_OK)
 383              		.loc 1 179 3 is_stmt 1 view .LVU126
 384              		.loc 1 179 7 is_stmt 0 view .LVU127
 385 0054 01A9     		add	r1, sp, #4
ARM GAS  C:\Users\Lenovo\AppData\Local\Temp\ccDQBaTw.s 			page 11


 386 0056 2E48     		ldr	r0, .L43
 387 0058 FFF7FEFF 		bl	HAL_ADC_ConfigChannel
 388              	.LVL20:
 389              		.loc 1 179 6 view .LVU128
 390 005c 0028     		cmp	r0, #0
 391 005e 41D1     		bne	.L36
 392              	.L26:
 180:Core/Src/adc.c ****   {
 181:Core/Src/adc.c ****     Error_Handler();
 182:Core/Src/adc.c ****   }
 183:Core/Src/adc.c **** 
 184:Core/Src/adc.c ****   /** Configure Regular Channel
 185:Core/Src/adc.c ****   */
 186:Core/Src/adc.c ****   sConfig.Channel = ADC_CHANNEL_2;
 393              		.loc 1 186 3 is_stmt 1 view .LVU129
 394              		.loc 1 186 19 is_stmt 0 view .LVU130
 395 0060 0223     		movs	r3, #2
 396 0062 0193     		str	r3, [sp, #4]
 187:Core/Src/adc.c ****   sConfig.Rank = ADC_REGULAR_RANK_3;
 397              		.loc 1 187 3 is_stmt 1 view .LVU131
 398              		.loc 1 187 16 is_stmt 0 view .LVU132
 399 0064 0323     		movs	r3, #3
 400 0066 0293     		str	r3, [sp, #8]
 188:Core/Src/adc.c ****   if (HAL_ADC_ConfigChannel(&hadc2, &sConfig) != HAL_OK)
 401              		.loc 1 188 3 is_stmt 1 view .LVU133
 402              		.loc 1 188 7 is_stmt 0 view .LVU134
 403 0068 01A9     		add	r1, sp, #4
 404 006a 2948     		ldr	r0, .L43
 405 006c FFF7FEFF 		bl	HAL_ADC_ConfigChannel
 406              	.LVL21:
 407              		.loc 1 188 6 view .LVU135
 408 0070 0028     		cmp	r0, #0
 409 0072 3AD1     		bne	.L37
 410              	.L27:
 189:Core/Src/adc.c ****   {
 190:Core/Src/adc.c ****     Error_Handler();
 191:Core/Src/adc.c ****   }
 192:Core/Src/adc.c **** 
 193:Core/Src/adc.c ****   /** Configure Regular Channel
 194:Core/Src/adc.c ****   */
 195:Core/Src/adc.c ****   sConfig.Channel = ADC_CHANNEL_3;
 411              		.loc 1 195 3 is_stmt 1 view .LVU136
 412              		.loc 1 195 19 is_stmt 0 view .LVU137
 413 0074 0323     		movs	r3, #3
 414 0076 0193     		str	r3, [sp, #4]
 196:Core/Src/adc.c ****   sConfig.Rank = ADC_REGULAR_RANK_4;
 415              		.loc 1 196 3 is_stmt 1 view .LVU138
 416              		.loc 1 196 16 is_stmt 0 view .LVU139
 417 0078 0423     		movs	r3, #4
 418 007a 0293     		str	r3, [sp, #8]
 197:Core/Src/adc.c ****   if (HAL_ADC_ConfigChannel(&hadc2, &sConfig) != HAL_OK)
 419              		.loc 1 197 3 is_stmt 1 view .LVU140
 420              		.loc 1 197 7 is_stmt 0 view .LVU141
 421 007c 0DEB0301 		add	r1, sp, r3
 422 0080 2348     		ldr	r0, .L43
 423 0082 FFF7FEFF 		bl	HAL_ADC_ConfigChannel
 424              	.LVL22:
ARM GAS  C:\Users\Lenovo\AppData\Local\Temp\ccDQBaTw.s 			page 12


 425              		.loc 1 197 6 view .LVU142
 426 0086 0028     		cmp	r0, #0
 427 0088 32D1     		bne	.L38
 428              	.L28:
 198:Core/Src/adc.c ****   {
 199:Core/Src/adc.c ****     Error_Handler();
 200:Core/Src/adc.c ****   }
 201:Core/Src/adc.c **** 
 202:Core/Src/adc.c ****   /** Configure Regular Channel
 203:Core/Src/adc.c ****   */
 204:Core/Src/adc.c ****   sConfig.Channel = ADC_CHANNEL_4;
 429              		.loc 1 204 3 is_stmt 1 view .LVU143
 430              		.loc 1 204 19 is_stmt 0 view .LVU144
 431 008a 0423     		movs	r3, #4
 432 008c 0193     		str	r3, [sp, #4]
 205:Core/Src/adc.c ****   sConfig.Rank = ADC_REGULAR_RANK_5;
 433              		.loc 1 205 3 is_stmt 1 view .LVU145
 434              		.loc 1 205 16 is_stmt 0 view .LVU146
 435 008e 0523     		movs	r3, #5
 436 0090 0293     		str	r3, [sp, #8]
 206:Core/Src/adc.c ****   if (HAL_ADC_ConfigChannel(&hadc2, &sConfig) != HAL_OK)
 437              		.loc 1 206 3 is_stmt 1 view .LVU147
 438              		.loc 1 206 7 is_stmt 0 view .LVU148
 439 0092 01A9     		add	r1, sp, #4
 440 0094 1E48     		ldr	r0, .L43
 441 0096 FFF7FEFF 		bl	HAL_ADC_ConfigChannel
 442              	.LVL23:
 443              		.loc 1 206 6 view .LVU149
 444 009a 60BB     		cbnz	r0, .L39
 445              	.L29:
 207:Core/Src/adc.c ****   {
 208:Core/Src/adc.c ****     Error_Handler();
 209:Core/Src/adc.c ****   }
 210:Core/Src/adc.c **** 
 211:Core/Src/adc.c ****   /** Configure Regular Channel
 212:Core/Src/adc.c ****   */
 213:Core/Src/adc.c ****   sConfig.Channel = ADC_CHANNEL_5;
 446              		.loc 1 213 3 is_stmt 1 view .LVU150
 447              		.loc 1 213 19 is_stmt 0 view .LVU151
 448 009c 0523     		movs	r3, #5
 449 009e 0193     		str	r3, [sp, #4]
 214:Core/Src/adc.c ****   sConfig.Rank = ADC_REGULAR_RANK_6;
 450              		.loc 1 214 3 is_stmt 1 view .LVU152
 451              		.loc 1 214 16 is_stmt 0 view .LVU153
 452 00a0 0623     		movs	r3, #6
 453 00a2 0293     		str	r3, [sp, #8]
 215:Core/Src/adc.c ****   if (HAL_ADC_ConfigChannel(&hadc2, &sConfig) != HAL_OK)
 454              		.loc 1 215 3 is_stmt 1 view .LVU154
 455              		.loc 1 215 7 is_stmt 0 view .LVU155
 456 00a4 01A9     		add	r1, sp, #4
 457 00a6 1A48     		ldr	r0, .L43
 458 00a8 FFF7FEFF 		bl	HAL_ADC_ConfigChannel
 459              	.LVL24:
 460              		.loc 1 215 6 view .LVU156
 461 00ac 30BB     		cbnz	r0, .L40
 462              	.L30:
 216:Core/Src/adc.c ****   {
ARM GAS  C:\Users\Lenovo\AppData\Local\Temp\ccDQBaTw.s 			page 13


 217:Core/Src/adc.c ****     Error_Handler();
 218:Core/Src/adc.c ****   }
 219:Core/Src/adc.c **** 
 220:Core/Src/adc.c ****   /** Configure Regular Channel
 221:Core/Src/adc.c ****   */
 222:Core/Src/adc.c ****   sConfig.Channel = ADC_CHANNEL_6;
 463              		.loc 1 222 3 is_stmt 1 view .LVU157
 464              		.loc 1 222 19 is_stmt 0 view .LVU158
 465 00ae 0623     		movs	r3, #6
 466 00b0 0193     		str	r3, [sp, #4]
 223:Core/Src/adc.c ****   sConfig.Rank = ADC_REGULAR_RANK_7;
 467              		.loc 1 223 3 is_stmt 1 view .LVU159
 468              		.loc 1 223 16 is_stmt 0 view .LVU160
 469 00b2 0723     		movs	r3, #7
 470 00b4 0293     		str	r3, [sp, #8]
 224:Core/Src/adc.c ****   if (HAL_ADC_ConfigChannel(&hadc2, &sConfig) != HAL_OK)
 471              		.loc 1 224 3 is_stmt 1 view .LVU161
 472              		.loc 1 224 7 is_stmt 0 view .LVU162
 473 00b6 01A9     		add	r1, sp, #4
 474 00b8 1548     		ldr	r0, .L43
 475 00ba FFF7FEFF 		bl	HAL_ADC_ConfigChannel
 476              	.LVL25:
 477              		.loc 1 224 6 view .LVU163
 478 00be 00BB     		cbnz	r0, .L41
 479              	.L31:
 225:Core/Src/adc.c ****   {
 226:Core/Src/adc.c ****     Error_Handler();
 227:Core/Src/adc.c ****   }
 228:Core/Src/adc.c **** 
 229:Core/Src/adc.c ****   /** Configure Regular Channel
 230:Core/Src/adc.c ****   */
 231:Core/Src/adc.c ****   sConfig.Channel = ADC_CHANNEL_7;
 480              		.loc 1 231 3 is_stmt 1 view .LVU164
 481              		.loc 1 231 19 is_stmt 0 view .LVU165
 482 00c0 0723     		movs	r3, #7
 483 00c2 0193     		str	r3, [sp, #4]
 232:Core/Src/adc.c ****   sConfig.Rank = ADC_REGULAR_RANK_8;
 484              		.loc 1 232 3 is_stmt 1 view .LVU166
 485              		.loc 1 232 16 is_stmt 0 view .LVU167
 486 00c4 0823     		movs	r3, #8
 487 00c6 0293     		str	r3, [sp, #8]
 233:Core/Src/adc.c ****   if (HAL_ADC_ConfigChannel(&hadc2, &sConfig) != HAL_OK)
 488              		.loc 1 233 3 is_stmt 1 view .LVU168
 489              		.loc 1 233 7 is_stmt 0 view .LVU169
 490 00c8 01A9     		add	r1, sp, #4
 491 00ca 1148     		ldr	r0, .L43
 492 00cc FFF7FEFF 		bl	HAL_ADC_ConfigChannel
 493              	.LVL26:
 494              		.loc 1 233 6 view .LVU170
 495 00d0 D0B9     		cbnz	r0, .L42
 496              	.L23:
 234:Core/Src/adc.c ****   {
 235:Core/Src/adc.c ****     Error_Handler();
 236:Core/Src/adc.c ****   }
 237:Core/Src/adc.c ****   /* USER CODE BEGIN ADC2_Init 2 */
 238:Core/Src/adc.c **** 
 239:Core/Src/adc.c ****   /* USER CODE END ADC2_Init 2 */
ARM GAS  C:\Users\Lenovo\AppData\Local\Temp\ccDQBaTw.s 			page 14


 240:Core/Src/adc.c **** 
 241:Core/Src/adc.c **** }
 497              		.loc 1 241 1 view .LVU171
 498 00d2 05B0     		add	sp, sp, #20
 499              	.LCFI6:
 500              		.cfi_remember_state
 501              		.cfi_def_cfa_offset 4
 502              		@ sp needed
 503 00d4 5DF804FB 		ldr	pc, [sp], #4
 504              	.L34:
 505              	.LCFI7:
 506              		.cfi_restore_state
 162:Core/Src/adc.c ****   }
 507              		.loc 1 162 5 is_stmt 1 view .LVU172
 508 00d8 FFF7FEFF 		bl	Error_Handler
 509              	.LVL27:
 510 00dc AAE7     		b	.L24
 511              	.L35:
 172:Core/Src/adc.c ****   }
 512              		.loc 1 172 5 view .LVU173
 513 00de FFF7FEFF 		bl	Error_Handler
 514              	.LVL28:
 515 00e2 B3E7     		b	.L25
 516              	.L36:
 181:Core/Src/adc.c ****   }
 517              		.loc 1 181 5 view .LVU174
 518 00e4 FFF7FEFF 		bl	Error_Handler
 519              	.LVL29:
 520 00e8 BAE7     		b	.L26
 521              	.L37:
 190:Core/Src/adc.c ****   }
 522              		.loc 1 190 5 view .LVU175
 523 00ea FFF7FEFF 		bl	Error_Handler
 524              	.LVL30:
 525 00ee C1E7     		b	.L27
 526              	.L38:
 199:Core/Src/adc.c ****   }
 527              		.loc 1 199 5 view .LVU176
 528 00f0 FFF7FEFF 		bl	Error_Handler
 529              	.LVL31:
 530 00f4 C9E7     		b	.L28
 531              	.L39:
 208:Core/Src/adc.c ****   }
 532              		.loc 1 208 5 view .LVU177
 533 00f6 FFF7FEFF 		bl	Error_Handler
 534              	.LVL32:
 535 00fa CFE7     		b	.L29
 536              	.L40:
 217:Core/Src/adc.c ****   }
 537              		.loc 1 217 5 view .LVU178
 538 00fc FFF7FEFF 		bl	Error_Handler
 539              	.LVL33:
 540 0100 D5E7     		b	.L30
 541              	.L41:
 226:Core/Src/adc.c ****   }
 542              		.loc 1 226 5 view .LVU179
 543 0102 FFF7FEFF 		bl	Error_Handler
ARM GAS  C:\Users\Lenovo\AppData\Local\Temp\ccDQBaTw.s 			page 15


 544              	.LVL34:
 545 0106 DBE7     		b	.L31
 546              	.L42:
 235:Core/Src/adc.c ****   }
 547              		.loc 1 235 5 view .LVU180
 548 0108 FFF7FEFF 		bl	Error_Handler
 549              	.LVL35:
 550              		.loc 1 241 1 is_stmt 0 view .LVU181
 551 010c E1E7     		b	.L23
 552              	.L44:
 553 010e 00BF     		.align	2
 554              	.L43:
 555 0110 00000000 		.word	hadc2
 556 0114 00280140 		.word	1073817600
 557              		.cfi_endproc
 558              	.LFE66:
 560              		.section	.text.HAL_ADC_MspInit,"ax",%progbits
 561              		.align	1
 562              		.global	HAL_ADC_MspInit
 563              		.syntax unified
 564              		.thumb
 565              		.thumb_func
 567              	HAL_ADC_MspInit:
 568              	.LVL36:
 569              	.LFB67:
 242:Core/Src/adc.c **** 
 243:Core/Src/adc.c **** void HAL_ADC_MspInit(ADC_HandleTypeDef* adcHandle)
 244:Core/Src/adc.c **** {
 570              		.loc 1 244 1 is_stmt 1 view -0
 571              		.cfi_startproc
 572              		@ args = 0, pretend = 0, frame = 40
 573              		@ frame_needed = 0, uses_anonymous_args = 0
 574              		.loc 1 244 1 is_stmt 0 view .LVU183
 575 0000 10B5     		push	{r4, lr}
 576              	.LCFI8:
 577              		.cfi_def_cfa_offset 8
 578              		.cfi_offset 4, -8
 579              		.cfi_offset 14, -4
 580 0002 8AB0     		sub	sp, sp, #40
 581              	.LCFI9:
 582              		.cfi_def_cfa_offset 48
 245:Core/Src/adc.c **** 
 246:Core/Src/adc.c ****   GPIO_InitTypeDef GPIO_InitStruct = {0};
 583              		.loc 1 246 3 is_stmt 1 view .LVU184
 584              		.loc 1 246 20 is_stmt 0 view .LVU185
 585 0004 0023     		movs	r3, #0
 586 0006 0693     		str	r3, [sp, #24]
 587 0008 0793     		str	r3, [sp, #28]
 588 000a 0893     		str	r3, [sp, #32]
 589 000c 0993     		str	r3, [sp, #36]
 247:Core/Src/adc.c ****   if(adcHandle->Instance==ADC1)
 590              		.loc 1 247 3 is_stmt 1 view .LVU186
 591              		.loc 1 247 15 is_stmt 0 view .LVU187
 592 000e 0368     		ldr	r3, [r0]
 593              		.loc 1 247 5 view .LVU188
 594 0010 274A     		ldr	r2, .L51
 595 0012 9342     		cmp	r3, r2
ARM GAS  C:\Users\Lenovo\AppData\Local\Temp\ccDQBaTw.s 			page 16


 596 0014 04D0     		beq	.L49
 248:Core/Src/adc.c ****   {
 249:Core/Src/adc.c ****   /* USER CODE BEGIN ADC1_MspInit 0 */
 250:Core/Src/adc.c **** 
 251:Core/Src/adc.c ****   /* USER CODE END ADC1_MspInit 0 */
 252:Core/Src/adc.c ****     /* ADC1 clock enable */
 253:Core/Src/adc.c ****     __HAL_RCC_ADC1_CLK_ENABLE();
 254:Core/Src/adc.c **** 
 255:Core/Src/adc.c ****     __HAL_RCC_GPIOC_CLK_ENABLE();
 256:Core/Src/adc.c ****     __HAL_RCC_GPIOB_CLK_ENABLE();
 257:Core/Src/adc.c ****     /**ADC1 GPIO Configuration
 258:Core/Src/adc.c ****     PC0     ------> ADC1_IN10
 259:Core/Src/adc.c ****     PC1     ------> ADC1_IN11
 260:Core/Src/adc.c ****     PC2     ------> ADC1_IN12
 261:Core/Src/adc.c ****     PC3     ------> ADC1_IN13
 262:Core/Src/adc.c ****     PC4     ------> ADC1_IN14
 263:Core/Src/adc.c ****     PC5     ------> ADC1_IN15
 264:Core/Src/adc.c ****     PB0     ------> ADC1_IN8
 265:Core/Src/adc.c ****     PB1     ------> ADC1_IN9
 266:Core/Src/adc.c ****     */
 267:Core/Src/adc.c ****     GPIO_InitStruct.Pin = GPIO_PIN_0|GPIO_PIN_1|GPIO_PIN_2|GPIO_PIN_3
 268:Core/Src/adc.c ****                           |GPIO_PIN_4|GPIO_PIN_5;
 269:Core/Src/adc.c ****     GPIO_InitStruct.Mode = GPIO_MODE_ANALOG;
 270:Core/Src/adc.c ****     HAL_GPIO_Init(GPIOC, &GPIO_InitStruct);
 271:Core/Src/adc.c **** 
 272:Core/Src/adc.c ****     GPIO_InitStruct.Pin = GPIO_PIN_0|GPIO_PIN_1;
 273:Core/Src/adc.c ****     GPIO_InitStruct.Mode = GPIO_MODE_ANALOG;
 274:Core/Src/adc.c ****     HAL_GPIO_Init(GPIOB, &GPIO_InitStruct);
 275:Core/Src/adc.c **** 
 276:Core/Src/adc.c ****   /* USER CODE BEGIN ADC1_MspInit 1 */
 277:Core/Src/adc.c **** 
 278:Core/Src/adc.c ****   /* USER CODE END ADC1_MspInit 1 */
 279:Core/Src/adc.c ****   }
 280:Core/Src/adc.c ****   else if(adcHandle->Instance==ADC2)
 597              		.loc 1 280 8 is_stmt 1 view .LVU189
 598              		.loc 1 280 10 is_stmt 0 view .LVU190
 599 0016 274A     		ldr	r2, .L51+4
 600 0018 9342     		cmp	r3, r2
 601 001a 2CD0     		beq	.L50
 602              	.LVL37:
 603              	.L45:
 281:Core/Src/adc.c ****   {
 282:Core/Src/adc.c ****   /* USER CODE BEGIN ADC2_MspInit 0 */
 283:Core/Src/adc.c **** 
 284:Core/Src/adc.c ****   /* USER CODE END ADC2_MspInit 0 */
 285:Core/Src/adc.c ****     /* ADC2 clock enable */
 286:Core/Src/adc.c ****     __HAL_RCC_ADC2_CLK_ENABLE();
 287:Core/Src/adc.c **** 
 288:Core/Src/adc.c ****     __HAL_RCC_GPIOA_CLK_ENABLE();
 289:Core/Src/adc.c ****     /**ADC2 GPIO Configuration
 290:Core/Src/adc.c ****     PA0-WKUP     ------> ADC2_IN0
 291:Core/Src/adc.c ****     PA1     ------> ADC2_IN1
 292:Core/Src/adc.c ****     PA2     ------> ADC2_IN2
 293:Core/Src/adc.c ****     PA3     ------> ADC2_IN3
 294:Core/Src/adc.c ****     PA4     ------> ADC2_IN4
 295:Core/Src/adc.c ****     PA5     ------> ADC2_IN5
 296:Core/Src/adc.c ****     PA6     ------> ADC2_IN6
ARM GAS  C:\Users\Lenovo\AppData\Local\Temp\ccDQBaTw.s 			page 17


 297:Core/Src/adc.c ****     PA7     ------> ADC2_IN7
 298:Core/Src/adc.c ****     */
 299:Core/Src/adc.c ****     GPIO_InitStruct.Pin = GPIO_PIN_0|GPIO_PIN_1|GPIO_PIN_2|GPIO_PIN_3
 300:Core/Src/adc.c ****                           |GPIO_PIN_4|GPIO_PIN_5|GPIO_PIN_6|GPIO_PIN_7;
 301:Core/Src/adc.c ****     GPIO_InitStruct.Mode = GPIO_MODE_ANALOG;
 302:Core/Src/adc.c ****     HAL_GPIO_Init(GPIOA, &GPIO_InitStruct);
 303:Core/Src/adc.c **** 
 304:Core/Src/adc.c ****   /* USER CODE BEGIN ADC2_MspInit 1 */
 305:Core/Src/adc.c **** 
 306:Core/Src/adc.c ****   /* USER CODE END ADC2_MspInit 1 */
 307:Core/Src/adc.c ****   }
 308:Core/Src/adc.c **** }
 604              		.loc 1 308 1 view .LVU191
 605 001c 0AB0     		add	sp, sp, #40
 606              	.LCFI10:
 607              		.cfi_remember_state
 608              		.cfi_def_cfa_offset 8
 609              		@ sp needed
 610 001e 10BD     		pop	{r4, pc}
 611              	.LVL38:
 612              	.L49:
 613              	.LCFI11:
 614              		.cfi_restore_state
 253:Core/Src/adc.c **** 
 615              		.loc 1 253 5 is_stmt 1 view .LVU192
 616              	.LBB2:
 253:Core/Src/adc.c **** 
 617              		.loc 1 253 5 view .LVU193
 253:Core/Src/adc.c **** 
 618              		.loc 1 253 5 view .LVU194
 619 0020 254B     		ldr	r3, .L51+8
 620 0022 9A69     		ldr	r2, [r3, #24]
 621 0024 42F40072 		orr	r2, r2, #512
 622 0028 9A61     		str	r2, [r3, #24]
 253:Core/Src/adc.c **** 
 623              		.loc 1 253 5 view .LVU195
 624 002a 9A69     		ldr	r2, [r3, #24]
 625 002c 02F40072 		and	r2, r2, #512
 626 0030 0192     		str	r2, [sp, #4]
 253:Core/Src/adc.c **** 
 627              		.loc 1 253 5 view .LVU196
 628 0032 019A     		ldr	r2, [sp, #4]
 629              	.LBE2:
 253:Core/Src/adc.c **** 
 630              		.loc 1 253 5 view .LVU197
 255:Core/Src/adc.c ****     __HAL_RCC_GPIOB_CLK_ENABLE();
 631              		.loc 1 255 5 view .LVU198
 632              	.LBB3:
 255:Core/Src/adc.c ****     __HAL_RCC_GPIOB_CLK_ENABLE();
 633              		.loc 1 255 5 view .LVU199
 255:Core/Src/adc.c ****     __HAL_RCC_GPIOB_CLK_ENABLE();
 634              		.loc 1 255 5 view .LVU200
 635 0034 9A69     		ldr	r2, [r3, #24]
 636 0036 42F01002 		orr	r2, r2, #16
 637 003a 9A61     		str	r2, [r3, #24]
 255:Core/Src/adc.c ****     __HAL_RCC_GPIOB_CLK_ENABLE();
 638              		.loc 1 255 5 view .LVU201
ARM GAS  C:\Users\Lenovo\AppData\Local\Temp\ccDQBaTw.s 			page 18


 639 003c 9A69     		ldr	r2, [r3, #24]
 640 003e 02F01002 		and	r2, r2, #16
 641 0042 0292     		str	r2, [sp, #8]
 255:Core/Src/adc.c ****     __HAL_RCC_GPIOB_CLK_ENABLE();
 642              		.loc 1 255 5 view .LVU202
 643 0044 029A     		ldr	r2, [sp, #8]
 644              	.LBE3:
 255:Core/Src/adc.c ****     __HAL_RCC_GPIOB_CLK_ENABLE();
 645              		.loc 1 255 5 view .LVU203
 256:Core/Src/adc.c ****     /**ADC1 GPIO Configuration
 646              		.loc 1 256 5 view .LVU204
 647              	.LBB4:
 256:Core/Src/adc.c ****     /**ADC1 GPIO Configuration
 648              		.loc 1 256 5 view .LVU205
 256:Core/Src/adc.c ****     /**ADC1 GPIO Configuration
 649              		.loc 1 256 5 view .LVU206
 650 0046 9A69     		ldr	r2, [r3, #24]
 651 0048 42F00802 		orr	r2, r2, #8
 652 004c 9A61     		str	r2, [r3, #24]
 256:Core/Src/adc.c ****     /**ADC1 GPIO Configuration
 653              		.loc 1 256 5 view .LVU207
 654 004e 9B69     		ldr	r3, [r3, #24]
 655 0050 03F00803 		and	r3, r3, #8
 656 0054 0393     		str	r3, [sp, #12]
 256:Core/Src/adc.c ****     /**ADC1 GPIO Configuration
 657              		.loc 1 256 5 view .LVU208
 658 0056 039B     		ldr	r3, [sp, #12]
 659              	.LBE4:
 256:Core/Src/adc.c ****     /**ADC1 GPIO Configuration
 660              		.loc 1 256 5 view .LVU209
 267:Core/Src/adc.c ****                           |GPIO_PIN_4|GPIO_PIN_5;
 661              		.loc 1 267 5 view .LVU210
 267:Core/Src/adc.c ****                           |GPIO_PIN_4|GPIO_PIN_5;
 662              		.loc 1 267 25 is_stmt 0 view .LVU211
 663 0058 3F23     		movs	r3, #63
 664 005a 0693     		str	r3, [sp, #24]
 269:Core/Src/adc.c ****     HAL_GPIO_Init(GPIOC, &GPIO_InitStruct);
 665              		.loc 1 269 5 is_stmt 1 view .LVU212
 269:Core/Src/adc.c ****     HAL_GPIO_Init(GPIOC, &GPIO_InitStruct);
 666              		.loc 1 269 26 is_stmt 0 view .LVU213
 667 005c 0324     		movs	r4, #3
 668 005e 0794     		str	r4, [sp, #28]
 270:Core/Src/adc.c **** 
 669              		.loc 1 270 5 is_stmt 1 view .LVU214
 670 0060 06A9     		add	r1, sp, #24
 671 0062 1648     		ldr	r0, .L51+12
 672              	.LVL39:
 270:Core/Src/adc.c **** 
 673              		.loc 1 270 5 is_stmt 0 view .LVU215
 674 0064 FFF7FEFF 		bl	HAL_GPIO_Init
 675              	.LVL40:
 272:Core/Src/adc.c ****     GPIO_InitStruct.Mode = GPIO_MODE_ANALOG;
 676              		.loc 1 272 5 is_stmt 1 view .LVU216
 272:Core/Src/adc.c ****     GPIO_InitStruct.Mode = GPIO_MODE_ANALOG;
 677              		.loc 1 272 25 is_stmt 0 view .LVU217
 678 0068 0694     		str	r4, [sp, #24]
 273:Core/Src/adc.c ****     HAL_GPIO_Init(GPIOB, &GPIO_InitStruct);
ARM GAS  C:\Users\Lenovo\AppData\Local\Temp\ccDQBaTw.s 			page 19


 679              		.loc 1 273 5 is_stmt 1 view .LVU218
 273:Core/Src/adc.c ****     HAL_GPIO_Init(GPIOB, &GPIO_InitStruct);
 680              		.loc 1 273 26 is_stmt 0 view .LVU219
 681 006a 0794     		str	r4, [sp, #28]
 274:Core/Src/adc.c **** 
 682              		.loc 1 274 5 is_stmt 1 view .LVU220
 683 006c 06A9     		add	r1, sp, #24
 684 006e 1448     		ldr	r0, .L51+16
 685 0070 FFF7FEFF 		bl	HAL_GPIO_Init
 686              	.LVL41:
 687 0074 D2E7     		b	.L45
 688              	.LVL42:
 689              	.L50:
 286:Core/Src/adc.c **** 
 690              		.loc 1 286 5 view .LVU221
 691              	.LBB5:
 286:Core/Src/adc.c **** 
 692              		.loc 1 286 5 view .LVU222
 286:Core/Src/adc.c **** 
 693              		.loc 1 286 5 view .LVU223
 694 0076 104B     		ldr	r3, .L51+8
 695 0078 9A69     		ldr	r2, [r3, #24]
 696 007a 42F48062 		orr	r2, r2, #1024
 697 007e 9A61     		str	r2, [r3, #24]
 286:Core/Src/adc.c **** 
 698              		.loc 1 286 5 view .LVU224
 699 0080 9A69     		ldr	r2, [r3, #24]
 700 0082 02F48062 		and	r2, r2, #1024
 701 0086 0492     		str	r2, [sp, #16]
 286:Core/Src/adc.c **** 
 702              		.loc 1 286 5 view .LVU225
 703 0088 049A     		ldr	r2, [sp, #16]
 704              	.LBE5:
 286:Core/Src/adc.c **** 
 705              		.loc 1 286 5 view .LVU226
 288:Core/Src/adc.c ****     /**ADC2 GPIO Configuration
 706              		.loc 1 288 5 view .LVU227
 707              	.LBB6:
 288:Core/Src/adc.c ****     /**ADC2 GPIO Configuration
 708              		.loc 1 288 5 view .LVU228
 288:Core/Src/adc.c ****     /**ADC2 GPIO Configuration
 709              		.loc 1 288 5 view .LVU229
 710 008a 9A69     		ldr	r2, [r3, #24]
 711 008c 42F00402 		orr	r2, r2, #4
 712 0090 9A61     		str	r2, [r3, #24]
 288:Core/Src/adc.c ****     /**ADC2 GPIO Configuration
 713              		.loc 1 288 5 view .LVU230
 714 0092 9B69     		ldr	r3, [r3, #24]
 715 0094 03F00403 		and	r3, r3, #4
 716 0098 0593     		str	r3, [sp, #20]
 288:Core/Src/adc.c ****     /**ADC2 GPIO Configuration
 717              		.loc 1 288 5 view .LVU231
 718 009a 059B     		ldr	r3, [sp, #20]
 719              	.LBE6:
 288:Core/Src/adc.c ****     /**ADC2 GPIO Configuration
 720              		.loc 1 288 5 view .LVU232
 299:Core/Src/adc.c ****                           |GPIO_PIN_4|GPIO_PIN_5|GPIO_PIN_6|GPIO_PIN_7;
ARM GAS  C:\Users\Lenovo\AppData\Local\Temp\ccDQBaTw.s 			page 20


 721              		.loc 1 299 5 view .LVU233
 299:Core/Src/adc.c ****                           |GPIO_PIN_4|GPIO_PIN_5|GPIO_PIN_6|GPIO_PIN_7;
 722              		.loc 1 299 25 is_stmt 0 view .LVU234
 723 009c FF23     		movs	r3, #255
 724 009e 0693     		str	r3, [sp, #24]
 301:Core/Src/adc.c ****     HAL_GPIO_Init(GPIOA, &GPIO_InitStruct);
 725              		.loc 1 301 5 is_stmt 1 view .LVU235
 301:Core/Src/adc.c ****     HAL_GPIO_Init(GPIOA, &GPIO_InitStruct);
 726              		.loc 1 301 26 is_stmt 0 view .LVU236
 727 00a0 0323     		movs	r3, #3
 728 00a2 0793     		str	r3, [sp, #28]
 302:Core/Src/adc.c **** 
 729              		.loc 1 302 5 is_stmt 1 view .LVU237
 730 00a4 06A9     		add	r1, sp, #24
 731 00a6 0748     		ldr	r0, .L51+20
 732              	.LVL43:
 302:Core/Src/adc.c **** 
 733              		.loc 1 302 5 is_stmt 0 view .LVU238
 734 00a8 FFF7FEFF 		bl	HAL_GPIO_Init
 735              	.LVL44:
 736              		.loc 1 308 1 view .LVU239
 737 00ac B6E7     		b	.L45
 738              	.L52:
 739 00ae 00BF     		.align	2
 740              	.L51:
 741 00b0 00240140 		.word	1073816576
 742 00b4 00280140 		.word	1073817600
 743 00b8 00100240 		.word	1073876992
 744 00bc 00100140 		.word	1073811456
 745 00c0 000C0140 		.word	1073810432
 746 00c4 00080140 		.word	1073809408
 747              		.cfi_endproc
 748              	.LFE67:
 750              		.section	.text.HAL_ADC_MspDeInit,"ax",%progbits
 751              		.align	1
 752              		.global	HAL_ADC_MspDeInit
 753              		.syntax unified
 754              		.thumb
 755              		.thumb_func
 757              	HAL_ADC_MspDeInit:
 758              	.LVL45:
 759              	.LFB68:
 309:Core/Src/adc.c **** 
 310:Core/Src/adc.c **** void HAL_ADC_MspDeInit(ADC_HandleTypeDef* adcHandle)
 311:Core/Src/adc.c **** {
 760              		.loc 1 311 1 is_stmt 1 view -0
 761              		.cfi_startproc
 762              		@ args = 0, pretend = 0, frame = 0
 763              		@ frame_needed = 0, uses_anonymous_args = 0
 764              		.loc 1 311 1 is_stmt 0 view .LVU241
 765 0000 08B5     		push	{r3, lr}
 766              	.LCFI12:
 767              		.cfi_def_cfa_offset 8
 768              		.cfi_offset 3, -8
 769              		.cfi_offset 14, -4
 312:Core/Src/adc.c **** 
 313:Core/Src/adc.c ****   if(adcHandle->Instance==ADC1)
ARM GAS  C:\Users\Lenovo\AppData\Local\Temp\ccDQBaTw.s 			page 21


 770              		.loc 1 313 3 is_stmt 1 view .LVU242
 771              		.loc 1 313 15 is_stmt 0 view .LVU243
 772 0002 0368     		ldr	r3, [r0]
 773              		.loc 1 313 5 view .LVU244
 774 0004 104A     		ldr	r2, .L59
 775 0006 9342     		cmp	r3, r2
 776 0008 03D0     		beq	.L57
 314:Core/Src/adc.c ****   {
 315:Core/Src/adc.c ****   /* USER CODE BEGIN ADC1_MspDeInit 0 */
 316:Core/Src/adc.c **** 
 317:Core/Src/adc.c ****   /* USER CODE END ADC1_MspDeInit 0 */
 318:Core/Src/adc.c ****     /* Peripheral clock disable */
 319:Core/Src/adc.c ****     __HAL_RCC_ADC1_CLK_DISABLE();
 320:Core/Src/adc.c **** 
 321:Core/Src/adc.c ****     /**ADC1 GPIO Configuration
 322:Core/Src/adc.c ****     PC0     ------> ADC1_IN10
 323:Core/Src/adc.c ****     PC1     ------> ADC1_IN11
 324:Core/Src/adc.c ****     PC2     ------> ADC1_IN12
 325:Core/Src/adc.c ****     PC3     ------> ADC1_IN13
 326:Core/Src/adc.c ****     PC4     ------> ADC1_IN14
 327:Core/Src/adc.c ****     PC5     ------> ADC1_IN15
 328:Core/Src/adc.c ****     PB0     ------> ADC1_IN8
 329:Core/Src/adc.c ****     PB1     ------> ADC1_IN9
 330:Core/Src/adc.c ****     */
 331:Core/Src/adc.c ****     HAL_GPIO_DeInit(GPIOC, GPIO_PIN_0|GPIO_PIN_1|GPIO_PIN_2|GPIO_PIN_3
 332:Core/Src/adc.c ****                           |GPIO_PIN_4|GPIO_PIN_5);
 333:Core/Src/adc.c **** 
 334:Core/Src/adc.c ****     HAL_GPIO_DeInit(GPIOB, GPIO_PIN_0|GPIO_PIN_1);
 335:Core/Src/adc.c **** 
 336:Core/Src/adc.c ****   /* USER CODE BEGIN ADC1_MspDeInit 1 */
 337:Core/Src/adc.c **** 
 338:Core/Src/adc.c ****   /* USER CODE END ADC1_MspDeInit 1 */
 339:Core/Src/adc.c ****   }
 340:Core/Src/adc.c ****   else if(adcHandle->Instance==ADC2)
 777              		.loc 1 340 8 is_stmt 1 view .LVU245
 778              		.loc 1 340 10 is_stmt 0 view .LVU246
 779 000a 104A     		ldr	r2, .L59+4
 780 000c 9342     		cmp	r3, r2
 781 000e 0FD0     		beq	.L58
 782              	.LVL46:
 783              	.L53:
 341:Core/Src/adc.c ****   {
 342:Core/Src/adc.c ****   /* USER CODE BEGIN ADC2_MspDeInit 0 */
 343:Core/Src/adc.c **** 
 344:Core/Src/adc.c ****   /* USER CODE END ADC2_MspDeInit 0 */
 345:Core/Src/adc.c ****     /* Peripheral clock disable */
 346:Core/Src/adc.c ****     __HAL_RCC_ADC2_CLK_DISABLE();
 347:Core/Src/adc.c **** 
 348:Core/Src/adc.c ****     /**ADC2 GPIO Configuration
 349:Core/Src/adc.c ****     PA0-WKUP     ------> ADC2_IN0
 350:Core/Src/adc.c ****     PA1     ------> ADC2_IN1
 351:Core/Src/adc.c ****     PA2     ------> ADC2_IN2
 352:Core/Src/adc.c ****     PA3     ------> ADC2_IN3
 353:Core/Src/adc.c ****     PA4     ------> ADC2_IN4
 354:Core/Src/adc.c ****     PA5     ------> ADC2_IN5
 355:Core/Src/adc.c ****     PA6     ------> ADC2_IN6
 356:Core/Src/adc.c ****     PA7     ------> ADC2_IN7
ARM GAS  C:\Users\Lenovo\AppData\Local\Temp\ccDQBaTw.s 			page 22


 357:Core/Src/adc.c ****     */
 358:Core/Src/adc.c ****     HAL_GPIO_DeInit(GPIOA, GPIO_PIN_0|GPIO_PIN_1|GPIO_PIN_2|GPIO_PIN_3
 359:Core/Src/adc.c ****                           |GPIO_PIN_4|GPIO_PIN_5|GPIO_PIN_6|GPIO_PIN_7);
 360:Core/Src/adc.c **** 
 361:Core/Src/adc.c ****   /* USER CODE BEGIN ADC2_MspDeInit 1 */
 362:Core/Src/adc.c **** 
 363:Core/Src/adc.c ****   /* USER CODE END ADC2_MspDeInit 1 */
 364:Core/Src/adc.c ****   }
 365:Core/Src/adc.c **** }
 784              		.loc 1 365 1 view .LVU247
 785 0010 08BD     		pop	{r3, pc}
 786              	.LVL47:
 787              	.L57:
 319:Core/Src/adc.c **** 
 788              		.loc 1 319 5 is_stmt 1 view .LVU248
 789 0012 02F56C42 		add	r2, r2, #60416
 790 0016 9369     		ldr	r3, [r2, #24]
 791 0018 23F40073 		bic	r3, r3, #512
 792 001c 9361     		str	r3, [r2, #24]
 331:Core/Src/adc.c ****                           |GPIO_PIN_4|GPIO_PIN_5);
 793              		.loc 1 331 5 view .LVU249
 794 001e 3F21     		movs	r1, #63
 795 0020 0B48     		ldr	r0, .L59+8
 796              	.LVL48:
 331:Core/Src/adc.c ****                           |GPIO_PIN_4|GPIO_PIN_5);
 797              		.loc 1 331 5 is_stmt 0 view .LVU250
 798 0022 FFF7FEFF 		bl	HAL_GPIO_DeInit
 799              	.LVL49:
 334:Core/Src/adc.c **** 
 800              		.loc 1 334 5 is_stmt 1 view .LVU251
 801 0026 0321     		movs	r1, #3
 802 0028 0A48     		ldr	r0, .L59+12
 803 002a FFF7FEFF 		bl	HAL_GPIO_DeInit
 804              	.LVL50:
 805 002e EFE7     		b	.L53
 806              	.LVL51:
 807              	.L58:
 346:Core/Src/adc.c **** 
 808              		.loc 1 346 5 view .LVU252
 809 0030 02F56842 		add	r2, r2, #59392
 810 0034 9369     		ldr	r3, [r2, #24]
 811 0036 23F48063 		bic	r3, r3, #1024
 812 003a 9361     		str	r3, [r2, #24]
 358:Core/Src/adc.c ****                           |GPIO_PIN_4|GPIO_PIN_5|GPIO_PIN_6|GPIO_PIN_7);
 813              		.loc 1 358 5 view .LVU253
 814 003c FF21     		movs	r1, #255
 815 003e 0648     		ldr	r0, .L59+16
 816              	.LVL52:
 358:Core/Src/adc.c ****                           |GPIO_PIN_4|GPIO_PIN_5|GPIO_PIN_6|GPIO_PIN_7);
 817              		.loc 1 358 5 is_stmt 0 view .LVU254
 818 0040 FFF7FEFF 		bl	HAL_GPIO_DeInit
 819              	.LVL53:
 820              		.loc 1 365 1 view .LVU255
 821 0044 E4E7     		b	.L53
 822              	.L60:
 823 0046 00BF     		.align	2
 824              	.L59:
ARM GAS  C:\Users\Lenovo\AppData\Local\Temp\ccDQBaTw.s 			page 23


 825 0048 00240140 		.word	1073816576
 826 004c 00280140 		.word	1073817600
 827 0050 00100140 		.word	1073811456
 828 0054 000C0140 		.word	1073810432
 829 0058 00080140 		.word	1073809408
 830              		.cfi_endproc
 831              	.LFE68:
 833              		.global	hadc2
 834              		.section	.bss.hadc2,"aw",%nobits
 835              		.align	2
 838              	hadc2:
 839 0000 00000000 		.space	48
 839      00000000 
 839      00000000 
 839      00000000 
 839      00000000 
 840              		.global	hadc1
 841              		.section	.bss.hadc1,"aw",%nobits
 842              		.align	2
 845              	hadc1:
 846 0000 00000000 		.space	48
 846      00000000 
 846      00000000 
 846      00000000 
 846      00000000 
 847              		.text
 848              	.Letext0:
 849              		.file 2 "d:\\msys64\\mingw64\\arm-none-eabi\\include\\machine\\_default_types.h"
 850              		.file 3 "d:\\msys64\\mingw64\\arm-none-eabi\\include\\sys\\_stdint.h"
 851              		.file 4 "Drivers/CMSIS/Device/ST/STM32F1xx/Include/stm32f103xe.h"
 852              		.file 5 "Drivers/CMSIS/Device/ST/STM32F1xx/Include/stm32f1xx.h"
 853              		.file 6 "Drivers/STM32F1xx_HAL_Driver/Inc/stm32f1xx_hal_def.h"
 854              		.file 7 "Drivers/STM32F1xx_HAL_Driver/Inc/stm32f1xx_hal_gpio.h"
 855              		.file 8 "Drivers/STM32F1xx_HAL_Driver/Inc/stm32f1xx_hal_dma.h"
 856              		.file 9 "Drivers/STM32F1xx_HAL_Driver/Inc/stm32f1xx_hal_adc.h"
 857              		.file 10 "Core/Inc/adc.h"
 858              		.file 11 "Core/Inc/main.h"
ARM GAS  C:\Users\Lenovo\AppData\Local\Temp\ccDQBaTw.s 			page 24


DEFINED SYMBOLS
                            *ABS*:0000000000000000 adc.c
C:\Users\Lenovo\AppData\Local\Temp\ccDQBaTw.s:19     .text.MX_ADC1_Init:0000000000000000 $t
C:\Users\Lenovo\AppData\Local\Temp\ccDQBaTw.s:25     .text.MX_ADC1_Init:0000000000000000 MX_ADC1_Init
C:\Users\Lenovo\AppData\Local\Temp\ccDQBaTw.s:284    .text.MX_ADC1_Init:0000000000000110 $d
C:\Users\Lenovo\AppData\Local\Temp\ccDQBaTw.s:845    .bss.hadc1:0000000000000000 hadc1
C:\Users\Lenovo\AppData\Local\Temp\ccDQBaTw.s:290    .text.MX_ADC2_Init:0000000000000000 $t
C:\Users\Lenovo\AppData\Local\Temp\ccDQBaTw.s:296    .text.MX_ADC2_Init:0000000000000000 MX_ADC2_Init
C:\Users\Lenovo\AppData\Local\Temp\ccDQBaTw.s:555    .text.MX_ADC2_Init:0000000000000110 $d
C:\Users\Lenovo\AppData\Local\Temp\ccDQBaTw.s:838    .bss.hadc2:0000000000000000 hadc2
C:\Users\Lenovo\AppData\Local\Temp\ccDQBaTw.s:561    .text.HAL_ADC_MspInit:0000000000000000 $t
C:\Users\Lenovo\AppData\Local\Temp\ccDQBaTw.s:567    .text.HAL_ADC_MspInit:0000000000000000 HAL_ADC_MspInit
C:\Users\Lenovo\AppData\Local\Temp\ccDQBaTw.s:741    .text.HAL_ADC_MspInit:00000000000000b0 $d
C:\Users\Lenovo\AppData\Local\Temp\ccDQBaTw.s:751    .text.HAL_ADC_MspDeInit:0000000000000000 $t
C:\Users\Lenovo\AppData\Local\Temp\ccDQBaTw.s:757    .text.HAL_ADC_MspDeInit:0000000000000000 HAL_ADC_MspDeInit
C:\Users\Lenovo\AppData\Local\Temp\ccDQBaTw.s:825    .text.HAL_ADC_MspDeInit:0000000000000048 $d
C:\Users\Lenovo\AppData\Local\Temp\ccDQBaTw.s:835    .bss.hadc2:0000000000000000 $d
C:\Users\Lenovo\AppData\Local\Temp\ccDQBaTw.s:842    .bss.hadc1:0000000000000000 $d

UNDEFINED SYMBOLS
HAL_ADC_Init
HAL_ADC_ConfigChannel
Error_Handler
HAL_GPIO_Init
HAL_GPIO_DeInit
