ARM GAS  C:\Users\Lenovo\AppData\Local\Temp\ccxdEBlm.s 			page 1


   1              		.cpu cortex-m3
   2              		.arch armv7-m
   3              		.fpu softvfp
   4              		.eabi_attribute 20, 1
   5              		.eabi_attribute 21, 1
   6              		.eabi_attribute 23, 3
   7              		.eabi_attribute 24, 1
   8              		.eabi_attribute 25, 1
   9              		.eabi_attribute 26, 1
  10              		.eabi_attribute 30, 6
  11              		.eabi_attribute 34, 1
  12              		.eabi_attribute 18, 4
  13              		.file	"ADS1015.c"
  14              		.text
  15              	.Ltext0:
  16              		.cfi_sections	.debug_frame
  17              		.file 1 "BBBOOM/Src/ADS1015.c"
  18              		.global	ADS1015_CONFIG
  19              		.section	.bss.ADS1015_CONFIG,"aw",%nobits
  20              		.align	1
  23              	ADS1015_CONFIG:
  24 0000 0000     		.space	2
  25              		.section	.text.ADS1015_Config,"ax",%progbits
  26              		.align	1
  27              		.global	ADS1015_Config
  28              		.syntax unified
  29              		.thumb
  30              		.thumb_func
  32              	ADS1015_Config:
  33              	.LFB65:
   1:BBBOOM/Src/ADS1015.c **** #include "ADS1015.h"
   2:BBBOOM/Src/ADS1015.c **** 
   3:BBBOOM/Src/ADS1015.c **** uint16_t ADS1015_CONFIG;//定义ADS1015配置变量
   4:BBBOOM/Src/ADS1015.c **** 
   5:BBBOOM/Src/ADS1015.c **** //ADS1015配置函数
   6:BBBOOM/Src/ADS1015.c **** //channel:模数转换通道
   7:BBBOOM/Src/ADS1015.c **** void ADS1015_Config(I2C_HandleTypeDef I2cHandle,uint8_t TnputMUX,uint8_t Channel)
   8:BBBOOM/Src/ADS1015.c **** {
  34              		.loc 1 8 1
  35              		.cfi_startproc
  36              		@ args = 92, pretend = 16, frame = 0
  37              		@ frame_needed = 1, uses_anonymous_args = 0
  38              		@ link register save eliminated.
  39 0000 84B0     		sub	sp, sp, #16
  40              	.LCFI0:
  41              		.cfi_def_cfa_offset 16
  42 0002 90B4     		push	{r4, r7}
  43              	.LCFI1:
  44              		.cfi_def_cfa_offset 24
  45              		.cfi_offset 4, -24
  46              		.cfi_offset 7, -20
  47 0004 00AF     		add	r7, sp, #0
  48              	.LCFI2:
  49              		.cfi_def_cfa_register 7
  50 0006 07F10804 		add	r4, r7, #8
  51 000a 84E80F00 		stm	r4, {r0, r1, r2, r3}
   9:BBBOOM/Src/ADS1015.c **** 	// Start with default values
ARM GAS  C:\Users\Lenovo\AppData\Local\Temp\ccxdEBlm.s 			page 2


  10:BBBOOM/Src/ADS1015.c **** 	ADS1015_CONFIG  = ADS1015_REG_CONFIG_CQUE_NONE  | // Disable the comparator (default val)
  52              		.loc 1 10 18
  53 000e 3E4B     		ldr	r3, .L17
  54 0010 40F2C312 		movw	r2, #451
  55 0014 1A80     		strh	r2, [r3]	@ movhi
  11:BBBOOM/Src/ADS1015.c **** 					ADS1015_REG_CONFIG_CLAT_NONLAT  | // Non-latching (default val)
  12:BBBOOM/Src/ADS1015.c **** 					ADS1015_REG_CONFIG_CPOL_ACTVLOW | // Alert/Rdy active low   (default val)
  13:BBBOOM/Src/ADS1015.c **** 					ADS1015_REG_CONFIG_CMODE_TRAD   | // Traditional comparator (default val)
  14:BBBOOM/Src/ADS1015.c **** 					ADS1015_REG_CONFIG_DR_3300SPS   | // 3300 samples per second (default)
  15:BBBOOM/Src/ADS1015.c **** 					ADS1015_REG_CONFIG_MODE_SINGLE;   // Single-shot mode (default)
  16:BBBOOM/Src/ADS1015.c **** 
  17:BBBOOM/Src/ADS1015.c **** 	// Set PGA/voltage range
  18:BBBOOM/Src/ADS1015.c **** 	ADS1015_CONFIG |= ADS1015_REG_CONFIG_PGA_4_096V;
  56              		.loc 1 18 17
  57 0016 3C4B     		ldr	r3, .L17
  58 0018 1B88     		ldrh	r3, [r3]
  59 001a 43F40073 		orr	r3, r3, #512
  60 001e 9AB2     		uxth	r2, r3
  61 0020 394B     		ldr	r3, .L17
  62 0022 1A80     		strh	r2, [r3]	@ movhi
  19:BBBOOM/Src/ADS1015.c **** 	if(TnputMUX == ADS1015_DUAL_END)
  63              		.loc 1 19 4
  64 0024 97F85C30 		ldrb	r3, [r7, #92]	@ zero_extendqisi2
  65 0028 002B     		cmp	r3, #0
  66 002a 2CD1     		bne	.L2
  20:BBBOOM/Src/ADS1015.c **** 	{
  21:BBBOOM/Src/ADS1015.c **** 		switch (Channel)
  67              		.loc 1 21 3
  68 002c 97F86030 		ldrb	r3, [r7, #96]	@ zero_extendqisi2
  69 0030 032B     		cmp	r3, #3
  70 0032 5BD8     		bhi	.L9
  71 0034 01A2     		adr	r2, .L5
  72 0036 52F823F0 		ldr	pc, [r2, r3, lsl #2]
  73 003a 00BF     		.p2align 2
  74              	.L5:
  75 003c 4D000000 		.word	.L8+1
  76 0040 57000000 		.word	.L7+1
  77 0044 67000000 		.word	.L6+1
  78 0048 77000000 		.word	.L4+1
  79              		.p2align 1
  80              	.L8:
  22:BBBOOM/Src/ADS1015.c **** 		{
  23:BBBOOM/Src/ADS1015.c **** 		case (0):
  24:BBBOOM/Src/ADS1015.c **** 		  ADS1015_CONFIG |= ADS1015_REG_CONFIG_MUX_DIFF_0_1;
  81              		.loc 1 24 20
  82 004c 2E4B     		ldr	r3, .L17
  83 004e 1A88     		ldrh	r2, [r3]
  84 0050 2D4B     		ldr	r3, .L17
  85 0052 1A80     		strh	r2, [r3]	@ movhi
  25:BBBOOM/Src/ADS1015.c **** 		  break;
  86              		.loc 1 25 5
  87 0054 4AE0     		b	.L9
  88              	.L7:
  26:BBBOOM/Src/ADS1015.c **** 		case (1):
  27:BBBOOM/Src/ADS1015.c **** 		  ADS1015_CONFIG |= ADS1015_REG_CONFIG_MUX_DIFF_0_3;
  89              		.loc 1 27 20
  90 0056 2C4B     		ldr	r3, .L17
ARM GAS  C:\Users\Lenovo\AppData\Local\Temp\ccxdEBlm.s 			page 3


  91 0058 1B88     		ldrh	r3, [r3]
  92 005a 43F48053 		orr	r3, r3, #4096
  93 005e 9AB2     		uxth	r2, r3
  94 0060 294B     		ldr	r3, .L17
  95 0062 1A80     		strh	r2, [r3]	@ movhi
  28:BBBOOM/Src/ADS1015.c **** 		  break;
  96              		.loc 1 28 5
  97 0064 42E0     		b	.L9
  98              	.L6:
  29:BBBOOM/Src/ADS1015.c **** 		case (2):
  30:BBBOOM/Src/ADS1015.c **** 		  ADS1015_CONFIG |= ADS1015_REG_CONFIG_MUX_DIFF_1_3;
  99              		.loc 1 30 20
 100 0066 284B     		ldr	r3, .L17
 101 0068 1B88     		ldrh	r3, [r3]
 102 006a 43F40053 		orr	r3, r3, #8192
 103 006e 9AB2     		uxth	r2, r3
 104 0070 254B     		ldr	r3, .L17
 105 0072 1A80     		strh	r2, [r3]	@ movhi
  31:BBBOOM/Src/ADS1015.c **** 		  break;
 106              		.loc 1 31 5
 107 0074 3AE0     		b	.L9
 108              	.L4:
  32:BBBOOM/Src/ADS1015.c **** 		case (3):
  33:BBBOOM/Src/ADS1015.c **** 		  ADS1015_CONFIG |= ADS1015_REG_CONFIG_MUX_DIFF_2_3;
 109              		.loc 1 33 20
 110 0076 244B     		ldr	r3, .L17
 111 0078 1B88     		ldrh	r3, [r3]
 112 007a 43F44053 		orr	r3, r3, #12288
 113 007e 9AB2     		uxth	r2, r3
 114 0080 214B     		ldr	r3, .L17
 115 0082 1A80     		strh	r2, [r3]	@ movhi
  34:BBBOOM/Src/ADS1015.c **** 		  break;
 116              		.loc 1 34 5
 117 0084 32E0     		b	.L9
 118              	.L2:
  35:BBBOOM/Src/ADS1015.c **** 		}
  36:BBBOOM/Src/ADS1015.c **** 	}
  37:BBBOOM/Src/ADS1015.c **** 	else if(TnputMUX == ADS1015_SINGLE_END)
 119              		.loc 1 37 9
 120 0086 97F85C30 		ldrb	r3, [r7, #92]	@ zero_extendqisi2
 121 008a 012B     		cmp	r3, #1
 122 008c 2ED1     		bne	.L9
  38:BBBOOM/Src/ADS1015.c **** 	{
  39:BBBOOM/Src/ADS1015.c **** 		switch (Channel)
 123              		.loc 1 39 3
 124 008e 97F86030 		ldrb	r3, [r7, #96]	@ zero_extendqisi2
 125 0092 032B     		cmp	r3, #3
 126 0094 2AD8     		bhi	.L9
 127 0096 01A2     		adr	r2, .L11
 128 0098 52F823F0 		ldr	pc, [r2, r3, lsl #2]
 129              		.p2align 2
 130              	.L11:
 131 009c AD000000 		.word	.L14+1
 132 00a0 BD000000 		.word	.L13+1
 133 00a4 CD000000 		.word	.L12+1
 134 00a8 DD000000 		.word	.L10+1
 135              		.p2align 1
ARM GAS  C:\Users\Lenovo\AppData\Local\Temp\ccxdEBlm.s 			page 4


 136              	.L14:
  40:BBBOOM/Src/ADS1015.c **** 		{
  41:BBBOOM/Src/ADS1015.c **** 		case (0):
  42:BBBOOM/Src/ADS1015.c **** 		  ADS1015_CONFIG |= ADS1015_REG_CONFIG_MUX_SINGLE_0;
 137              		.loc 1 42 20
 138 00ac 164B     		ldr	r3, .L17
 139 00ae 1B88     		ldrh	r3, [r3]
 140 00b0 43F48043 		orr	r3, r3, #16384
 141 00b4 9AB2     		uxth	r2, r3
 142 00b6 144B     		ldr	r3, .L17
 143 00b8 1A80     		strh	r2, [r3]	@ movhi
  43:BBBOOM/Src/ADS1015.c **** 		  break;
 144              		.loc 1 43 5
 145 00ba 17E0     		b	.L9
 146              	.L13:
  44:BBBOOM/Src/ADS1015.c **** 		case (1):
  45:BBBOOM/Src/ADS1015.c **** 		  ADS1015_CONFIG |= ADS1015_REG_CONFIG_MUX_SINGLE_1;
 147              		.loc 1 45 20
 148 00bc 124B     		ldr	r3, .L17
 149 00be 1B88     		ldrh	r3, [r3]
 150 00c0 43F4A043 		orr	r3, r3, #20480
 151 00c4 9AB2     		uxth	r2, r3
 152 00c6 104B     		ldr	r3, .L17
 153 00c8 1A80     		strh	r2, [r3]	@ movhi
  46:BBBOOM/Src/ADS1015.c **** 		  break;
 154              		.loc 1 46 5
 155 00ca 0FE0     		b	.L9
 156              	.L12:
  47:BBBOOM/Src/ADS1015.c **** 		case (2):
  48:BBBOOM/Src/ADS1015.c **** 		  ADS1015_CONFIG |= ADS1015_REG_CONFIG_MUX_SINGLE_2;
 157              		.loc 1 48 20
 158 00cc 0E4B     		ldr	r3, .L17
 159 00ce 1B88     		ldrh	r3, [r3]
 160 00d0 43F4C043 		orr	r3, r3, #24576
 161 00d4 9AB2     		uxth	r2, r3
 162 00d6 0C4B     		ldr	r3, .L17
 163 00d8 1A80     		strh	r2, [r3]	@ movhi
  49:BBBOOM/Src/ADS1015.c **** 		  break;
 164              		.loc 1 49 5
 165 00da 07E0     		b	.L9
 166              	.L10:
  50:BBBOOM/Src/ADS1015.c **** 		case (3):
  51:BBBOOM/Src/ADS1015.c **** 		  ADS1015_CONFIG |= ADS1015_REG_CONFIG_MUX_SINGLE_3;
 167              		.loc 1 51 20
 168 00dc 0A4B     		ldr	r3, .L17
 169 00de 1B88     		ldrh	r3, [r3]
 170 00e0 43F4E043 		orr	r3, r3, #28672
 171 00e4 9AB2     		uxth	r2, r3
 172 00e6 084B     		ldr	r3, .L17
 173 00e8 1A80     		strh	r2, [r3]	@ movhi
  52:BBBOOM/Src/ADS1015.c **** 		  break;
 174              		.loc 1 52 5
 175 00ea 00BF     		nop
 176              	.L9:
  53:BBBOOM/Src/ADS1015.c **** 		}
  54:BBBOOM/Src/ADS1015.c **** 	}
  55:BBBOOM/Src/ADS1015.c **** 
ARM GAS  C:\Users\Lenovo\AppData\Local\Temp\ccxdEBlm.s 			page 5


  56:BBBOOM/Src/ADS1015.c **** 	// Set 'start single-conversion' bit
  57:BBBOOM/Src/ADS1015.c **** 	ADS1015_CONFIG |= ADS1015_REG_CONFIG_OS_SINGLE;
 177              		.loc 1 57 17
 178 00ec 064B     		ldr	r3, .L17
 179 00ee 1B88     		ldrh	r3, [r3]
 180 00f0 6FEA4343 		mvn	r3, r3, lsl #17
 181 00f4 6FEA5343 		mvn	r3, r3, lsr #17
 182 00f8 9AB2     		uxth	r2, r3
 183 00fa 034B     		ldr	r3, .L17
 184 00fc 1A80     		strh	r2, [r3]	@ movhi
  58:BBBOOM/Src/ADS1015.c **** }
 185              		.loc 1 58 1
 186 00fe 00BF     		nop
 187 0100 BD46     		mov	sp, r7
 188              	.LCFI3:
 189              		.cfi_def_cfa_register 13
 190              		@ sp needed
 191 0102 90BC     		pop	{r4, r7}
 192              	.LCFI4:
 193              		.cfi_restore 7
 194              		.cfi_restore 4
 195              		.cfi_def_cfa_offset 16
 196 0104 04B0     		add	sp, sp, #16
 197              	.LCFI5:
 198              		.cfi_def_cfa_offset 0
 199 0106 7047     		bx	lr
 200              	.L18:
 201              		.align	2
 202              	.L17:
 203 0108 00000000 		.word	ADS1015_CONFIG
 204              		.cfi_endproc
 205              	.LFE65:
 207              		.section	.text.ADS1015_Read_Data,"ax",%progbits
 208              		.align	1
 209              		.global	ADS1015_Read_Data
 210              		.syntax unified
 211              		.thumb
 212              		.thumb_func
 214              	ADS1015_Read_Data:
 215              	.LFB66:
  59:BBBOOM/Src/ADS1015.c **** 
  60:BBBOOM/Src/ADS1015.c **** 
  61:BBBOOM/Src/ADS1015.c **** //AD1015读取ADC转换数据（即CONVERT寄存器）
  62:BBBOOM/Src/ADS1015.c **** //返回值：获取的12位ADC值
  63:BBBOOM/Src/ADS1015.c **** int16_t ADS1015_Read_Data(I2C_HandleTypeDef I2cHandle,uint8_t FirADCRead)
  64:BBBOOM/Src/ADS1015.c **** {
 216              		.loc 1 64 1
 217              		.cfi_startproc
 218              		@ args = 88, pretend = 16, frame = 8
 219              		@ frame_needed = 1, uses_anonymous_args = 0
 220 0000 84B0     		sub	sp, sp, #16
 221              	.LCFI6:
 222              		.cfi_def_cfa_offset 16
 223 0002 80B5     		push	{r7, lr}
 224              	.LCFI7:
 225              		.cfi_def_cfa_offset 24
 226              		.cfi_offset 7, -24
ARM GAS  C:\Users\Lenovo\AppData\Local\Temp\ccxdEBlm.s 			page 6


 227              		.cfi_offset 14, -20
 228 0004 84B0     		sub	sp, sp, #16
 229              	.LCFI8:
 230              		.cfi_def_cfa_offset 40
 231 0006 02AF     		add	r7, sp, #8
 232              	.LCFI9:
 233              		.cfi_def_cfa 7, 32
 234 0008 07F1100C 		add	ip, r7, #16
 235 000c 8CE80F00 		stm	ip, {r0, r1, r2, r3}
  65:BBBOOM/Src/ADS1015.c ****     int16_t data;
  66:BBBOOM/Src/ADS1015.c ****     uint8_t tx_data[1] = {(uint8_t)ADS1015_REG_POINTER_CONVERT};
 236              		.loc 1 66 13
 237 0010 0023     		movs	r3, #0
 238 0012 3B71     		strb	r3, [r7, #4]
  67:BBBOOM/Src/ADS1015.c ****     uint8_t rx_data[2]={0};
 239              		.loc 1 67 13
 240 0014 0023     		movs	r3, #0
 241 0016 3B80     		strh	r3, [r7]	@ movhi
  68:BBBOOM/Src/ADS1015.c **** 
  69:BBBOOM/Src/ADS1015.c ****     if(FirADCRead == 1)
 242              		.loc 1 69 7
 243 0018 97F86430 		ldrb	r3, [r7, #100]	@ zero_extendqisi2
 244 001c 012B     		cmp	r3, #1
 245 001e 16D1     		bne	.L23
  70:BBBOOM/Src/ADS1015.c ****     {
  71:BBBOOM/Src/ADS1015.c **** 		while(HAL_I2C_Master_Transmit(&I2cHandle, (uint16_t)(ADS1015_ADDRESS|ADS1015_WRITE_MODE), tx_data
 246              		.loc 1 71 8
 247 0020 03E0     		b	.L21
 248              	.L22:
  72:BBBOOM/Src/ADS1015.c **** 		{
  73:BBBOOM/Src/ADS1015.c **** 			if(HAL_I2C_GetError(&I2cHandle) != HAL_I2C_ERROR_AF)
 249              		.loc 1 73 7
 250 0022 07F11000 		add	r0, r7, #16
 251 0026 FFF7FEFF 		bl	HAL_I2C_GetError
 252              	.L21:
  71:BBBOOM/Src/ADS1015.c **** 		{
 253              		.loc 1 71 9
 254 002a 3A1D     		adds	r2, r7, #4
 255 002c 4FF47A73 		mov	r3, #1000
 256 0030 0093     		str	r3, [sp]
 257 0032 0123     		movs	r3, #1
 258 0034 9021     		movs	r1, #144
 259 0036 07F11000 		add	r0, r7, #16
 260 003a FFF7FEFF 		bl	HAL_I2C_Master_Transmit
 261 003e 0346     		mov	r3, r0
  71:BBBOOM/Src/ADS1015.c **** 		{
 262              		.loc 1 71 111
 263 0040 002B     		cmp	r3, #0
 264 0042 EED1     		bne	.L22
  74:BBBOOM/Src/ADS1015.c **** 			{
  75:BBBOOM/Src/ADS1015.c **** 				
  76:BBBOOM/Src/ADS1015.c **** 			}
  77:BBBOOM/Src/ADS1015.c **** 		}
  78:BBBOOM/Src/ADS1015.c ****     }
  79:BBBOOM/Src/ADS1015.c **** 
  80:BBBOOM/Src/ADS1015.c ****     while(HAL_I2C_Master_Receive(&I2cHandle, (uint16_t)(ADS1015_ADDRESS|ADS1015_READ_MODE), rx_data
 265              		.loc 1 80 10
ARM GAS  C:\Users\Lenovo\AppData\Local\Temp\ccxdEBlm.s 			page 7


 266 0044 03E0     		b	.L23
 267              	.L24:
  81:BBBOOM/Src/ADS1015.c ****     {
  82:BBBOOM/Src/ADS1015.c ****         if(HAL_I2C_GetError(&I2cHandle) != HAL_I2C_ERROR_AF)
 268              		.loc 1 82 12
 269 0046 07F11000 		add	r0, r7, #16
 270 004a FFF7FEFF 		bl	HAL_I2C_GetError
 271              	.L23:
  80:BBBOOM/Src/ADS1015.c ****     {
 272              		.loc 1 80 11
 273 004e 3A46     		mov	r2, r7
 274 0050 4FF47A73 		mov	r3, #1000
 275 0054 0093     		str	r3, [sp]
 276 0056 0223     		movs	r3, #2
 277 0058 9121     		movs	r1, #145
 278 005a 07F11000 		add	r0, r7, #16
 279 005e FFF7FEFF 		bl	HAL_I2C_Master_Receive
 280 0062 0346     		mov	r3, r0
  80:BBBOOM/Src/ADS1015.c ****     {
 281              		.loc 1 80 111
 282 0064 002B     		cmp	r3, #0
 283 0066 EED1     		bne	.L24
  83:BBBOOM/Src/ADS1015.c ****         {
  84:BBBOOM/Src/ADS1015.c ****             
  85:BBBOOM/Src/ADS1015.c ****         }
  86:BBBOOM/Src/ADS1015.c ****     }
  87:BBBOOM/Src/ADS1015.c **** 
  88:BBBOOM/Src/ADS1015.c ****     data=rx_data[0]*256U+rx_data[1];
 284              		.loc 1 88 17
 285 0068 3B78     		ldrb	r3, [r7]	@ zero_extendqisi2
 286              		.loc 1 88 20
 287 006a 1B02     		lsls	r3, r3, #8
 288 006c 9BB2     		uxth	r3, r3
 289              		.loc 1 88 33
 290 006e 7A78     		ldrb	r2, [r7, #1]	@ zero_extendqisi2
 291              		.loc 1 88 25
 292 0070 1344     		add	r3, r3, r2
 293 0072 9BB2     		uxth	r3, r3
 294              		.loc 1 88 9
 295 0074 FB80     		strh	r3, [r7, #6]	@ movhi
  89:BBBOOM/Src/ADS1015.c ****     return data;
 296              		.loc 1 89 12
 297 0076 B7F90630 		ldrsh	r3, [r7, #6]
  90:BBBOOM/Src/ADS1015.c **** }
 298              		.loc 1 90 1
 299 007a 1846     		mov	r0, r3
 300 007c 0837     		adds	r7, r7, #8
 301              	.LCFI10:
 302              		.cfi_def_cfa_offset 24
 303 007e BD46     		mov	sp, r7
 304              	.LCFI11:
 305              		.cfi_def_cfa_register 13
 306              		@ sp needed
 307 0080 BDE88040 		pop	{r7, lr}
 308              	.LCFI12:
 309              		.cfi_restore 14
 310              		.cfi_restore 7
ARM GAS  C:\Users\Lenovo\AppData\Local\Temp\ccxdEBlm.s 			page 8


 311              		.cfi_def_cfa_offset 16
 312 0084 04B0     		add	sp, sp, #16
 313              	.LCFI13:
 314              		.cfi_def_cfa_offset 0
 315 0086 7047     		bx	lr
 316              		.cfi_endproc
 317              	.LFE66:
 319              		.section	.text.ADS1015_Config_Register,"ax",%progbits
 320              		.align	1
 321              		.global	ADS1015_Config_Register
 322              		.syntax unified
 323              		.thumb
 324              		.thumb_func
 326              	ADS1015_Config_Register:
 327              	.LFB67:
  91:BBBOOM/Src/ADS1015.c **** 
  92:BBBOOM/Src/ADS1015.c **** //AD1015配置寄存器函数（寄存器指针和待配置值的高低比特）
  93:BBBOOM/Src/ADS1015.c **** void ADS1015_Config_Register(I2C_HandleTypeDef I2cHandle,uint16_t pointAddr,uint16_t configData)
  94:BBBOOM/Src/ADS1015.c **** {
 328              		.loc 1 94 1
 329              		.cfi_startproc
 330              		@ args = 92, pretend = 16, frame = 8
 331              		@ frame_needed = 1, uses_anonymous_args = 0
 332 0000 84B0     		sub	sp, sp, #16
 333              	.LCFI14:
 334              		.cfi_def_cfa_offset 16
 335 0002 80B5     		push	{r7, lr}
 336              	.LCFI15:
 337              		.cfi_def_cfa_offset 24
 338              		.cfi_offset 7, -24
 339              		.cfi_offset 14, -20
 340 0004 84B0     		sub	sp, sp, #16
 341              	.LCFI16:
 342              		.cfi_def_cfa_offset 40
 343 0006 02AF     		add	r7, sp, #8
 344              	.LCFI17:
 345              		.cfi_def_cfa 7, 32
 346 0008 07F1100C 		add	ip, r7, #16
 347 000c 8CE80F00 		stm	ip, {r0, r1, r2, r3}
  95:BBBOOM/Src/ADS1015.c **** 	uint8_t configH,configL;
  96:BBBOOM/Src/ADS1015.c ****     configH = configData >> 8;
 348              		.loc 1 96 13
 349 0010 B7F86830 		ldrh	r3, [r7, #104]
 350 0014 1B0A     		lsrs	r3, r3, #8
 351 0016 9BB2     		uxth	r3, r3
 352 0018 FB71     		strb	r3, [r7, #7]
  97:BBBOOM/Src/ADS1015.c ****     configL = configData & 0xFF;
 353              		.loc 1 97 13
 354 001a B7F86830 		ldrh	r3, [r7, #104]	@ movhi
 355 001e BB71     		strb	r3, [r7, #6]
  98:BBBOOM/Src/ADS1015.c ****     uint8_t reg_data[3] = {pointAddr,configH,configL};
 356              		.loc 1 98 13
 357 0020 B7F86430 		ldrh	r3, [r7, #100]	@ movhi
 358 0024 DBB2     		uxtb	r3, r3
 359 0026 3B70     		strb	r3, [r7]
 360 0028 FB79     		ldrb	r3, [r7, #7]
 361 002a 7B70     		strb	r3, [r7, #1]
ARM GAS  C:\Users\Lenovo\AppData\Local\Temp\ccxdEBlm.s 			page 9


 362 002c BB79     		ldrb	r3, [r7, #6]
 363 002e BB70     		strb	r3, [r7, #2]
  99:BBBOOM/Src/ADS1015.c ****     while(HAL_I2C_Master_Transmit(&I2cHandle, (uint16_t)(ADS1015_ADDRESS|ADS1015_WRITE_MODE), reg_d
 364              		.loc 1 99 10
 365 0030 03E0     		b	.L27
 366              	.L28:
 100:BBBOOM/Src/ADS1015.c ****     {
 101:BBBOOM/Src/ADS1015.c ****         if(HAL_I2C_GetError(&I2cHandle) != HAL_I2C_ERROR_AF)
 367              		.loc 1 101 12
 368 0032 07F11000 		add	r0, r7, #16
 369 0036 FFF7FEFF 		bl	HAL_I2C_GetError
 370              	.L27:
  99:BBBOOM/Src/ADS1015.c ****     while(HAL_I2C_Master_Transmit(&I2cHandle, (uint16_t)(ADS1015_ADDRESS|ADS1015_WRITE_MODE), reg_d
 371              		.loc 1 99 11
 372 003a 3A46     		mov	r2, r7
 373 003c 4FF47A73 		mov	r3, #1000
 374 0040 0093     		str	r3, [sp]
 375 0042 0323     		movs	r3, #3
 376 0044 9021     		movs	r1, #144
 377 0046 07F11000 		add	r0, r7, #16
 378 004a FFF7FEFF 		bl	HAL_I2C_Master_Transmit
 379 004e 0346     		mov	r3, r0
  99:BBBOOM/Src/ADS1015.c ****     while(HAL_I2C_Master_Transmit(&I2cHandle, (uint16_t)(ADS1015_ADDRESS|ADS1015_WRITE_MODE), reg_d
 380              		.loc 1 99 114
 381 0050 002B     		cmp	r3, #0
 382 0052 EED1     		bne	.L28
 102:BBBOOM/Src/ADS1015.c ****         {
 103:BBBOOM/Src/ADS1015.c ****             
 104:BBBOOM/Src/ADS1015.c ****         }
 105:BBBOOM/Src/ADS1015.c ****     }
 106:BBBOOM/Src/ADS1015.c **** }
 383              		.loc 1 106 1
 384 0054 00BF     		nop
 385 0056 00BF     		nop
 386 0058 0837     		adds	r7, r7, #8
 387              	.LCFI18:
 388              		.cfi_def_cfa_offset 24
 389 005a BD46     		mov	sp, r7
 390              	.LCFI19:
 391              		.cfi_def_cfa_register 13
 392              		@ sp needed
 393 005c BDE88040 		pop	{r7, lr}
 394              	.LCFI20:
 395              		.cfi_restore 14
 396              		.cfi_restore 7
 397              		.cfi_def_cfa_offset 16
 398 0060 04B0     		add	sp, sp, #16
 399              	.LCFI21:
 400              		.cfi_def_cfa_offset 0
 401 0062 7047     		bx	lr
 402              		.cfi_endproc
 403              	.LFE67:
 405              		.section	.text.AD1015_Check,"ax",%progbits
 406              		.align	1
 407              		.global	AD1015_Check
 408              		.syntax unified
 409              		.thumb
ARM GAS  C:\Users\Lenovo\AppData\Local\Temp\ccxdEBlm.s 			page 10


 410              		.thumb_func
 412              	AD1015_Check:
 413              	.LFB68:
 107:BBBOOM/Src/ADS1015.c **** 
 108:BBBOOM/Src/ADS1015.c **** //检测AD1015是否存在
 109:BBBOOM/Src/ADS1015.c **** //返回值：0存在 1不存在
 110:BBBOOM/Src/ADS1015.c **** //未找到DataSheet文字记录
 111:BBBOOM/Src/ADS1015.c **** uint8_t AD1015_Check(I2C_HandleTypeDef I2cHandle)
 112:BBBOOM/Src/ADS1015.c **** {
 414              		.loc 1 112 1
 415              		.cfi_startproc
 416              		@ args = 84, pretend = 16, frame = 8
 417              		@ frame_needed = 1, uses_anonymous_args = 0
 418 0000 84B0     		sub	sp, sp, #16
 419              	.LCFI22:
 420              		.cfi_def_cfa_offset 16
 421 0002 80B5     		push	{r7, lr}
 422              	.LCFI23:
 423              		.cfi_def_cfa_offset 24
 424              		.cfi_offset 7, -24
 425              		.cfi_offset 14, -20
 426 0004 84B0     		sub	sp, sp, #16
 427              	.LCFI24:
 428              		.cfi_def_cfa_offset 40
 429 0006 02AF     		add	r7, sp, #8
 430              	.LCFI25:
 431              		.cfi_def_cfa 7, 32
 432 0008 07F1100C 		add	ip, r7, #16
 433 000c 8CE80F00 		stm	ip, {r0, r1, r2, r3}
 113:BBBOOM/Src/ADS1015.c **** 	uint8_t rx_data[1]={22};
 434              		.loc 1 113 10
 435 0010 1623     		movs	r3, #22
 436 0012 3B71     		strb	r3, [r7, #4]
 114:BBBOOM/Src/ADS1015.c **** 	uint8_t tx_data[1] = {(uint8_t)(ADS1015_ADDRESS<<1)};
 437              		.loc 1 114 10
 438 0014 2023     		movs	r3, #32
 439 0016 3B70     		strb	r3, [r7]
 115:BBBOOM/Src/ADS1015.c **** 	while(HAL_I2C_Master_Transmit(&I2cHandle, (uint16_t)(ADS1015_ADDRESS|ADS1015_WRITE_MODE), tx_data,
 440              		.loc 1 115 7
 441 0018 03E0     		b	.L30
 442              	.L31:
 116:BBBOOM/Src/ADS1015.c **** 	{
 117:BBBOOM/Src/ADS1015.c **** 		if(HAL_I2C_GetError(&I2cHandle) != HAL_I2C_ERROR_AF)
 443              		.loc 1 117 6
 444 001a 07F11000 		add	r0, r7, #16
 445 001e FFF7FEFF 		bl	HAL_I2C_GetError
 446              	.L30:
 115:BBBOOM/Src/ADS1015.c **** 	while(HAL_I2C_Master_Transmit(&I2cHandle, (uint16_t)(ADS1015_ADDRESS|ADS1015_WRITE_MODE), tx_data,
 447              		.loc 1 115 8
 448 0022 3A46     		mov	r2, r7
 449 0024 4FF47A73 		mov	r3, #1000
 450 0028 0093     		str	r3, [sp]
 451 002a 0123     		movs	r3, #1
 452 002c 9021     		movs	r1, #144
 453 002e 07F11000 		add	r0, r7, #16
 454 0032 FFF7FEFF 		bl	HAL_I2C_Master_Transmit
 455 0036 0346     		mov	r3, r0
ARM GAS  C:\Users\Lenovo\AppData\Local\Temp\ccxdEBlm.s 			page 11


 115:BBBOOM/Src/ADS1015.c **** 	while(HAL_I2C_Master_Transmit(&I2cHandle, (uint16_t)(ADS1015_ADDRESS|ADS1015_WRITE_MODE), tx_data,
 456              		.loc 1 115 110
 457 0038 002B     		cmp	r3, #0
 458 003a EED1     		bne	.L31
 118:BBBOOM/Src/ADS1015.c **** 		{
 119:BBBOOM/Src/ADS1015.c **** 
 120:BBBOOM/Src/ADS1015.c **** 		}
 121:BBBOOM/Src/ADS1015.c **** 	}
 122:BBBOOM/Src/ADS1015.c ****     while(HAL_I2C_Master_Receive(&I2cHandle, (uint16_t)(ADS1015_ADDRESS|ADS1015_READ_MODE), rx_data
 459              		.loc 1 122 10
 460 003c 03E0     		b	.L32
 461              	.L33:
 123:BBBOOM/Src/ADS1015.c ****     {
 124:BBBOOM/Src/ADS1015.c ****         if(HAL_I2C_GetError(&I2cHandle) != HAL_I2C_ERROR_AF)
 462              		.loc 1 124 12
 463 003e 07F11000 		add	r0, r7, #16
 464 0042 FFF7FEFF 		bl	HAL_I2C_GetError
 465              	.L32:
 122:BBBOOM/Src/ADS1015.c ****     {
 466              		.loc 1 122 11
 467 0046 3A1D     		adds	r2, r7, #4
 468 0048 4FF47A73 		mov	r3, #1000
 469 004c 0093     		str	r3, [sp]
 470 004e 0123     		movs	r3, #1
 471 0050 9121     		movs	r1, #145
 472 0052 07F11000 		add	r0, r7, #16
 473 0056 FFF7FEFF 		bl	HAL_I2C_Master_Receive
 474 005a 0346     		mov	r3, r0
 122:BBBOOM/Src/ADS1015.c ****     {
 475              		.loc 1 122 111
 476 005c 002B     		cmp	r3, #0
 477 005e EED1     		bne	.L33
 125:BBBOOM/Src/ADS1015.c ****         {
 126:BBBOOM/Src/ADS1015.c **** 
 127:BBBOOM/Src/ADS1015.c ****         }
 128:BBBOOM/Src/ADS1015.c ****     }
 129:BBBOOM/Src/ADS1015.c **** 	return rx_data[0];
 478              		.loc 1 129 16
 479 0060 3B79     		ldrb	r3, [r7, #4]	@ zero_extendqisi2
 130:BBBOOM/Src/ADS1015.c **** }
 480              		.loc 1 130 1
 481 0062 1846     		mov	r0, r3
 482 0064 0837     		adds	r7, r7, #8
 483              	.LCFI26:
 484              		.cfi_def_cfa_offset 24
 485 0066 BD46     		mov	sp, r7
 486              	.LCFI27:
 487              		.cfi_def_cfa_register 13
 488              		@ sp needed
 489 0068 BDE88040 		pop	{r7, lr}
 490              	.LCFI28:
 491              		.cfi_restore 14
 492              		.cfi_restore 7
 493              		.cfi_def_cfa_offset 16
 494 006c 04B0     		add	sp, sp, #16
 495              	.LCFI29:
 496              		.cfi_def_cfa_offset 0
ARM GAS  C:\Users\Lenovo\AppData\Local\Temp\ccxdEBlm.s 			page 12


 497 006e 7047     		bx	lr
 498              		.cfi_endproc
 499              	.LFE68:
 501              		.text
 502              	.Letext0:
 503              		.file 2 "d:\\msys64\\mingw64\\arm-none-eabi\\include\\machine\\_default_types.h"
 504              		.file 3 "d:\\msys64\\mingw64\\arm-none-eabi\\include\\sys\\_stdint.h"
 505              		.file 4 "Drivers/CMSIS/Device/ST/STM32F1xx/Include/stm32f103xe.h"
 506              		.file 5 "Drivers/STM32F1xx_HAL_Driver/Inc/stm32f1xx_hal_def.h"
 507              		.file 6 "Drivers/STM32F1xx_HAL_Driver/Inc/stm32f1xx_hal_dma.h"
 508              		.file 7 "Drivers/STM32F1xx_HAL_Driver/Inc/stm32f1xx_hal_i2c.h"
 509              		.file 8 "BBBOOM/Inc/ADS1015.h"
ARM GAS  C:\Users\Lenovo\AppData\Local\Temp\ccxdEBlm.s 			page 13


DEFINED SYMBOLS
                            *ABS*:0000000000000000 ADS1015.c
C:\Users\Lenovo\AppData\Local\Temp\ccxdEBlm.s:23     .bss.ADS1015_CONFIG:0000000000000000 ADS1015_CONFIG
C:\Users\Lenovo\AppData\Local\Temp\ccxdEBlm.s:20     .bss.ADS1015_CONFIG:0000000000000000 $d
C:\Users\Lenovo\AppData\Local\Temp\ccxdEBlm.s:26     .text.ADS1015_Config:0000000000000000 $t
C:\Users\Lenovo\AppData\Local\Temp\ccxdEBlm.s:32     .text.ADS1015_Config:0000000000000000 ADS1015_Config
C:\Users\Lenovo\AppData\Local\Temp\ccxdEBlm.s:75     .text.ADS1015_Config:000000000000003c $d
C:\Users\Lenovo\AppData\Local\Temp\ccxdEBlm.s:79     .text.ADS1015_Config:000000000000004c $t
C:\Users\Lenovo\AppData\Local\Temp\ccxdEBlm.s:131    .text.ADS1015_Config:000000000000009c $d
C:\Users\Lenovo\AppData\Local\Temp\ccxdEBlm.s:135    .text.ADS1015_Config:00000000000000ac $t
C:\Users\Lenovo\AppData\Local\Temp\ccxdEBlm.s:203    .text.ADS1015_Config:0000000000000108 $d
C:\Users\Lenovo\AppData\Local\Temp\ccxdEBlm.s:208    .text.ADS1015_Read_Data:0000000000000000 $t
C:\Users\Lenovo\AppData\Local\Temp\ccxdEBlm.s:214    .text.ADS1015_Read_Data:0000000000000000 ADS1015_Read_Data
C:\Users\Lenovo\AppData\Local\Temp\ccxdEBlm.s:320    .text.ADS1015_Config_Register:0000000000000000 $t
C:\Users\Lenovo\AppData\Local\Temp\ccxdEBlm.s:326    .text.ADS1015_Config_Register:0000000000000000 ADS1015_Config_Register
C:\Users\Lenovo\AppData\Local\Temp\ccxdEBlm.s:406    .text.AD1015_Check:0000000000000000 $t
C:\Users\Lenovo\AppData\Local\Temp\ccxdEBlm.s:412    .text.AD1015_Check:0000000000000000 AD1015_Check

UNDEFINED SYMBOLS
HAL_I2C_GetError
HAL_I2C_Master_Transmit
HAL_I2C_Master_Receive
