ARM GAS  C:\Users\Lenovo\AppData\Local\Temp\cckGFHpc.s 			page 1


   1              		.cpu cortex-m3
   2              		.arch armv7-m
   3              		.fpu softvfp
   4              		.eabi_attribute 20, 1
   5              		.eabi_attribute 21, 1
   6              		.eabi_attribute 23, 3
   7              		.eabi_attribute 24, 1
   8              		.eabi_attribute 25, 1
   9              		.eabi_attribute 26, 1
  10              		.eabi_attribute 30, 1
  11              		.eabi_attribute 34, 1
  12              		.eabi_attribute 18, 4
  13              		.file	"main.c"
  14              		.text
  15              	.Ltext0:
  16              		.cfi_sections	.debug_frame
  17              		.file 1 "Core/Src/main.c"
  18              		.section	.text.Error_Handler,"ax",%progbits
  19              		.align	1
  20              		.global	Error_Handler
  21              		.syntax unified
  22              		.thumb
  23              		.thumb_func
  25              	Error_Handler:
  26              	.LFB67:
   1:Core/Src/main.c **** /* USER CODE BEGIN Header */
   2:Core/Src/main.c **** /**
   3:Core/Src/main.c ****   ******************************************************************************
   4:Core/Src/main.c ****   * @file           : main.c
   5:Core/Src/main.c ****   * @brief          : Main program body
   6:Core/Src/main.c ****   ******************************************************************************
   7:Core/Src/main.c ****   * @attention
   8:Core/Src/main.c ****   *
   9:Core/Src/main.c ****   * Copyright (c) 2024 STMicroelectronics.
  10:Core/Src/main.c ****   * All rights reserved.
  11:Core/Src/main.c ****   *
  12:Core/Src/main.c ****   * This software is licensed under terms that can be found in the LICENSE file
  13:Core/Src/main.c ****   * in the root directory of this software component.
  14:Core/Src/main.c ****   * If no LICENSE file comes with this software, it is provided AS-IS.
  15:Core/Src/main.c ****   *
  16:Core/Src/main.c ****   ******************************************************************************
  17:Core/Src/main.c ****   */
  18:Core/Src/main.c **** /* USER CODE END Header */
  19:Core/Src/main.c **** /* Includes ------------------------------------------------------------------*/
  20:Core/Src/main.c **** #include "main.h"
  21:Core/Src/main.c **** #include "adc.h"
  22:Core/Src/main.c **** #include "i2c.h"
  23:Core/Src/main.c **** #include "gpio.h"
  24:Core/Src/main.c **** 
  25:Core/Src/main.c **** /* Private includes ----------------------------------------------------------*/
  26:Core/Src/main.c **** /* USER CODE BEGIN Includes */
  27:Core/Src/main.c **** #include "oled.h"
  28:Core/Src/main.c **** #include "ADS1015.h"
  29:Core/Src/main.c **** /* USER CODE END Includes */
  30:Core/Src/main.c **** 
  31:Core/Src/main.c **** /* Private typedef -----------------------------------------------------------*/
  32:Core/Src/main.c **** /* USER CODE BEGIN PTD */
ARM GAS  C:\Users\Lenovo\AppData\Local\Temp\cckGFHpc.s 			page 2


  33:Core/Src/main.c **** 
  34:Core/Src/main.c **** /* USER CODE END PTD */
  35:Core/Src/main.c **** 
  36:Core/Src/main.c **** /* Private define ------------------------------------------------------------*/
  37:Core/Src/main.c **** /* USER CODE BEGIN PD */
  38:Core/Src/main.c **** 
  39:Core/Src/main.c **** /* USER CODE END PD */
  40:Core/Src/main.c **** 
  41:Core/Src/main.c **** /* Private macro -------------------------------------------------------------*/
  42:Core/Src/main.c **** /* USER CODE BEGIN PM */
  43:Core/Src/main.c **** 
  44:Core/Src/main.c **** /* USER CODE END PM */
  45:Core/Src/main.c **** 
  46:Core/Src/main.c **** /* Private variables ---------------------------------------------------------*/
  47:Core/Src/main.c **** 
  48:Core/Src/main.c **** /* USER CODE BEGIN PV */
  49:Core/Src/main.c **** 
  50:Core/Src/main.c **** /* USER CODE END PV */
  51:Core/Src/main.c **** 
  52:Core/Src/main.c **** /* Private function prototypes -----------------------------------------------*/
  53:Core/Src/main.c **** void SystemClock_Config(void);
  54:Core/Src/main.c **** /* USER CODE BEGIN PFP */
  55:Core/Src/main.c **** 
  56:Core/Src/main.c **** /* USER CODE END PFP */
  57:Core/Src/main.c **** 
  58:Core/Src/main.c **** /* Private user code ---------------------------------------------------------*/
  59:Core/Src/main.c **** /* USER CODE BEGIN 0 */
  60:Core/Src/main.c **** int i2c_state=0;
  61:Core/Src/main.c **** /* USER CODE END 0 */
  62:Core/Src/main.c **** 
  63:Core/Src/main.c **** /**
  64:Core/Src/main.c ****   * @brief  The application entry point.
  65:Core/Src/main.c ****   * @retval int
  66:Core/Src/main.c ****   */
  67:Core/Src/main.c **** int main(void)
  68:Core/Src/main.c **** {
  69:Core/Src/main.c **** 
  70:Core/Src/main.c ****   /* USER CODE BEGIN 1 */
  71:Core/Src/main.c **** 
  72:Core/Src/main.c ****   /* USER CODE END 1 */
  73:Core/Src/main.c **** 
  74:Core/Src/main.c ****   /* MCU Configuration--------------------------------------------------------*/
  75:Core/Src/main.c **** 
  76:Core/Src/main.c ****   /* Reset of all peripherals, Initializes the Flash interface and the Systick. */
  77:Core/Src/main.c ****   HAL_Init();
  78:Core/Src/main.c **** 
  79:Core/Src/main.c ****   /* USER CODE BEGIN Init */
  80:Core/Src/main.c **** 
  81:Core/Src/main.c ****   /* USER CODE END Init */
  82:Core/Src/main.c **** 
  83:Core/Src/main.c ****   /* Configure the system clock */
  84:Core/Src/main.c ****   SystemClock_Config();
  85:Core/Src/main.c **** 
  86:Core/Src/main.c ****   /* USER CODE BEGIN SysInit */
  87:Core/Src/main.c **** 
  88:Core/Src/main.c ****   /* USER CODE END SysInit */
  89:Core/Src/main.c **** 
ARM GAS  C:\Users\Lenovo\AppData\Local\Temp\cckGFHpc.s 			page 3


  90:Core/Src/main.c ****   /* Initialize all configured peripherals */
  91:Core/Src/main.c ****   MX_GPIO_Init();
  92:Core/Src/main.c ****   MX_ADC1_Init();
  93:Core/Src/main.c ****   MX_ADC2_Init();
  94:Core/Src/main.c ****   MX_I2C1_Init();
  95:Core/Src/main.c ****   MX_I2C2_Init();
  96:Core/Src/main.c ****   /* USER CODE BEGIN 2 */
  97:Core/Src/main.c ****   OLED_ShowRUAGH();
  98:Core/Src/main.c ****   ADS1015_Init();
  99:Core/Src/main.c ****   HAL_Delay(10);
 100:Core/Src/main.c ****   /* USER CODE END 2 */
 101:Core/Src/main.c **** 
 102:Core/Src/main.c ****   /* Infinite loop */
 103:Core/Src/main.c ****   /* USER CODE BEGIN WHILE */
 104:Core/Src/main.c ****   while (1)
 105:Core/Src/main.c ****   {
 106:Core/Src/main.c ****     // i2c_state++;
 107:Core/Src/main.c ****     /* USER CODE END WHILE */
 108:Core/Src/main.c ****     // i2c_state=ADS1015_Read(2);
 109:Core/Src/main.c ****     // HAL_Delay(1000);
 110:Core/Src/main.c ****     /* USER CODE BEGIN 3 */
 111:Core/Src/main.c ****   }
 112:Core/Src/main.c ****   /* USER CODE END 3 */
 113:Core/Src/main.c **** }
 114:Core/Src/main.c **** 
 115:Core/Src/main.c **** /**
 116:Core/Src/main.c ****   * @brief System Clock Configuration
 117:Core/Src/main.c ****   * @retval None
 118:Core/Src/main.c ****   */
 119:Core/Src/main.c **** void SystemClock_Config(void)
 120:Core/Src/main.c **** {
 121:Core/Src/main.c ****   RCC_OscInitTypeDef RCC_OscInitStruct = {0};
 122:Core/Src/main.c ****   RCC_ClkInitTypeDef RCC_ClkInitStruct = {0};
 123:Core/Src/main.c ****   RCC_PeriphCLKInitTypeDef PeriphClkInit = {0};
 124:Core/Src/main.c **** 
 125:Core/Src/main.c ****   /** Initializes the RCC Oscillators according to the specified parameters
 126:Core/Src/main.c ****   * in the RCC_OscInitTypeDef structure.
 127:Core/Src/main.c ****   */
 128:Core/Src/main.c ****   RCC_OscInitStruct.OscillatorType = RCC_OSCILLATORTYPE_HSE;
 129:Core/Src/main.c ****   RCC_OscInitStruct.HSEState = RCC_HSE_ON;
 130:Core/Src/main.c ****   RCC_OscInitStruct.HSEPredivValue = RCC_HSE_PREDIV_DIV1;
 131:Core/Src/main.c ****   RCC_OscInitStruct.HSIState = RCC_HSI_ON;
 132:Core/Src/main.c ****   RCC_OscInitStruct.PLL.PLLState = RCC_PLL_ON;
 133:Core/Src/main.c ****   RCC_OscInitStruct.PLL.PLLSource = RCC_PLLSOURCE_HSE;
 134:Core/Src/main.c ****   RCC_OscInitStruct.PLL.PLLMUL = RCC_PLL_MUL9;
 135:Core/Src/main.c ****   if (HAL_RCC_OscConfig(&RCC_OscInitStruct) != HAL_OK)
 136:Core/Src/main.c ****   {
 137:Core/Src/main.c ****     Error_Handler();
 138:Core/Src/main.c ****   }
 139:Core/Src/main.c **** 
 140:Core/Src/main.c ****   /** Initializes the CPU, AHB and APB buses clocks
 141:Core/Src/main.c ****   */
 142:Core/Src/main.c ****   RCC_ClkInitStruct.ClockType = RCC_CLOCKTYPE_HCLK|RCC_CLOCKTYPE_SYSCLK
 143:Core/Src/main.c ****                               |RCC_CLOCKTYPE_PCLK1|RCC_CLOCKTYPE_PCLK2;
 144:Core/Src/main.c ****   RCC_ClkInitStruct.SYSCLKSource = RCC_SYSCLKSOURCE_PLLCLK;
 145:Core/Src/main.c ****   RCC_ClkInitStruct.AHBCLKDivider = RCC_SYSCLK_DIV1;
 146:Core/Src/main.c ****   RCC_ClkInitStruct.APB1CLKDivider = RCC_HCLK_DIV2;
ARM GAS  C:\Users\Lenovo\AppData\Local\Temp\cckGFHpc.s 			page 4


 147:Core/Src/main.c ****   RCC_ClkInitStruct.APB2CLKDivider = RCC_HCLK_DIV1;
 148:Core/Src/main.c **** 
 149:Core/Src/main.c ****   if (HAL_RCC_ClockConfig(&RCC_ClkInitStruct, FLASH_LATENCY_2) != HAL_OK)
 150:Core/Src/main.c ****   {
 151:Core/Src/main.c ****     Error_Handler();
 152:Core/Src/main.c ****   }
 153:Core/Src/main.c ****   PeriphClkInit.PeriphClockSelection = RCC_PERIPHCLK_ADC;
 154:Core/Src/main.c ****   PeriphClkInit.AdcClockSelection = RCC_ADCPCLK2_DIV6;
 155:Core/Src/main.c ****   if (HAL_RCCEx_PeriphCLKConfig(&PeriphClkInit) != HAL_OK)
 156:Core/Src/main.c ****   {
 157:Core/Src/main.c ****     Error_Handler();
 158:Core/Src/main.c ****   }
 159:Core/Src/main.c **** }
 160:Core/Src/main.c **** 
 161:Core/Src/main.c **** /* USER CODE BEGIN 4 */
 162:Core/Src/main.c **** 
 163:Core/Src/main.c **** /* USER CODE END 4 */
 164:Core/Src/main.c **** 
 165:Core/Src/main.c **** /**
 166:Core/Src/main.c ****   * @brief  This function is executed in case of error occurrence.
 167:Core/Src/main.c ****   * @retval None
 168:Core/Src/main.c ****   */
 169:Core/Src/main.c **** void Error_Handler(void)
 170:Core/Src/main.c **** {
  27              		.loc 1 170 1 view -0
  28              		.cfi_startproc
  29              		@ Volatile: function does not return.
  30              		@ args = 0, pretend = 0, frame = 0
  31              		@ frame_needed = 0, uses_anonymous_args = 0
  32              		@ link register save eliminated.
 171:Core/Src/main.c ****   /* USER CODE BEGIN Error_Handler_Debug */
 172:Core/Src/main.c ****   /* User can add his own implementation to report the HAL error return state */
 173:Core/Src/main.c ****   __disable_irq();
  33              		.loc 1 173 3 view .LVU1
  34              	.LBB4:
  35              	.LBI4:
  36              		.file 2 "Drivers/CMSIS/Include/cmsis_gcc.h"
   1:Drivers/CMSIS/Include/cmsis_gcc.h **** /**************************************************************************//**
   2:Drivers/CMSIS/Include/cmsis_gcc.h ****  * @file     cmsis_gcc.h
   3:Drivers/CMSIS/Include/cmsis_gcc.h ****  * @brief    CMSIS compiler GCC header file
   4:Drivers/CMSIS/Include/cmsis_gcc.h ****  * @version  V5.0.4
   5:Drivers/CMSIS/Include/cmsis_gcc.h ****  * @date     09. April 2018
   6:Drivers/CMSIS/Include/cmsis_gcc.h ****  ******************************************************************************/
   7:Drivers/CMSIS/Include/cmsis_gcc.h **** /*
   8:Drivers/CMSIS/Include/cmsis_gcc.h ****  * Copyright (c) 2009-2018 Arm Limited. All rights reserved.
   9:Drivers/CMSIS/Include/cmsis_gcc.h ****  *
  10:Drivers/CMSIS/Include/cmsis_gcc.h ****  * SPDX-License-Identifier: Apache-2.0
  11:Drivers/CMSIS/Include/cmsis_gcc.h ****  *
  12:Drivers/CMSIS/Include/cmsis_gcc.h ****  * Licensed under the Apache License, Version 2.0 (the License); you may
  13:Drivers/CMSIS/Include/cmsis_gcc.h ****  * not use this file except in compliance with the License.
  14:Drivers/CMSIS/Include/cmsis_gcc.h ****  * You may obtain a copy of the License at
  15:Drivers/CMSIS/Include/cmsis_gcc.h ****  *
  16:Drivers/CMSIS/Include/cmsis_gcc.h ****  * www.apache.org/licenses/LICENSE-2.0
  17:Drivers/CMSIS/Include/cmsis_gcc.h ****  *
  18:Drivers/CMSIS/Include/cmsis_gcc.h ****  * Unless required by applicable law or agreed to in writing, software
  19:Drivers/CMSIS/Include/cmsis_gcc.h ****  * distributed under the License is distributed on an AS IS BASIS, WITHOUT
  20:Drivers/CMSIS/Include/cmsis_gcc.h ****  * WARRANTIES OR CONDITIONS OF ANY KIND, either express or implied.
ARM GAS  C:\Users\Lenovo\AppData\Local\Temp\cckGFHpc.s 			page 5


  21:Drivers/CMSIS/Include/cmsis_gcc.h ****  * See the License for the specific language governing permissions and
  22:Drivers/CMSIS/Include/cmsis_gcc.h ****  * limitations under the License.
  23:Drivers/CMSIS/Include/cmsis_gcc.h ****  */
  24:Drivers/CMSIS/Include/cmsis_gcc.h **** 
  25:Drivers/CMSIS/Include/cmsis_gcc.h **** #ifndef __CMSIS_GCC_H
  26:Drivers/CMSIS/Include/cmsis_gcc.h **** #define __CMSIS_GCC_H
  27:Drivers/CMSIS/Include/cmsis_gcc.h **** 
  28:Drivers/CMSIS/Include/cmsis_gcc.h **** /* ignore some GCC warnings */
  29:Drivers/CMSIS/Include/cmsis_gcc.h **** #pragma GCC diagnostic push
  30:Drivers/CMSIS/Include/cmsis_gcc.h **** #pragma GCC diagnostic ignored "-Wsign-conversion"
  31:Drivers/CMSIS/Include/cmsis_gcc.h **** #pragma GCC diagnostic ignored "-Wconversion"
  32:Drivers/CMSIS/Include/cmsis_gcc.h **** #pragma GCC diagnostic ignored "-Wunused-parameter"
  33:Drivers/CMSIS/Include/cmsis_gcc.h **** 
  34:Drivers/CMSIS/Include/cmsis_gcc.h **** /* Fallback for __has_builtin */
  35:Drivers/CMSIS/Include/cmsis_gcc.h **** #ifndef __has_builtin
  36:Drivers/CMSIS/Include/cmsis_gcc.h ****   #define __has_builtin(x) (0)
  37:Drivers/CMSIS/Include/cmsis_gcc.h **** #endif
  38:Drivers/CMSIS/Include/cmsis_gcc.h **** 
  39:Drivers/CMSIS/Include/cmsis_gcc.h **** /* CMSIS compiler specific defines */
  40:Drivers/CMSIS/Include/cmsis_gcc.h **** #ifndef   __ASM
  41:Drivers/CMSIS/Include/cmsis_gcc.h ****   #define __ASM                                  __asm
  42:Drivers/CMSIS/Include/cmsis_gcc.h **** #endif
  43:Drivers/CMSIS/Include/cmsis_gcc.h **** #ifndef   __INLINE
  44:Drivers/CMSIS/Include/cmsis_gcc.h ****   #define __INLINE                               inline
  45:Drivers/CMSIS/Include/cmsis_gcc.h **** #endif
  46:Drivers/CMSIS/Include/cmsis_gcc.h **** #ifndef   __STATIC_INLINE
  47:Drivers/CMSIS/Include/cmsis_gcc.h ****   #define __STATIC_INLINE                        static inline
  48:Drivers/CMSIS/Include/cmsis_gcc.h **** #endif
  49:Drivers/CMSIS/Include/cmsis_gcc.h **** #ifndef   __STATIC_FORCEINLINE                 
  50:Drivers/CMSIS/Include/cmsis_gcc.h ****   #define __STATIC_FORCEINLINE                   __attribute__((always_inline)) static inline
  51:Drivers/CMSIS/Include/cmsis_gcc.h **** #endif                                           
  52:Drivers/CMSIS/Include/cmsis_gcc.h **** #ifndef   __NO_RETURN
  53:Drivers/CMSIS/Include/cmsis_gcc.h ****   #define __NO_RETURN                            __attribute__((__noreturn__))
  54:Drivers/CMSIS/Include/cmsis_gcc.h **** #endif
  55:Drivers/CMSIS/Include/cmsis_gcc.h **** #ifndef   __USED
  56:Drivers/CMSIS/Include/cmsis_gcc.h ****   #define __USED                                 __attribute__((used))
  57:Drivers/CMSIS/Include/cmsis_gcc.h **** #endif
  58:Drivers/CMSIS/Include/cmsis_gcc.h **** #ifndef   __WEAK
  59:Drivers/CMSIS/Include/cmsis_gcc.h ****   #define __WEAK                                 __attribute__((weak))
  60:Drivers/CMSIS/Include/cmsis_gcc.h **** #endif
  61:Drivers/CMSIS/Include/cmsis_gcc.h **** #ifndef   __PACKED
  62:Drivers/CMSIS/Include/cmsis_gcc.h ****   #define __PACKED                               __attribute__((packed, aligned(1)))
  63:Drivers/CMSIS/Include/cmsis_gcc.h **** #endif
  64:Drivers/CMSIS/Include/cmsis_gcc.h **** #ifndef   __PACKED_STRUCT
  65:Drivers/CMSIS/Include/cmsis_gcc.h ****   #define __PACKED_STRUCT                        struct __attribute__((packed, aligned(1)))
  66:Drivers/CMSIS/Include/cmsis_gcc.h **** #endif
  67:Drivers/CMSIS/Include/cmsis_gcc.h **** #ifndef   __PACKED_UNION
  68:Drivers/CMSIS/Include/cmsis_gcc.h ****   #define __PACKED_UNION                         union __attribute__((packed, aligned(1)))
  69:Drivers/CMSIS/Include/cmsis_gcc.h **** #endif
  70:Drivers/CMSIS/Include/cmsis_gcc.h **** #ifndef   __UNALIGNED_UINT32        /* deprecated */
  71:Drivers/CMSIS/Include/cmsis_gcc.h ****   #pragma GCC diagnostic push
  72:Drivers/CMSIS/Include/cmsis_gcc.h ****   #pragma GCC diagnostic ignored "-Wpacked"
  73:Drivers/CMSIS/Include/cmsis_gcc.h ****   #pragma GCC diagnostic ignored "-Wattributes"
  74:Drivers/CMSIS/Include/cmsis_gcc.h ****   struct __attribute__((packed)) T_UINT32 { uint32_t v; };
  75:Drivers/CMSIS/Include/cmsis_gcc.h ****   #pragma GCC diagnostic pop
  76:Drivers/CMSIS/Include/cmsis_gcc.h ****   #define __UNALIGNED_UINT32(x)                  (((struct T_UINT32 *)(x))->v)
  77:Drivers/CMSIS/Include/cmsis_gcc.h **** #endif
ARM GAS  C:\Users\Lenovo\AppData\Local\Temp\cckGFHpc.s 			page 6


  78:Drivers/CMSIS/Include/cmsis_gcc.h **** #ifndef   __UNALIGNED_UINT16_WRITE
  79:Drivers/CMSIS/Include/cmsis_gcc.h ****   #pragma GCC diagnostic push
  80:Drivers/CMSIS/Include/cmsis_gcc.h ****   #pragma GCC diagnostic ignored "-Wpacked"
  81:Drivers/CMSIS/Include/cmsis_gcc.h ****   #pragma GCC diagnostic ignored "-Wattributes"
  82:Drivers/CMSIS/Include/cmsis_gcc.h ****   __PACKED_STRUCT T_UINT16_WRITE { uint16_t v; };
  83:Drivers/CMSIS/Include/cmsis_gcc.h ****   #pragma GCC diagnostic pop
  84:Drivers/CMSIS/Include/cmsis_gcc.h ****   #define __UNALIGNED_UINT16_WRITE(addr, val)    (void)((((struct T_UINT16_WRITE *)(void *)(addr))-
  85:Drivers/CMSIS/Include/cmsis_gcc.h **** #endif
  86:Drivers/CMSIS/Include/cmsis_gcc.h **** #ifndef   __UNALIGNED_UINT16_READ
  87:Drivers/CMSIS/Include/cmsis_gcc.h ****   #pragma GCC diagnostic push
  88:Drivers/CMSIS/Include/cmsis_gcc.h ****   #pragma GCC diagnostic ignored "-Wpacked"
  89:Drivers/CMSIS/Include/cmsis_gcc.h ****   #pragma GCC diagnostic ignored "-Wattributes"
  90:Drivers/CMSIS/Include/cmsis_gcc.h ****   __PACKED_STRUCT T_UINT16_READ { uint16_t v; };
  91:Drivers/CMSIS/Include/cmsis_gcc.h ****   #pragma GCC diagnostic pop
  92:Drivers/CMSIS/Include/cmsis_gcc.h ****   #define __UNALIGNED_UINT16_READ(addr)          (((const struct T_UINT16_READ *)(const void *)(add
  93:Drivers/CMSIS/Include/cmsis_gcc.h **** #endif
  94:Drivers/CMSIS/Include/cmsis_gcc.h **** #ifndef   __UNALIGNED_UINT32_WRITE
  95:Drivers/CMSIS/Include/cmsis_gcc.h ****   #pragma GCC diagnostic push
  96:Drivers/CMSIS/Include/cmsis_gcc.h ****   #pragma GCC diagnostic ignored "-Wpacked"
  97:Drivers/CMSIS/Include/cmsis_gcc.h ****   #pragma GCC diagnostic ignored "-Wattributes"
  98:Drivers/CMSIS/Include/cmsis_gcc.h ****   __PACKED_STRUCT T_UINT32_WRITE { uint32_t v; };
  99:Drivers/CMSIS/Include/cmsis_gcc.h ****   #pragma GCC diagnostic pop
 100:Drivers/CMSIS/Include/cmsis_gcc.h ****   #define __UNALIGNED_UINT32_WRITE(addr, val)    (void)((((struct T_UINT32_WRITE *)(void *)(addr))-
 101:Drivers/CMSIS/Include/cmsis_gcc.h **** #endif
 102:Drivers/CMSIS/Include/cmsis_gcc.h **** #ifndef   __UNALIGNED_UINT32_READ
 103:Drivers/CMSIS/Include/cmsis_gcc.h ****   #pragma GCC diagnostic push
 104:Drivers/CMSIS/Include/cmsis_gcc.h ****   #pragma GCC diagnostic ignored "-Wpacked"
 105:Drivers/CMSIS/Include/cmsis_gcc.h ****   #pragma GCC diagnostic ignored "-Wattributes"
 106:Drivers/CMSIS/Include/cmsis_gcc.h ****   __PACKED_STRUCT T_UINT32_READ { uint32_t v; };
 107:Drivers/CMSIS/Include/cmsis_gcc.h ****   #pragma GCC diagnostic pop
 108:Drivers/CMSIS/Include/cmsis_gcc.h ****   #define __UNALIGNED_UINT32_READ(addr)          (((const struct T_UINT32_READ *)(const void *)(add
 109:Drivers/CMSIS/Include/cmsis_gcc.h **** #endif
 110:Drivers/CMSIS/Include/cmsis_gcc.h **** #ifndef   __ALIGNED
 111:Drivers/CMSIS/Include/cmsis_gcc.h ****   #define __ALIGNED(x)                           __attribute__((aligned(x)))
 112:Drivers/CMSIS/Include/cmsis_gcc.h **** #endif
 113:Drivers/CMSIS/Include/cmsis_gcc.h **** #ifndef   __RESTRICT
 114:Drivers/CMSIS/Include/cmsis_gcc.h ****   #define __RESTRICT                             __restrict
 115:Drivers/CMSIS/Include/cmsis_gcc.h **** #endif
 116:Drivers/CMSIS/Include/cmsis_gcc.h **** 
 117:Drivers/CMSIS/Include/cmsis_gcc.h **** 
 118:Drivers/CMSIS/Include/cmsis_gcc.h **** /* ###########################  Core Function Access  ########################### */
 119:Drivers/CMSIS/Include/cmsis_gcc.h **** /** \ingroup  CMSIS_Core_FunctionInterface
 120:Drivers/CMSIS/Include/cmsis_gcc.h ****     \defgroup CMSIS_Core_RegAccFunctions CMSIS Core Register Access Functions
 121:Drivers/CMSIS/Include/cmsis_gcc.h ****   @{
 122:Drivers/CMSIS/Include/cmsis_gcc.h ****  */
 123:Drivers/CMSIS/Include/cmsis_gcc.h **** 
 124:Drivers/CMSIS/Include/cmsis_gcc.h **** /**
 125:Drivers/CMSIS/Include/cmsis_gcc.h ****   \brief   Enable IRQ Interrupts
 126:Drivers/CMSIS/Include/cmsis_gcc.h ****   \details Enables IRQ interrupts by clearing the I-bit in the CPSR.
 127:Drivers/CMSIS/Include/cmsis_gcc.h ****            Can only be executed in Privileged modes.
 128:Drivers/CMSIS/Include/cmsis_gcc.h ****  */
 129:Drivers/CMSIS/Include/cmsis_gcc.h **** __STATIC_FORCEINLINE void __enable_irq(void)
 130:Drivers/CMSIS/Include/cmsis_gcc.h **** {
 131:Drivers/CMSIS/Include/cmsis_gcc.h ****   __ASM volatile ("cpsie i" : : : "memory");
 132:Drivers/CMSIS/Include/cmsis_gcc.h **** }
 133:Drivers/CMSIS/Include/cmsis_gcc.h **** 
 134:Drivers/CMSIS/Include/cmsis_gcc.h **** 
ARM GAS  C:\Users\Lenovo\AppData\Local\Temp\cckGFHpc.s 			page 7


 135:Drivers/CMSIS/Include/cmsis_gcc.h **** /**
 136:Drivers/CMSIS/Include/cmsis_gcc.h ****   \brief   Disable IRQ Interrupts
 137:Drivers/CMSIS/Include/cmsis_gcc.h ****   \details Disables IRQ interrupts by setting the I-bit in the CPSR.
 138:Drivers/CMSIS/Include/cmsis_gcc.h ****            Can only be executed in Privileged modes.
 139:Drivers/CMSIS/Include/cmsis_gcc.h ****  */
 140:Drivers/CMSIS/Include/cmsis_gcc.h **** __STATIC_FORCEINLINE void __disable_irq(void)
  37              		.loc 2 140 27 view .LVU2
  38              	.LBB5:
 141:Drivers/CMSIS/Include/cmsis_gcc.h **** {
 142:Drivers/CMSIS/Include/cmsis_gcc.h ****   __ASM volatile ("cpsid i" : : : "memory");
  39              		.loc 2 142 3 view .LVU3
  40              		.syntax unified
  41              	@ 142 "Drivers/CMSIS/Include/cmsis_gcc.h" 1
  42 0000 72B6     		cpsid i
  43              	@ 0 "" 2
  44              		.thumb
  45              		.syntax unified
  46              	.L2:
  47              	.LBE5:
  48              	.LBE4:
 174:Core/Src/main.c ****   while (1)
  49              		.loc 1 174 3 discriminator 1 view .LVU4
 175:Core/Src/main.c ****   {
 176:Core/Src/main.c ****   }
  50              		.loc 1 176 3 discriminator 1 view .LVU5
 174:Core/Src/main.c ****   while (1)
  51              		.loc 1 174 9 discriminator 1 view .LVU6
  52 0002 FEE7     		b	.L2
  53              		.cfi_endproc
  54              	.LFE67:
  56              		.section	.text.SystemClock_Config,"ax",%progbits
  57              		.align	1
  58              		.global	SystemClock_Config
  59              		.syntax unified
  60              		.thumb
  61              		.thumb_func
  63              	SystemClock_Config:
  64              	.LFB66:
 120:Core/Src/main.c ****   RCC_OscInitTypeDef RCC_OscInitStruct = {0};
  65              		.loc 1 120 1 view -0
  66              		.cfi_startproc
  67              		@ args = 0, pretend = 0, frame = 88
  68              		@ frame_needed = 0, uses_anonymous_args = 0
  69 0000 00B5     		push	{lr}
  70              	.LCFI0:
  71              		.cfi_def_cfa_offset 4
  72              		.cfi_offset 14, -4
  73 0002 97B0     		sub	sp, sp, #92
  74              	.LCFI1:
  75              		.cfi_def_cfa_offset 96
 121:Core/Src/main.c ****   RCC_ClkInitTypeDef RCC_ClkInitStruct = {0};
  76              		.loc 1 121 3 view .LVU8
 121:Core/Src/main.c ****   RCC_ClkInitTypeDef RCC_ClkInitStruct = {0};
  77              		.loc 1 121 22 is_stmt 0 view .LVU9
  78 0004 2822     		movs	r2, #40
  79 0006 0021     		movs	r1, #0
  80 0008 0CA8     		add	r0, sp, #48
ARM GAS  C:\Users\Lenovo\AppData\Local\Temp\cckGFHpc.s 			page 8


  81 000a FFF7FEFF 		bl	memset
  82              	.LVL0:
 122:Core/Src/main.c ****   RCC_PeriphCLKInitTypeDef PeriphClkInit = {0};
  83              		.loc 1 122 3 is_stmt 1 view .LVU10
 122:Core/Src/main.c ****   RCC_PeriphCLKInitTypeDef PeriphClkInit = {0};
  84              		.loc 1 122 22 is_stmt 0 view .LVU11
  85 000e 0023     		movs	r3, #0
  86 0010 0793     		str	r3, [sp, #28]
  87 0012 0893     		str	r3, [sp, #32]
  88 0014 0993     		str	r3, [sp, #36]
  89 0016 0A93     		str	r3, [sp, #40]
  90 0018 0B93     		str	r3, [sp, #44]
 123:Core/Src/main.c **** 
  91              		.loc 1 123 3 is_stmt 1 view .LVU12
 123:Core/Src/main.c **** 
  92              		.loc 1 123 28 is_stmt 0 view .LVU13
  93 001a 0193     		str	r3, [sp, #4]
  94 001c 0293     		str	r3, [sp, #8]
  95 001e 0393     		str	r3, [sp, #12]
  96 0020 0493     		str	r3, [sp, #16]
  97 0022 0593     		str	r3, [sp, #20]
  98 0024 0693     		str	r3, [sp, #24]
 128:Core/Src/main.c ****   RCC_OscInitStruct.HSEState = RCC_HSE_ON;
  99              		.loc 1 128 3 is_stmt 1 view .LVU14
 128:Core/Src/main.c ****   RCC_OscInitStruct.HSEState = RCC_HSE_ON;
 100              		.loc 1 128 36 is_stmt 0 view .LVU15
 101 0026 0122     		movs	r2, #1
 102 0028 0C92     		str	r2, [sp, #48]
 129:Core/Src/main.c ****   RCC_OscInitStruct.HSEPredivValue = RCC_HSE_PREDIV_DIV1;
 103              		.loc 1 129 3 is_stmt 1 view .LVU16
 129:Core/Src/main.c ****   RCC_OscInitStruct.HSEPredivValue = RCC_HSE_PREDIV_DIV1;
 104              		.loc 1 129 30 is_stmt 0 view .LVU17
 105 002a 4FF48033 		mov	r3, #65536
 106 002e 0D93     		str	r3, [sp, #52]
 130:Core/Src/main.c ****   RCC_OscInitStruct.HSIState = RCC_HSI_ON;
 107              		.loc 1 130 3 is_stmt 1 view .LVU18
 131:Core/Src/main.c ****   RCC_OscInitStruct.PLL.PLLState = RCC_PLL_ON;
 108              		.loc 1 131 3 view .LVU19
 131:Core/Src/main.c ****   RCC_OscInitStruct.PLL.PLLState = RCC_PLL_ON;
 109              		.loc 1 131 30 is_stmt 0 view .LVU20
 110 0030 1092     		str	r2, [sp, #64]
 132:Core/Src/main.c ****   RCC_OscInitStruct.PLL.PLLSource = RCC_PLLSOURCE_HSE;
 111              		.loc 1 132 3 is_stmt 1 view .LVU21
 132:Core/Src/main.c ****   RCC_OscInitStruct.PLL.PLLSource = RCC_PLLSOURCE_HSE;
 112              		.loc 1 132 34 is_stmt 0 view .LVU22
 113 0032 0222     		movs	r2, #2
 114 0034 1392     		str	r2, [sp, #76]
 133:Core/Src/main.c ****   RCC_OscInitStruct.PLL.PLLMUL = RCC_PLL_MUL9;
 115              		.loc 1 133 3 is_stmt 1 view .LVU23
 133:Core/Src/main.c ****   RCC_OscInitStruct.PLL.PLLMUL = RCC_PLL_MUL9;
 116              		.loc 1 133 35 is_stmt 0 view .LVU24
 117 0036 1493     		str	r3, [sp, #80]
 134:Core/Src/main.c ****   if (HAL_RCC_OscConfig(&RCC_OscInitStruct) != HAL_OK)
 118              		.loc 1 134 3 is_stmt 1 view .LVU25
 134:Core/Src/main.c ****   if (HAL_RCC_OscConfig(&RCC_OscInitStruct) != HAL_OK)
 119              		.loc 1 134 32 is_stmt 0 view .LVU26
 120 0038 4FF4E013 		mov	r3, #1835008
ARM GAS  C:\Users\Lenovo\AppData\Local\Temp\cckGFHpc.s 			page 9


 121 003c 1593     		str	r3, [sp, #84]
 135:Core/Src/main.c ****   {
 122              		.loc 1 135 3 is_stmt 1 view .LVU27
 135:Core/Src/main.c ****   {
 123              		.loc 1 135 7 is_stmt 0 view .LVU28
 124 003e 0CA8     		add	r0, sp, #48
 125 0040 FFF7FEFF 		bl	HAL_RCC_OscConfig
 126              	.LVL1:
 135:Core/Src/main.c ****   {
 127              		.loc 1 135 6 view .LVU29
 128 0044 C8B9     		cbnz	r0, .L8
 142:Core/Src/main.c ****                               |RCC_CLOCKTYPE_PCLK1|RCC_CLOCKTYPE_PCLK2;
 129              		.loc 1 142 3 is_stmt 1 view .LVU30
 142:Core/Src/main.c ****                               |RCC_CLOCKTYPE_PCLK1|RCC_CLOCKTYPE_PCLK2;
 130              		.loc 1 142 31 is_stmt 0 view .LVU31
 131 0046 0F23     		movs	r3, #15
 132 0048 0793     		str	r3, [sp, #28]
 144:Core/Src/main.c ****   RCC_ClkInitStruct.AHBCLKDivider = RCC_SYSCLK_DIV1;
 133              		.loc 1 144 3 is_stmt 1 view .LVU32
 144:Core/Src/main.c ****   RCC_ClkInitStruct.AHBCLKDivider = RCC_SYSCLK_DIV1;
 134              		.loc 1 144 34 is_stmt 0 view .LVU33
 135 004a 0221     		movs	r1, #2
 136 004c 0891     		str	r1, [sp, #32]
 145:Core/Src/main.c ****   RCC_ClkInitStruct.APB1CLKDivider = RCC_HCLK_DIV2;
 137              		.loc 1 145 3 is_stmt 1 view .LVU34
 145:Core/Src/main.c ****   RCC_ClkInitStruct.APB1CLKDivider = RCC_HCLK_DIV2;
 138              		.loc 1 145 35 is_stmt 0 view .LVU35
 139 004e 0023     		movs	r3, #0
 140 0050 0993     		str	r3, [sp, #36]
 146:Core/Src/main.c ****   RCC_ClkInitStruct.APB2CLKDivider = RCC_HCLK_DIV1;
 141              		.loc 1 146 3 is_stmt 1 view .LVU36
 146:Core/Src/main.c ****   RCC_ClkInitStruct.APB2CLKDivider = RCC_HCLK_DIV1;
 142              		.loc 1 146 36 is_stmt 0 view .LVU37
 143 0052 4FF48062 		mov	r2, #1024
 144 0056 0A92     		str	r2, [sp, #40]
 147:Core/Src/main.c **** 
 145              		.loc 1 147 3 is_stmt 1 view .LVU38
 147:Core/Src/main.c **** 
 146              		.loc 1 147 36 is_stmt 0 view .LVU39
 147 0058 0B93     		str	r3, [sp, #44]
 149:Core/Src/main.c ****   {
 148              		.loc 1 149 3 is_stmt 1 view .LVU40
 149:Core/Src/main.c ****   {
 149              		.loc 1 149 7 is_stmt 0 view .LVU41
 150 005a 07A8     		add	r0, sp, #28
 151 005c FFF7FEFF 		bl	HAL_RCC_ClockConfig
 152              	.LVL2:
 149:Core/Src/main.c ****   {
 153              		.loc 1 149 6 view .LVU42
 154 0060 68B9     		cbnz	r0, .L9
 153:Core/Src/main.c ****   PeriphClkInit.AdcClockSelection = RCC_ADCPCLK2_DIV6;
 155              		.loc 1 153 3 is_stmt 1 view .LVU43
 153:Core/Src/main.c ****   PeriphClkInit.AdcClockSelection = RCC_ADCPCLK2_DIV6;
 156              		.loc 1 153 38 is_stmt 0 view .LVU44
 157 0062 0223     		movs	r3, #2
 158 0064 0193     		str	r3, [sp, #4]
 154:Core/Src/main.c ****   if (HAL_RCCEx_PeriphCLKConfig(&PeriphClkInit) != HAL_OK)
ARM GAS  C:\Users\Lenovo\AppData\Local\Temp\cckGFHpc.s 			page 10


 159              		.loc 1 154 3 is_stmt 1 view .LVU45
 154:Core/Src/main.c ****   if (HAL_RCCEx_PeriphCLKConfig(&PeriphClkInit) != HAL_OK)
 160              		.loc 1 154 35 is_stmt 0 view .LVU46
 161 0066 4FF40043 		mov	r3, #32768
 162 006a 0393     		str	r3, [sp, #12]
 155:Core/Src/main.c ****   {
 163              		.loc 1 155 3 is_stmt 1 view .LVU47
 155:Core/Src/main.c ****   {
 164              		.loc 1 155 7 is_stmt 0 view .LVU48
 165 006c 01A8     		add	r0, sp, #4
 166 006e FFF7FEFF 		bl	HAL_RCCEx_PeriphCLKConfig
 167              	.LVL3:
 155:Core/Src/main.c ****   {
 168              		.loc 1 155 6 view .LVU49
 169 0072 30B9     		cbnz	r0, .L10
 159:Core/Src/main.c **** 
 170              		.loc 1 159 1 view .LVU50
 171 0074 17B0     		add	sp, sp, #92
 172              	.LCFI2:
 173              		.cfi_remember_state
 174              		.cfi_def_cfa_offset 4
 175              		@ sp needed
 176 0076 5DF804FB 		ldr	pc, [sp], #4
 177              	.L8:
 178              	.LCFI3:
 179              		.cfi_restore_state
 137:Core/Src/main.c ****   }
 180              		.loc 1 137 5 is_stmt 1 view .LVU51
 181 007a FFF7FEFF 		bl	Error_Handler
 182              	.LVL4:
 183              	.L9:
 151:Core/Src/main.c ****   }
 184              		.loc 1 151 5 view .LVU52
 185 007e FFF7FEFF 		bl	Error_Handler
 186              	.LVL5:
 187              	.L10:
 157:Core/Src/main.c ****   }
 188              		.loc 1 157 5 view .LVU53
 189 0082 FFF7FEFF 		bl	Error_Handler
 190              	.LVL6:
 191              		.cfi_endproc
 192              	.LFE66:
 194              		.section	.text.main,"ax",%progbits
 195              		.align	1
 196              		.global	main
 197              		.syntax unified
 198              		.thumb
 199              		.thumb_func
 201              	main:
 202              	.LFB65:
  68:Core/Src/main.c **** 
 203              		.loc 1 68 1 view -0
 204              		.cfi_startproc
 205              		@ Volatile: function does not return.
 206              		@ args = 0, pretend = 0, frame = 0
 207              		@ frame_needed = 0, uses_anonymous_args = 0
 208 0000 08B5     		push	{r3, lr}
ARM GAS  C:\Users\Lenovo\AppData\Local\Temp\cckGFHpc.s 			page 11


 209              	.LCFI4:
 210              		.cfi_def_cfa_offset 8
 211              		.cfi_offset 3, -8
 212              		.cfi_offset 14, -4
  77:Core/Src/main.c **** 
 213              		.loc 1 77 3 view .LVU55
 214 0002 FFF7FEFF 		bl	HAL_Init
 215              	.LVL7:
  84:Core/Src/main.c **** 
 216              		.loc 1 84 3 view .LVU56
 217 0006 FFF7FEFF 		bl	SystemClock_Config
 218              	.LVL8:
  91:Core/Src/main.c ****   MX_ADC1_Init();
 219              		.loc 1 91 3 view .LVU57
 220 000a FFF7FEFF 		bl	MX_GPIO_Init
 221              	.LVL9:
  92:Core/Src/main.c ****   MX_ADC2_Init();
 222              		.loc 1 92 3 view .LVU58
 223 000e FFF7FEFF 		bl	MX_ADC1_Init
 224              	.LVL10:
  93:Core/Src/main.c ****   MX_I2C1_Init();
 225              		.loc 1 93 3 view .LVU59
 226 0012 FFF7FEFF 		bl	MX_ADC2_Init
 227              	.LVL11:
  94:Core/Src/main.c ****   MX_I2C2_Init();
 228              		.loc 1 94 3 view .LVU60
 229 0016 FFF7FEFF 		bl	MX_I2C1_Init
 230              	.LVL12:
  95:Core/Src/main.c ****   /* USER CODE BEGIN 2 */
 231              		.loc 1 95 3 view .LVU61
 232 001a FFF7FEFF 		bl	MX_I2C2_Init
 233              	.LVL13:
  97:Core/Src/main.c ****   ADS1015_Init();
 234              		.loc 1 97 3 view .LVU62
 235 001e FFF7FEFF 		bl	OLED_ShowRUAGH
 236              	.LVL14:
  98:Core/Src/main.c ****   HAL_Delay(10);
 237              		.loc 1 98 3 view .LVU63
 238 0022 FFF7FEFF 		bl	ADS1015_Init
 239              	.LVL15:
  99:Core/Src/main.c ****   /* USER CODE END 2 */
 240              		.loc 1 99 3 view .LVU64
 241 0026 0A20     		movs	r0, #10
 242 0028 FFF7FEFF 		bl	HAL_Delay
 243              	.LVL16:
 244              	.L12:
 104:Core/Src/main.c ****   {
 245              		.loc 1 104 3 discriminator 1 view .LVU65
 111:Core/Src/main.c ****   /* USER CODE END 3 */
 246              		.loc 1 111 3 discriminator 1 view .LVU66
 104:Core/Src/main.c ****   {
 247              		.loc 1 104 9 discriminator 1 view .LVU67
 248 002c FEE7     		b	.L12
 249              		.cfi_endproc
 250              	.LFE65:
 252              		.global	i2c_state
 253              		.section	.bss.i2c_state,"aw",%nobits
ARM GAS  C:\Users\Lenovo\AppData\Local\Temp\cckGFHpc.s 			page 12


 254              		.align	2
 257              	i2c_state:
 258 0000 00000000 		.space	4
 259              		.text
 260              	.Letext0:
 261              		.file 3 "d:\\msys64\\mingw64\\arm-none-eabi\\include\\machine\\_default_types.h"
 262              		.file 4 "d:\\msys64\\mingw64\\arm-none-eabi\\include\\sys\\_stdint.h"
 263              		.file 5 "Drivers/STM32F1xx_HAL_Driver/Inc/stm32f1xx_hal_def.h"
 264              		.file 6 "Drivers/STM32F1xx_HAL_Driver/Inc/stm32f1xx_hal_rcc.h"
 265              		.file 7 "Drivers/STM32F1xx_HAL_Driver/Inc/stm32f1xx_hal_rcc_ex.h"
 266              		.file 8 "BBBOOM/Inc/ADS1015.h"
 267              		.file 9 "BBBOOM/Inc/oled.h"
 268              		.file 10 "Core/Inc/i2c.h"
 269              		.file 11 "Core/Inc/adc.h"
 270              		.file 12 "Core/Inc/gpio.h"
 271              		.file 13 "Core/Inc/main.h"
 272              		.file 14 "Drivers/STM32F1xx_HAL_Driver/Inc/stm32f1xx_hal.h"
 273              		.file 15 "<built-in>"
ARM GAS  C:\Users\Lenovo\AppData\Local\Temp\cckGFHpc.s 			page 13


DEFINED SYMBOLS
                            *ABS*:0000000000000000 main.c
C:\Users\Lenovo\AppData\Local\Temp\cckGFHpc.s:19     .text.Error_Handler:0000000000000000 $t
C:\Users\Lenovo\AppData\Local\Temp\cckGFHpc.s:25     .text.Error_Handler:0000000000000000 Error_Handler
C:\Users\Lenovo\AppData\Local\Temp\cckGFHpc.s:57     .text.SystemClock_Config:0000000000000000 $t
C:\Users\Lenovo\AppData\Local\Temp\cckGFHpc.s:63     .text.SystemClock_Config:0000000000000000 SystemClock_Config
C:\Users\Lenovo\AppData\Local\Temp\cckGFHpc.s:195    .text.main:0000000000000000 $t
C:\Users\Lenovo\AppData\Local\Temp\cckGFHpc.s:201    .text.main:0000000000000000 main
C:\Users\Lenovo\AppData\Local\Temp\cckGFHpc.s:257    .bss.i2c_state:0000000000000000 i2c_state
C:\Users\Lenovo\AppData\Local\Temp\cckGFHpc.s:254    .bss.i2c_state:0000000000000000 $d

UNDEFINED SYMBOLS
memset
HAL_RCC_OscConfig
HAL_RCC_ClockConfig
HAL_RCCEx_PeriphCLKConfig
HAL_Init
MX_GPIO_Init
MX_ADC1_Init
MX_ADC2_Init
MX_I2C1_Init
MX_I2C2_Init
OLED_ShowRUAGH
ADS1015_Init
HAL_Delay
