ARM GAS  C:\Users\Lenovo\AppData\Local\Temp\ccdJheAA.s 			page 1


   1              		.cpu cortex-m3
   2              		.arch armv7-m
   3              		.fpu softvfp
   4              		.eabi_attribute 20, 1
   5              		.eabi_attribute 21, 1
   6              		.eabi_attribute 23, 3
   7              		.eabi_attribute 24, 1
   8              		.eabi_attribute 25, 1
   9              		.eabi_attribute 26, 1
  10              		.eabi_attribute 30, 6
  11              		.eabi_attribute 34, 1
  12              		.eabi_attribute 18, 4
  13              		.file	"tim.c"
  14              		.text
  15              	.Ltext0:
  16              		.cfi_sections	.debug_frame
  17              		.file 1 "Core/Src/tim.c"
  18              		.global	htim1
  19              		.section	.bss.htim1,"aw",%nobits
  20              		.align	2
  23              	htim1:
  24 0000 00000000 		.space	72
  24      00000000 
  24      00000000 
  24      00000000 
  24      00000000 
  25              		.global	htim2
  26              		.section	.bss.htim2,"aw",%nobits
  27              		.align	2
  30              	htim2:
  31 0000 00000000 		.space	72
  31      00000000 
  31      00000000 
  31      00000000 
  31      00000000 
  32              		.section	.text.MX_TIM1_Init,"ax",%progbits
  33              		.align	1
  34              		.global	MX_TIM1_Init
  35              		.syntax unified
  36              		.thumb
  37              		.thumb_func
  39              	MX_TIM1_Init:
  40              	.LFB65:
   1:Core/Src/tim.c **** /* USER CODE BEGIN Header */
   2:Core/Src/tim.c **** /**
   3:Core/Src/tim.c ****   ******************************************************************************
   4:Core/Src/tim.c ****   * @file    tim.c
   5:Core/Src/tim.c ****   * @brief   This file provides code for the configuration
   6:Core/Src/tim.c ****   *          of the TIM instances.
   7:Core/Src/tim.c ****   ******************************************************************************
   8:Core/Src/tim.c ****   * @attention
   9:Core/Src/tim.c ****   *
  10:Core/Src/tim.c ****   * Copyright (c) 2024 STMicroelectronics.
  11:Core/Src/tim.c ****   * All rights reserved.
  12:Core/Src/tim.c ****   *
  13:Core/Src/tim.c ****   * This software is licensed under terms that can be found in the LICENSE file
  14:Core/Src/tim.c ****   * in the root directory of this software component.
ARM GAS  C:\Users\Lenovo\AppData\Local\Temp\ccdJheAA.s 			page 2


  15:Core/Src/tim.c ****   * If no LICENSE file comes with this software, it is provided AS-IS.
  16:Core/Src/tim.c ****   *
  17:Core/Src/tim.c ****   ******************************************************************************
  18:Core/Src/tim.c ****   */
  19:Core/Src/tim.c **** /* USER CODE END Header */
  20:Core/Src/tim.c **** /* Includes ------------------------------------------------------------------*/
  21:Core/Src/tim.c **** #include "tim.h"
  22:Core/Src/tim.c **** 
  23:Core/Src/tim.c **** /* USER CODE BEGIN 0 */
  24:Core/Src/tim.c **** 
  25:Core/Src/tim.c **** /* USER CODE END 0 */
  26:Core/Src/tim.c **** 
  27:Core/Src/tim.c **** TIM_HandleTypeDef htim1;
  28:Core/Src/tim.c **** TIM_HandleTypeDef htim2;
  29:Core/Src/tim.c **** 
  30:Core/Src/tim.c **** /* TIM1 init function */
  31:Core/Src/tim.c **** void MX_TIM1_Init(void)
  32:Core/Src/tim.c **** {
  41              		.loc 1 32 1
  42              		.cfi_startproc
  43              		@ args = 0, pretend = 0, frame = 24
  44              		@ frame_needed = 1, uses_anonymous_args = 0
  45 0000 80B5     		push	{r7, lr}
  46              	.LCFI0:
  47              		.cfi_def_cfa_offset 8
  48              		.cfi_offset 7, -8
  49              		.cfi_offset 14, -4
  50 0002 86B0     		sub	sp, sp, #24
  51              	.LCFI1:
  52              		.cfi_def_cfa_offset 32
  53 0004 00AF     		add	r7, sp, #0
  54              	.LCFI2:
  55              		.cfi_def_cfa_register 7
  33:Core/Src/tim.c **** 
  34:Core/Src/tim.c ****   /* USER CODE BEGIN TIM1_Init 0 */
  35:Core/Src/tim.c **** 
  36:Core/Src/tim.c ****   /* USER CODE END TIM1_Init 0 */
  37:Core/Src/tim.c **** 
  38:Core/Src/tim.c ****   TIM_ClockConfigTypeDef sClockSourceConfig = {0};
  56              		.loc 1 38 26
  57 0006 07F10803 		add	r3, r7, #8
  58 000a 0022     		movs	r2, #0
  59 000c 1A60     		str	r2, [r3]
  60 000e 5A60     		str	r2, [r3, #4]
  61 0010 9A60     		str	r2, [r3, #8]
  62 0012 DA60     		str	r2, [r3, #12]
  39:Core/Src/tim.c ****   TIM_MasterConfigTypeDef sMasterConfig = {0};
  63              		.loc 1 39 27
  64 0014 3B46     		mov	r3, r7
  65 0016 0022     		movs	r2, #0
  66 0018 1A60     		str	r2, [r3]
  67 001a 5A60     		str	r2, [r3, #4]
  40:Core/Src/tim.c **** 
  41:Core/Src/tim.c ****   /* USER CODE BEGIN TIM1_Init 1 */
  42:Core/Src/tim.c **** 
  43:Core/Src/tim.c ****   /* USER CODE END TIM1_Init 1 */
  44:Core/Src/tim.c ****   htim1.Instance = TIM1;
ARM GAS  C:\Users\Lenovo\AppData\Local\Temp\ccdJheAA.s 			page 3


  68              		.loc 1 44 18
  69 001c 1F4B     		ldr	r3, .L6
  70 001e 204A     		ldr	r2, .L6+4
  71 0020 1A60     		str	r2, [r3]
  45:Core/Src/tim.c ****   htim1.Init.Prescaler = 7199;
  72              		.loc 1 45 24
  73 0022 1E4B     		ldr	r3, .L6
  74 0024 41F61F42 		movw	r2, #7199
  75 0028 5A60     		str	r2, [r3, #4]
  46:Core/Src/tim.c ****   htim1.Init.CounterMode = TIM_COUNTERMODE_UP;
  76              		.loc 1 46 26
  77 002a 1C4B     		ldr	r3, .L6
  78 002c 0022     		movs	r2, #0
  79 002e 9A60     		str	r2, [r3, #8]
  47:Core/Src/tim.c ****   htim1.Init.Period = 9999;
  80              		.loc 1 47 21
  81 0030 1A4B     		ldr	r3, .L6
  82 0032 42F20F72 		movw	r2, #9999
  83 0036 DA60     		str	r2, [r3, #12]
  48:Core/Src/tim.c ****   htim1.Init.ClockDivision = TIM_CLOCKDIVISION_DIV1;
  84              		.loc 1 48 28
  85 0038 184B     		ldr	r3, .L6
  86 003a 0022     		movs	r2, #0
  87 003c 1A61     		str	r2, [r3, #16]
  49:Core/Src/tim.c ****   htim1.Init.RepetitionCounter = 0;
  88              		.loc 1 49 32
  89 003e 174B     		ldr	r3, .L6
  90 0040 0022     		movs	r2, #0
  91 0042 5A61     		str	r2, [r3, #20]
  50:Core/Src/tim.c ****   htim1.Init.AutoReloadPreload = TIM_AUTORELOAD_PRELOAD_ENABLE;
  92              		.loc 1 50 32
  93 0044 154B     		ldr	r3, .L6
  94 0046 8022     		movs	r2, #128
  95 0048 9A61     		str	r2, [r3, #24]
  51:Core/Src/tim.c ****   if (HAL_TIM_Base_Init(&htim1) != HAL_OK)
  96              		.loc 1 51 7
  97 004a 1448     		ldr	r0, .L6
  98 004c FFF7FEFF 		bl	HAL_TIM_Base_Init
  99 0050 0346     		mov	r3, r0
 100              		.loc 1 51 6
 101 0052 002B     		cmp	r3, #0
 102 0054 01D0     		beq	.L2
  52:Core/Src/tim.c ****   {
  53:Core/Src/tim.c ****     Error_Handler();
 103              		.loc 1 53 5
 104 0056 FFF7FEFF 		bl	Error_Handler
 105              	.L2:
  54:Core/Src/tim.c ****   }
  55:Core/Src/tim.c ****   sClockSourceConfig.ClockSource = TIM_CLOCKSOURCE_INTERNAL;
 106              		.loc 1 55 34
 107 005a 4FF48053 		mov	r3, #4096
 108 005e BB60     		str	r3, [r7, #8]
  56:Core/Src/tim.c ****   if (HAL_TIM_ConfigClockSource(&htim1, &sClockSourceConfig) != HAL_OK)
 109              		.loc 1 56 7
 110 0060 07F10803 		add	r3, r7, #8
 111 0064 1946     		mov	r1, r3
 112 0066 0D48     		ldr	r0, .L6
ARM GAS  C:\Users\Lenovo\AppData\Local\Temp\ccdJheAA.s 			page 4


 113 0068 FFF7FEFF 		bl	HAL_TIM_ConfigClockSource
 114 006c 0346     		mov	r3, r0
 115              		.loc 1 56 6
 116 006e 002B     		cmp	r3, #0
 117 0070 01D0     		beq	.L3
  57:Core/Src/tim.c ****   {
  58:Core/Src/tim.c ****     Error_Handler();
 118              		.loc 1 58 5
 119 0072 FFF7FEFF 		bl	Error_Handler
 120              	.L3:
  59:Core/Src/tim.c ****   }
  60:Core/Src/tim.c ****   sMasterConfig.MasterOutputTrigger = TIM_TRGO_RESET;
 121              		.loc 1 60 37
 122 0076 0023     		movs	r3, #0
 123 0078 3B60     		str	r3, [r7]
  61:Core/Src/tim.c ****   sMasterConfig.MasterSlaveMode = TIM_MASTERSLAVEMODE_DISABLE;
 124              		.loc 1 61 33
 125 007a 0023     		movs	r3, #0
 126 007c 7B60     		str	r3, [r7, #4]
  62:Core/Src/tim.c ****   if (HAL_TIMEx_MasterConfigSynchronization(&htim1, &sMasterConfig) != HAL_OK)
 127              		.loc 1 62 7
 128 007e 3B46     		mov	r3, r7
 129 0080 1946     		mov	r1, r3
 130 0082 0648     		ldr	r0, .L6
 131 0084 FFF7FEFF 		bl	HAL_TIMEx_MasterConfigSynchronization
 132 0088 0346     		mov	r3, r0
 133              		.loc 1 62 6
 134 008a 002B     		cmp	r3, #0
 135 008c 01D0     		beq	.L5
  63:Core/Src/tim.c ****   {
  64:Core/Src/tim.c ****     Error_Handler();
 136              		.loc 1 64 5
 137 008e FFF7FEFF 		bl	Error_Handler
 138              	.L5:
  65:Core/Src/tim.c ****   }
  66:Core/Src/tim.c ****   /* USER CODE BEGIN TIM1_Init 2 */
  67:Core/Src/tim.c **** 
  68:Core/Src/tim.c ****   /* USER CODE END TIM1_Init 2 */
  69:Core/Src/tim.c **** 
  70:Core/Src/tim.c **** }
 139              		.loc 1 70 1
 140 0092 00BF     		nop
 141 0094 1837     		adds	r7, r7, #24
 142              	.LCFI3:
 143              		.cfi_def_cfa_offset 8
 144 0096 BD46     		mov	sp, r7
 145              	.LCFI4:
 146              		.cfi_def_cfa_register 13
 147              		@ sp needed
 148 0098 80BD     		pop	{r7, pc}
 149              	.L7:
 150 009a 00BF     		.align	2
 151              	.L6:
 152 009c 00000000 		.word	htim1
 153 00a0 002C0140 		.word	1073818624
 154              		.cfi_endproc
 155              	.LFE65:
ARM GAS  C:\Users\Lenovo\AppData\Local\Temp\ccdJheAA.s 			page 5


 157              		.section	.text.MX_TIM2_Init,"ax",%progbits
 158              		.align	1
 159              		.global	MX_TIM2_Init
 160              		.syntax unified
 161              		.thumb
 162              		.thumb_func
 164              	MX_TIM2_Init:
 165              	.LFB66:
  71:Core/Src/tim.c **** /* TIM2 init function */
  72:Core/Src/tim.c **** void MX_TIM2_Init(void)
  73:Core/Src/tim.c **** {
 166              		.loc 1 73 1
 167              		.cfi_startproc
 168              		@ args = 0, pretend = 0, frame = 56
 169              		@ frame_needed = 1, uses_anonymous_args = 0
 170 0000 80B5     		push	{r7, lr}
 171              	.LCFI5:
 172              		.cfi_def_cfa_offset 8
 173              		.cfi_offset 7, -8
 174              		.cfi_offset 14, -4
 175 0002 8EB0     		sub	sp, sp, #56
 176              	.LCFI6:
 177              		.cfi_def_cfa_offset 64
 178 0004 00AF     		add	r7, sp, #0
 179              	.LCFI7:
 180              		.cfi_def_cfa_register 7
  74:Core/Src/tim.c **** 
  75:Core/Src/tim.c ****   /* USER CODE BEGIN TIM2_Init 0 */
  76:Core/Src/tim.c **** 
  77:Core/Src/tim.c ****   /* USER CODE END TIM2_Init 0 */
  78:Core/Src/tim.c **** 
  79:Core/Src/tim.c ****   TIM_ClockConfigTypeDef sClockSourceConfig = {0};
 181              		.loc 1 79 26
 182 0006 07F12803 		add	r3, r7, #40
 183 000a 0022     		movs	r2, #0
 184 000c 1A60     		str	r2, [r3]
 185 000e 5A60     		str	r2, [r3, #4]
 186 0010 9A60     		str	r2, [r3, #8]
 187 0012 DA60     		str	r2, [r3, #12]
  80:Core/Src/tim.c ****   TIM_MasterConfigTypeDef sMasterConfig = {0};
 188              		.loc 1 80 27
 189 0014 07F12003 		add	r3, r7, #32
 190 0018 0022     		movs	r2, #0
 191 001a 1A60     		str	r2, [r3]
 192 001c 5A60     		str	r2, [r3, #4]
  81:Core/Src/tim.c ****   TIM_OC_InitTypeDef sConfigOC = {0};
 193              		.loc 1 81 22
 194 001e 3B1D     		adds	r3, r7, #4
 195 0020 0022     		movs	r2, #0
 196 0022 1A60     		str	r2, [r3]
 197 0024 5A60     		str	r2, [r3, #4]
 198 0026 9A60     		str	r2, [r3, #8]
 199 0028 DA60     		str	r2, [r3, #12]
 200 002a 1A61     		str	r2, [r3, #16]
 201 002c 5A61     		str	r2, [r3, #20]
 202 002e 9A61     		str	r2, [r3, #24]
  82:Core/Src/tim.c **** 
ARM GAS  C:\Users\Lenovo\AppData\Local\Temp\ccdJheAA.s 			page 6


  83:Core/Src/tim.c ****   /* USER CODE BEGIN TIM2_Init 1 */
  84:Core/Src/tim.c **** 
  85:Core/Src/tim.c ****   /* USER CODE END TIM2_Init 1 */
  86:Core/Src/tim.c ****   htim2.Instance = TIM2;
 203              		.loc 1 86 18
 204 0030 2D4B     		ldr	r3, .L14
 205 0032 4FF08042 		mov	r2, #1073741824
 206 0036 1A60     		str	r2, [r3]
  87:Core/Src/tim.c ****   htim2.Init.Prescaler = 7199;
 207              		.loc 1 87 24
 208 0038 2B4B     		ldr	r3, .L14
 209 003a 41F61F42 		movw	r2, #7199
 210 003e 5A60     		str	r2, [r3, #4]
  88:Core/Src/tim.c ****   htim2.Init.CounterMode = TIM_COUNTERMODE_UP;
 211              		.loc 1 88 26
 212 0040 294B     		ldr	r3, .L14
 213 0042 0022     		movs	r2, #0
 214 0044 9A60     		str	r2, [r3, #8]
  89:Core/Src/tim.c ****   htim2.Init.Period = 9999;
 215              		.loc 1 89 21
 216 0046 284B     		ldr	r3, .L14
 217 0048 42F20F72 		movw	r2, #9999
 218 004c DA60     		str	r2, [r3, #12]
  90:Core/Src/tim.c ****   htim2.Init.ClockDivision = TIM_CLOCKDIVISION_DIV1;
 219              		.loc 1 90 28
 220 004e 264B     		ldr	r3, .L14
 221 0050 0022     		movs	r2, #0
 222 0052 1A61     		str	r2, [r3, #16]
  91:Core/Src/tim.c ****   htim2.Init.AutoReloadPreload = TIM_AUTORELOAD_PRELOAD_ENABLE;
 223              		.loc 1 91 32
 224 0054 244B     		ldr	r3, .L14
 225 0056 8022     		movs	r2, #128
 226 0058 9A61     		str	r2, [r3, #24]
  92:Core/Src/tim.c ****   if (HAL_TIM_Base_Init(&htim2) != HAL_OK)
 227              		.loc 1 92 7
 228 005a 2348     		ldr	r0, .L14
 229 005c FFF7FEFF 		bl	HAL_TIM_Base_Init
 230 0060 0346     		mov	r3, r0
 231              		.loc 1 92 6
 232 0062 002B     		cmp	r3, #0
 233 0064 01D0     		beq	.L9
  93:Core/Src/tim.c ****   {
  94:Core/Src/tim.c ****     Error_Handler();
 234              		.loc 1 94 5
 235 0066 FFF7FEFF 		bl	Error_Handler
 236              	.L9:
  95:Core/Src/tim.c ****   }
  96:Core/Src/tim.c ****   sClockSourceConfig.ClockSource = TIM_CLOCKSOURCE_INTERNAL;
 237              		.loc 1 96 34
 238 006a 4FF48053 		mov	r3, #4096
 239 006e BB62     		str	r3, [r7, #40]
  97:Core/Src/tim.c ****   if (HAL_TIM_ConfigClockSource(&htim2, &sClockSourceConfig) != HAL_OK)
 240              		.loc 1 97 7
 241 0070 07F12803 		add	r3, r7, #40
 242 0074 1946     		mov	r1, r3
 243 0076 1C48     		ldr	r0, .L14
 244 0078 FFF7FEFF 		bl	HAL_TIM_ConfigClockSource
ARM GAS  C:\Users\Lenovo\AppData\Local\Temp\ccdJheAA.s 			page 7


 245 007c 0346     		mov	r3, r0
 246              		.loc 1 97 6
 247 007e 002B     		cmp	r3, #0
 248 0080 01D0     		beq	.L10
  98:Core/Src/tim.c ****   {
  99:Core/Src/tim.c ****     Error_Handler();
 249              		.loc 1 99 5
 250 0082 FFF7FEFF 		bl	Error_Handler
 251              	.L10:
 100:Core/Src/tim.c ****   }
 101:Core/Src/tim.c ****   if (HAL_TIM_PWM_Init(&htim2) != HAL_OK)
 252              		.loc 1 101 7
 253 0086 1848     		ldr	r0, .L14
 254 0088 FFF7FEFF 		bl	HAL_TIM_PWM_Init
 255 008c 0346     		mov	r3, r0
 256              		.loc 1 101 6
 257 008e 002B     		cmp	r3, #0
 258 0090 01D0     		beq	.L11
 102:Core/Src/tim.c ****   {
 103:Core/Src/tim.c ****     Error_Handler();
 259              		.loc 1 103 5
 260 0092 FFF7FEFF 		bl	Error_Handler
 261              	.L11:
 104:Core/Src/tim.c ****   }
 105:Core/Src/tim.c ****   sMasterConfig.MasterOutputTrigger = TIM_TRGO_RESET;
 262              		.loc 1 105 37
 263 0096 0023     		movs	r3, #0
 264 0098 3B62     		str	r3, [r7, #32]
 106:Core/Src/tim.c ****   sMasterConfig.MasterSlaveMode = TIM_MASTERSLAVEMODE_DISABLE;
 265              		.loc 1 106 33
 266 009a 0023     		movs	r3, #0
 267 009c 7B62     		str	r3, [r7, #36]
 107:Core/Src/tim.c ****   if (HAL_TIMEx_MasterConfigSynchronization(&htim2, &sMasterConfig) != HAL_OK)
 268              		.loc 1 107 7
 269 009e 07F12003 		add	r3, r7, #32
 270 00a2 1946     		mov	r1, r3
 271 00a4 1048     		ldr	r0, .L14
 272 00a6 FFF7FEFF 		bl	HAL_TIMEx_MasterConfigSynchronization
 273 00aa 0346     		mov	r3, r0
 274              		.loc 1 107 6
 275 00ac 002B     		cmp	r3, #0
 276 00ae 01D0     		beq	.L12
 108:Core/Src/tim.c ****   {
 109:Core/Src/tim.c ****     Error_Handler();
 277              		.loc 1 109 5
 278 00b0 FFF7FEFF 		bl	Error_Handler
 279              	.L12:
 110:Core/Src/tim.c ****   }
 111:Core/Src/tim.c ****   sConfigOC.OCMode = TIM_OCMODE_PWM1;
 280              		.loc 1 111 20
 281 00b4 6023     		movs	r3, #96
 282 00b6 7B60     		str	r3, [r7, #4]
 112:Core/Src/tim.c ****   sConfigOC.Pulse = 0;
 283              		.loc 1 112 19
 284 00b8 0023     		movs	r3, #0
 285 00ba BB60     		str	r3, [r7, #8]
 113:Core/Src/tim.c ****   sConfigOC.OCPolarity = TIM_OCPOLARITY_HIGH;
ARM GAS  C:\Users\Lenovo\AppData\Local\Temp\ccdJheAA.s 			page 8


 286              		.loc 1 113 24
 287 00bc 0023     		movs	r3, #0
 288 00be FB60     		str	r3, [r7, #12]
 114:Core/Src/tim.c ****   sConfigOC.OCFastMode = TIM_OCFAST_DISABLE;
 289              		.loc 1 114 24
 290 00c0 0023     		movs	r3, #0
 291 00c2 7B61     		str	r3, [r7, #20]
 115:Core/Src/tim.c ****   if (HAL_TIM_PWM_ConfigChannel(&htim2, &sConfigOC, TIM_CHANNEL_2) != HAL_OK)
 292              		.loc 1 115 7
 293 00c4 3B1D     		adds	r3, r7, #4
 294 00c6 0422     		movs	r2, #4
 295 00c8 1946     		mov	r1, r3
 296 00ca 0748     		ldr	r0, .L14
 297 00cc FFF7FEFF 		bl	HAL_TIM_PWM_ConfigChannel
 298 00d0 0346     		mov	r3, r0
 299              		.loc 1 115 6
 300 00d2 002B     		cmp	r3, #0
 301 00d4 01D0     		beq	.L13
 116:Core/Src/tim.c ****   {
 117:Core/Src/tim.c ****     Error_Handler();
 302              		.loc 1 117 5
 303 00d6 FFF7FEFF 		bl	Error_Handler
 304              	.L13:
 118:Core/Src/tim.c ****   }
 119:Core/Src/tim.c ****   /* USER CODE BEGIN TIM2_Init 2 */
 120:Core/Src/tim.c **** 
 121:Core/Src/tim.c ****   /* USER CODE END TIM2_Init 2 */
 122:Core/Src/tim.c ****   HAL_TIM_MspPostInit(&htim2);
 305              		.loc 1 122 3
 306 00da 0348     		ldr	r0, .L14
 307 00dc FFF7FEFF 		bl	HAL_TIM_MspPostInit
 123:Core/Src/tim.c **** 
 124:Core/Src/tim.c **** }
 308              		.loc 1 124 1
 309 00e0 00BF     		nop
 310 00e2 3837     		adds	r7, r7, #56
 311              	.LCFI8:
 312              		.cfi_def_cfa_offset 8
 313 00e4 BD46     		mov	sp, r7
 314              	.LCFI9:
 315              		.cfi_def_cfa_register 13
 316              		@ sp needed
 317 00e6 80BD     		pop	{r7, pc}
 318              	.L15:
 319              		.align	2
 320              	.L14:
 321 00e8 00000000 		.word	htim2
 322              		.cfi_endproc
 323              	.LFE66:
 325              		.section	.text.HAL_TIM_Base_MspInit,"ax",%progbits
 326              		.align	1
 327              		.global	HAL_TIM_Base_MspInit
 328              		.syntax unified
 329              		.thumb
 330              		.thumb_func
 332              	HAL_TIM_Base_MspInit:
 333              	.LFB67:
ARM GAS  C:\Users\Lenovo\AppData\Local\Temp\ccdJheAA.s 			page 9


 125:Core/Src/tim.c **** 
 126:Core/Src/tim.c **** void HAL_TIM_Base_MspInit(TIM_HandleTypeDef* tim_baseHandle)
 127:Core/Src/tim.c **** {
 334              		.loc 1 127 1
 335              		.cfi_startproc
 336              		@ args = 0, pretend = 0, frame = 16
 337              		@ frame_needed = 1, uses_anonymous_args = 0
 338 0000 80B5     		push	{r7, lr}
 339              	.LCFI10:
 340              		.cfi_def_cfa_offset 8
 341              		.cfi_offset 7, -8
 342              		.cfi_offset 14, -4
 343 0002 84B0     		sub	sp, sp, #16
 344              	.LCFI11:
 345              		.cfi_def_cfa_offset 24
 346 0004 00AF     		add	r7, sp, #0
 347              	.LCFI12:
 348              		.cfi_def_cfa_register 7
 349 0006 7860     		str	r0, [r7, #4]
 128:Core/Src/tim.c **** 
 129:Core/Src/tim.c ****   if(tim_baseHandle->Instance==TIM1)
 350              		.loc 1 129 20
 351 0008 7B68     		ldr	r3, [r7, #4]
 352 000a 1B68     		ldr	r3, [r3]
 353              		.loc 1 129 5
 354 000c 164A     		ldr	r2, .L20
 355 000e 9342     		cmp	r3, r2
 356 0010 14D1     		bne	.L17
 357              	.LBB2:
 130:Core/Src/tim.c ****   {
 131:Core/Src/tim.c ****   /* USER CODE BEGIN TIM1_MspInit 0 */
 132:Core/Src/tim.c **** 
 133:Core/Src/tim.c ****   /* USER CODE END TIM1_MspInit 0 */
 134:Core/Src/tim.c ****     /* TIM1 clock enable */
 135:Core/Src/tim.c ****     __HAL_RCC_TIM1_CLK_ENABLE();
 358              		.loc 1 135 5
 359 0012 164B     		ldr	r3, .L20+4
 360 0014 9B69     		ldr	r3, [r3, #24]
 361 0016 154A     		ldr	r2, .L20+4
 362 0018 43F40063 		orr	r3, r3, #2048
 363 001c 9361     		str	r3, [r2, #24]
 364 001e 134B     		ldr	r3, .L20+4
 365 0020 9B69     		ldr	r3, [r3, #24]
 366 0022 03F40063 		and	r3, r3, #2048
 367 0026 FB60     		str	r3, [r7, #12]
 368 0028 FB68     		ldr	r3, [r7, #12]
 369              	.LBE2:
 136:Core/Src/tim.c **** 
 137:Core/Src/tim.c ****     /* TIM1 interrupt Init */
 138:Core/Src/tim.c ****     HAL_NVIC_SetPriority(TIM1_UP_IRQn, 1, 0);
 370              		.loc 1 138 5
 371 002a 0022     		movs	r2, #0
 372 002c 0121     		movs	r1, #1
 373 002e 1920     		movs	r0, #25
 374 0030 FFF7FEFF 		bl	HAL_NVIC_SetPriority
 139:Core/Src/tim.c ****     HAL_NVIC_EnableIRQ(TIM1_UP_IRQn);
 375              		.loc 1 139 5
ARM GAS  C:\Users\Lenovo\AppData\Local\Temp\ccdJheAA.s 			page 10


 376 0034 1920     		movs	r0, #25
 377 0036 FFF7FEFF 		bl	HAL_NVIC_EnableIRQ
 140:Core/Src/tim.c ****   /* USER CODE BEGIN TIM1_MspInit 1 */
 141:Core/Src/tim.c **** 
 142:Core/Src/tim.c ****   /* USER CODE END TIM1_MspInit 1 */
 143:Core/Src/tim.c ****   }
 144:Core/Src/tim.c ****   else if(tim_baseHandle->Instance==TIM2)
 145:Core/Src/tim.c ****   {
 146:Core/Src/tim.c ****   /* USER CODE BEGIN TIM2_MspInit 0 */
 147:Core/Src/tim.c **** 
 148:Core/Src/tim.c ****   /* USER CODE END TIM2_MspInit 0 */
 149:Core/Src/tim.c ****     /* TIM2 clock enable */
 150:Core/Src/tim.c ****     __HAL_RCC_TIM2_CLK_ENABLE();
 151:Core/Src/tim.c ****   /* USER CODE BEGIN TIM2_MspInit 1 */
 152:Core/Src/tim.c **** 
 153:Core/Src/tim.c ****   /* USER CODE END TIM2_MspInit 1 */
 154:Core/Src/tim.c ****   }
 155:Core/Src/tim.c **** }
 378              		.loc 1 155 1
 379 003a 10E0     		b	.L19
 380              	.L17:
 144:Core/Src/tim.c ****   {
 381              		.loc 1 144 25
 382 003c 7B68     		ldr	r3, [r7, #4]
 383 003e 1B68     		ldr	r3, [r3]
 144:Core/Src/tim.c ****   {
 384              		.loc 1 144 10
 385 0040 B3F1804F 		cmp	r3, #1073741824
 386 0044 0BD1     		bne	.L19
 387              	.LBB3:
 150:Core/Src/tim.c ****   /* USER CODE BEGIN TIM2_MspInit 1 */
 388              		.loc 1 150 5
 389 0046 094B     		ldr	r3, .L20+4
 390 0048 DB69     		ldr	r3, [r3, #28]
 391 004a 084A     		ldr	r2, .L20+4
 392 004c 43F00103 		orr	r3, r3, #1
 393 0050 D361     		str	r3, [r2, #28]
 394 0052 064B     		ldr	r3, .L20+4
 395 0054 DB69     		ldr	r3, [r3, #28]
 396 0056 03F00103 		and	r3, r3, #1
 397 005a BB60     		str	r3, [r7, #8]
 398 005c BB68     		ldr	r3, [r7, #8]
 399              	.L19:
 400              	.LBE3:
 401              		.loc 1 155 1
 402 005e 00BF     		nop
 403 0060 1037     		adds	r7, r7, #16
 404              	.LCFI13:
 405              		.cfi_def_cfa_offset 8
 406 0062 BD46     		mov	sp, r7
 407              	.LCFI14:
 408              		.cfi_def_cfa_register 13
 409              		@ sp needed
 410 0064 80BD     		pop	{r7, pc}
 411              	.L21:
 412 0066 00BF     		.align	2
 413              	.L20:
ARM GAS  C:\Users\Lenovo\AppData\Local\Temp\ccdJheAA.s 			page 11


 414 0068 002C0140 		.word	1073818624
 415 006c 00100240 		.word	1073876992
 416              		.cfi_endproc
 417              	.LFE67:
 419              		.section	.text.HAL_TIM_MspPostInit,"ax",%progbits
 420              		.align	1
 421              		.global	HAL_TIM_MspPostInit
 422              		.syntax unified
 423              		.thumb
 424              		.thumb_func
 426              	HAL_TIM_MspPostInit:
 427              	.LFB68:
 156:Core/Src/tim.c **** void HAL_TIM_MspPostInit(TIM_HandleTypeDef* timHandle)
 157:Core/Src/tim.c **** {
 428              		.loc 1 157 1
 429              		.cfi_startproc
 430              		@ args = 0, pretend = 0, frame = 32
 431              		@ frame_needed = 1, uses_anonymous_args = 0
 432 0000 80B5     		push	{r7, lr}
 433              	.LCFI15:
 434              		.cfi_def_cfa_offset 8
 435              		.cfi_offset 7, -8
 436              		.cfi_offset 14, -4
 437 0002 88B0     		sub	sp, sp, #32
 438              	.LCFI16:
 439              		.cfi_def_cfa_offset 40
 440 0004 00AF     		add	r7, sp, #0
 441              	.LCFI17:
 442              		.cfi_def_cfa_register 7
 443 0006 7860     		str	r0, [r7, #4]
 158:Core/Src/tim.c **** 
 159:Core/Src/tim.c ****   GPIO_InitTypeDef GPIO_InitStruct = {0};
 444              		.loc 1 159 20
 445 0008 07F10C03 		add	r3, r7, #12
 446 000c 0022     		movs	r2, #0
 447 000e 1A60     		str	r2, [r3]
 448 0010 5A60     		str	r2, [r3, #4]
 449 0012 9A60     		str	r2, [r3, #8]
 450 0014 DA60     		str	r2, [r3, #12]
 160:Core/Src/tim.c ****   if(timHandle->Instance==TIM2)
 451              		.loc 1 160 15
 452 0016 7B68     		ldr	r3, [r7, #4]
 453 0018 1B68     		ldr	r3, [r3]
 454              		.loc 1 160 5
 455 001a B3F1804F 		cmp	r3, #1073741824
 456 001e 29D1     		bne	.L24
 457              	.LBB4:
 161:Core/Src/tim.c ****   {
 162:Core/Src/tim.c ****   /* USER CODE BEGIN TIM2_MspPostInit 0 */
 163:Core/Src/tim.c **** 
 164:Core/Src/tim.c ****   /* USER CODE END TIM2_MspPostInit 0 */
 165:Core/Src/tim.c **** 
 166:Core/Src/tim.c ****     __HAL_RCC_GPIOB_CLK_ENABLE();
 458              		.loc 1 166 5
 459 0020 164B     		ldr	r3, .L25
 460 0022 9B69     		ldr	r3, [r3, #24]
 461 0024 154A     		ldr	r2, .L25
ARM GAS  C:\Users\Lenovo\AppData\Local\Temp\ccdJheAA.s 			page 12


 462 0026 43F00803 		orr	r3, r3, #8
 463 002a 9361     		str	r3, [r2, #24]
 464 002c 134B     		ldr	r3, .L25
 465 002e 9B69     		ldr	r3, [r3, #24]
 466 0030 03F00803 		and	r3, r3, #8
 467 0034 BB60     		str	r3, [r7, #8]
 468 0036 BB68     		ldr	r3, [r7, #8]
 469              	.LBE4:
 167:Core/Src/tim.c ****     /**TIM2 GPIO Configuration
 168:Core/Src/tim.c ****     PB3     ------> TIM2_CH2
 169:Core/Src/tim.c ****     */
 170:Core/Src/tim.c ****     GPIO_InitStruct.Pin = GPIO_PIN_3;
 470              		.loc 1 170 25
 471 0038 0823     		movs	r3, #8
 472 003a FB60     		str	r3, [r7, #12]
 171:Core/Src/tim.c ****     GPIO_InitStruct.Mode = GPIO_MODE_AF_PP;
 473              		.loc 1 171 26
 474 003c 0223     		movs	r3, #2
 475 003e 3B61     		str	r3, [r7, #16]
 172:Core/Src/tim.c ****     GPIO_InitStruct.Speed = GPIO_SPEED_FREQ_LOW;
 476              		.loc 1 172 27
 477 0040 0223     		movs	r3, #2
 478 0042 BB61     		str	r3, [r7, #24]
 173:Core/Src/tim.c ****     HAL_GPIO_Init(GPIOB, &GPIO_InitStruct);
 479              		.loc 1 173 5
 480 0044 07F10C03 		add	r3, r7, #12
 481 0048 1946     		mov	r1, r3
 482 004a 0D48     		ldr	r0, .L25+4
 483 004c FFF7FEFF 		bl	HAL_GPIO_Init
 484              	.LBB5:
 174:Core/Src/tim.c **** 
 175:Core/Src/tim.c ****     __HAL_AFIO_REMAP_TIM2_PARTIAL_1();
 485              		.loc 1 175 5
 486 0050 0C4B     		ldr	r3, .L25+8
 487 0052 5B68     		ldr	r3, [r3, #4]
 488 0054 FB61     		str	r3, [r7, #28]
 489 0056 FB69     		ldr	r3, [r7, #28]
 490 0058 23F44073 		bic	r3, r3, #768
 491 005c FB61     		str	r3, [r7, #28]
 492 005e FB69     		ldr	r3, [r7, #28]
 493 0060 43F0E063 		orr	r3, r3, #117440512
 494 0064 FB61     		str	r3, [r7, #28]
 495 0066 FB69     		ldr	r3, [r7, #28]
 496 0068 43F48073 		orr	r3, r3, #256
 497 006c FB61     		str	r3, [r7, #28]
 498 006e 054A     		ldr	r2, .L25+8
 499 0070 FB69     		ldr	r3, [r7, #28]
 500 0072 5360     		str	r3, [r2, #4]
 501              	.L24:
 502              	.LBE5:
 176:Core/Src/tim.c **** 
 177:Core/Src/tim.c ****   /* USER CODE BEGIN TIM2_MspPostInit 1 */
 178:Core/Src/tim.c **** 
 179:Core/Src/tim.c ****   /* USER CODE END TIM2_MspPostInit 1 */
 180:Core/Src/tim.c ****   }
 181:Core/Src/tim.c **** 
 182:Core/Src/tim.c **** }
ARM GAS  C:\Users\Lenovo\AppData\Local\Temp\ccdJheAA.s 			page 13


 503              		.loc 1 182 1
 504 0074 00BF     		nop
 505 0076 2037     		adds	r7, r7, #32
 506              	.LCFI18:
 507              		.cfi_def_cfa_offset 8
 508 0078 BD46     		mov	sp, r7
 509              	.LCFI19:
 510              		.cfi_def_cfa_register 13
 511              		@ sp needed
 512 007a 80BD     		pop	{r7, pc}
 513              	.L26:
 514              		.align	2
 515              	.L25:
 516 007c 00100240 		.word	1073876992
 517 0080 000C0140 		.word	1073810432
 518 0084 00000140 		.word	1073807360
 519              		.cfi_endproc
 520              	.LFE68:
 522              		.section	.text.HAL_TIM_Base_MspDeInit,"ax",%progbits
 523              		.align	1
 524              		.global	HAL_TIM_Base_MspDeInit
 525              		.syntax unified
 526              		.thumb
 527              		.thumb_func
 529              	HAL_TIM_Base_MspDeInit:
 530              	.LFB69:
 183:Core/Src/tim.c **** 
 184:Core/Src/tim.c **** void HAL_TIM_Base_MspDeInit(TIM_HandleTypeDef* tim_baseHandle)
 185:Core/Src/tim.c **** {
 531              		.loc 1 185 1
 532              		.cfi_startproc
 533              		@ args = 0, pretend = 0, frame = 8
 534              		@ frame_needed = 1, uses_anonymous_args = 0
 535 0000 80B5     		push	{r7, lr}
 536              	.LCFI20:
 537              		.cfi_def_cfa_offset 8
 538              		.cfi_offset 7, -8
 539              		.cfi_offset 14, -4
 540 0002 82B0     		sub	sp, sp, #8
 541              	.LCFI21:
 542              		.cfi_def_cfa_offset 16
 543 0004 00AF     		add	r7, sp, #0
 544              	.LCFI22:
 545              		.cfi_def_cfa_register 7
 546 0006 7860     		str	r0, [r7, #4]
 186:Core/Src/tim.c **** 
 187:Core/Src/tim.c ****   if(tim_baseHandle->Instance==TIM1)
 547              		.loc 1 187 20
 548 0008 7B68     		ldr	r3, [r7, #4]
 549 000a 1B68     		ldr	r3, [r3]
 550              		.loc 1 187 5
 551 000c 0D4A     		ldr	r2, .L31
 552 000e 9342     		cmp	r3, r2
 553 0010 09D1     		bne	.L28
 188:Core/Src/tim.c ****   {
 189:Core/Src/tim.c ****   /* USER CODE BEGIN TIM1_MspDeInit 0 */
 190:Core/Src/tim.c **** 
ARM GAS  C:\Users\Lenovo\AppData\Local\Temp\ccdJheAA.s 			page 14


 191:Core/Src/tim.c ****   /* USER CODE END TIM1_MspDeInit 0 */
 192:Core/Src/tim.c ****     /* Peripheral clock disable */
 193:Core/Src/tim.c ****     __HAL_RCC_TIM1_CLK_DISABLE();
 554              		.loc 1 193 5
 555 0012 0D4B     		ldr	r3, .L31+4
 556 0014 9B69     		ldr	r3, [r3, #24]
 557 0016 0C4A     		ldr	r2, .L31+4
 558 0018 23F40063 		bic	r3, r3, #2048
 559 001c 9361     		str	r3, [r2, #24]
 194:Core/Src/tim.c **** 
 195:Core/Src/tim.c ****     /* TIM1 interrupt Deinit */
 196:Core/Src/tim.c ****     HAL_NVIC_DisableIRQ(TIM1_UP_IRQn);
 560              		.loc 1 196 5
 561 001e 1920     		movs	r0, #25
 562 0020 FFF7FEFF 		bl	HAL_NVIC_DisableIRQ
 197:Core/Src/tim.c ****   /* USER CODE BEGIN TIM1_MspDeInit 1 */
 198:Core/Src/tim.c **** 
 199:Core/Src/tim.c ****   /* USER CODE END TIM1_MspDeInit 1 */
 200:Core/Src/tim.c ****   }
 201:Core/Src/tim.c ****   else if(tim_baseHandle->Instance==TIM2)
 202:Core/Src/tim.c ****   {
 203:Core/Src/tim.c ****   /* USER CODE BEGIN TIM2_MspDeInit 0 */
 204:Core/Src/tim.c **** 
 205:Core/Src/tim.c ****   /* USER CODE END TIM2_MspDeInit 0 */
 206:Core/Src/tim.c ****     /* Peripheral clock disable */
 207:Core/Src/tim.c ****     __HAL_RCC_TIM2_CLK_DISABLE();
 208:Core/Src/tim.c ****   /* USER CODE BEGIN TIM2_MspDeInit 1 */
 209:Core/Src/tim.c **** 
 210:Core/Src/tim.c ****   /* USER CODE END TIM2_MspDeInit 1 */
 211:Core/Src/tim.c ****   }
 212:Core/Src/tim.c **** }
 563              		.loc 1 212 1
 564 0024 0AE0     		b	.L30
 565              	.L28:
 201:Core/Src/tim.c ****   {
 566              		.loc 1 201 25
 567 0026 7B68     		ldr	r3, [r7, #4]
 568 0028 1B68     		ldr	r3, [r3]
 201:Core/Src/tim.c ****   {
 569              		.loc 1 201 10
 570 002a B3F1804F 		cmp	r3, #1073741824
 571 002e 05D1     		bne	.L30
 207:Core/Src/tim.c ****   /* USER CODE BEGIN TIM2_MspDeInit 1 */
 572              		.loc 1 207 5
 573 0030 054B     		ldr	r3, .L31+4
 574 0032 DB69     		ldr	r3, [r3, #28]
 575 0034 044A     		ldr	r2, .L31+4
 576 0036 23F00103 		bic	r3, r3, #1
 577 003a D361     		str	r3, [r2, #28]
 578              	.L30:
 579              		.loc 1 212 1
 580 003c 00BF     		nop
 581 003e 0837     		adds	r7, r7, #8
 582              	.LCFI23:
 583              		.cfi_def_cfa_offset 8
 584 0040 BD46     		mov	sp, r7
 585              	.LCFI24:
ARM GAS  C:\Users\Lenovo\AppData\Local\Temp\ccdJheAA.s 			page 15


 586              		.cfi_def_cfa_register 13
 587              		@ sp needed
 588 0042 80BD     		pop	{r7, pc}
 589              	.L32:
 590              		.align	2
 591              	.L31:
 592 0044 002C0140 		.word	1073818624
 593 0048 00100240 		.word	1073876992
 594              		.cfi_endproc
 595              	.LFE69:
 597              		.text
 598              	.Letext0:
 599              		.file 2 "Drivers/CMSIS/Device/ST/STM32F1xx/Include/stm32f103xe.h"
 600              		.file 3 "d:\\msys64\\mingw64\\arm-none-eabi\\include\\machine\\_default_types.h"
 601              		.file 4 "d:\\msys64\\mingw64\\arm-none-eabi\\include\\sys\\_stdint.h"
 602              		.file 5 "Drivers/STM32F1xx_HAL_Driver/Inc/stm32f1xx_hal_def.h"
 603              		.file 6 "Drivers/STM32F1xx_HAL_Driver/Inc/stm32f1xx_hal_gpio.h"
 604              		.file 7 "Drivers/STM32F1xx_HAL_Driver/Inc/stm32f1xx_hal_dma.h"
 605              		.file 8 "Drivers/STM32F1xx_HAL_Driver/Inc/stm32f1xx_hal_tim.h"
 606              		.file 9 "Core/Inc/tim.h"
 607              		.file 10 "Drivers/STM32F1xx_HAL_Driver/Inc/stm32f1xx_hal_cortex.h"
 608              		.file 11 "Drivers/STM32F1xx_HAL_Driver/Inc/stm32f1xx_hal_tim_ex.h"
 609              		.file 12 "Core/Inc/main.h"
ARM GAS  C:\Users\Lenovo\AppData\Local\Temp\ccdJheAA.s 			page 16


DEFINED SYMBOLS
                            *ABS*:0000000000000000 tim.c
C:\Users\Lenovo\AppData\Local\Temp\ccdJheAA.s:23     .bss.htim1:0000000000000000 htim1
C:\Users\Lenovo\AppData\Local\Temp\ccdJheAA.s:20     .bss.htim1:0000000000000000 $d
C:\Users\Lenovo\AppData\Local\Temp\ccdJheAA.s:30     .bss.htim2:0000000000000000 htim2
C:\Users\Lenovo\AppData\Local\Temp\ccdJheAA.s:27     .bss.htim2:0000000000000000 $d
C:\Users\Lenovo\AppData\Local\Temp\ccdJheAA.s:33     .text.MX_TIM1_Init:0000000000000000 $t
C:\Users\Lenovo\AppData\Local\Temp\ccdJheAA.s:39     .text.MX_TIM1_Init:0000000000000000 MX_TIM1_Init
C:\Users\Lenovo\AppData\Local\Temp\ccdJheAA.s:152    .text.MX_TIM1_Init:000000000000009c $d
C:\Users\Lenovo\AppData\Local\Temp\ccdJheAA.s:158    .text.MX_TIM2_Init:0000000000000000 $t
C:\Users\Lenovo\AppData\Local\Temp\ccdJheAA.s:164    .text.MX_TIM2_Init:0000000000000000 MX_TIM2_Init
C:\Users\Lenovo\AppData\Local\Temp\ccdJheAA.s:426    .text.HAL_TIM_MspPostInit:0000000000000000 HAL_TIM_MspPostInit
C:\Users\Lenovo\AppData\Local\Temp\ccdJheAA.s:321    .text.MX_TIM2_Init:00000000000000e8 $d
C:\Users\Lenovo\AppData\Local\Temp\ccdJheAA.s:326    .text.HAL_TIM_Base_MspInit:0000000000000000 $t
C:\Users\Lenovo\AppData\Local\Temp\ccdJheAA.s:332    .text.HAL_TIM_Base_MspInit:0000000000000000 HAL_TIM_Base_MspInit
C:\Users\Lenovo\AppData\Local\Temp\ccdJheAA.s:414    .text.HAL_TIM_Base_MspInit:0000000000000068 $d
C:\Users\Lenovo\AppData\Local\Temp\ccdJheAA.s:420    .text.HAL_TIM_MspPostInit:0000000000000000 $t
C:\Users\Lenovo\AppData\Local\Temp\ccdJheAA.s:516    .text.HAL_TIM_MspPostInit:000000000000007c $d
C:\Users\Lenovo\AppData\Local\Temp\ccdJheAA.s:523    .text.HAL_TIM_Base_MspDeInit:0000000000000000 $t
C:\Users\Lenovo\AppData\Local\Temp\ccdJheAA.s:529    .text.HAL_TIM_Base_MspDeInit:0000000000000000 HAL_TIM_Base_MspDeInit
C:\Users\Lenovo\AppData\Local\Temp\ccdJheAA.s:592    .text.HAL_TIM_Base_MspDeInit:0000000000000044 $d

UNDEFINED SYMBOLS
HAL_TIM_Base_Init
Error_Handler
HAL_TIM_ConfigClockSource
HAL_TIMEx_MasterConfigSynchronization
HAL_TIM_PWM_Init
HAL_TIM_PWM_ConfigChannel
HAL_NVIC_SetPriority
HAL_NVIC_EnableIRQ
HAL_GPIO_Init
HAL_NVIC_DisableIRQ
